[2022-03-26 12:43:25,737] {processor.py:163} INFO - Started process (PID=29) to work on /opt/airflow/dags/census_consumer_complaint.py
[2022-03-26 12:43:25,738] {processor.py:642} INFO - Processing file /opt/airflow/dags/census_consumer_complaint.py for tasks to queue
[2022-03-26 12:43:25,738] {logging_mixin.py:109} INFO - [2022-03-26 12:43:25,738] {dagbag.py:500} INFO - Filling up the DagBag from /opt/airflow/dags/census_consumer_complaint.py
[2022-03-26 12:43:31,786] {logging_mixin.py:109} INFO - [2022-03-26 12:43:31,786] {native_type_compatibility.py:248} INFO - Using Any for unsupported type: typing.Sequence[~T]
[2022-03-26 12:43:32,469] {logging_mixin.py:109} INFO - [2022-03-26 12:43:32,469] {native_type_compatibility.py:248} INFO - Using Any for unsupported type: typing.MutableMapping[str, typing.Any]
[2022-03-26 12:43:32,469] {logging_mixin.py:109} INFO - [2022-03-26 12:43:32,469] {native_type_compatibility.py:248} INFO - Using Any for unsupported type: typing.MutableMapping[str, typing.Any]
[2022-03-26 12:43:32,775] {logging_mixin.py:109} INFO - [2022-03-26 12:43:32,775] {model_util.py:46} INFO - tensorflow_ranking is not available: No module named 'tensorflow_ranking'
[2022-03-26 12:43:32,775] {logging_mixin.py:109} INFO - [2022-03-26 12:43:32,775] {model_util.py:51} INFO - tensorflow_text is not available: No module named 'tensorflow_text'
[2022-03-26 12:43:32,775] {logging_mixin.py:109} INFO - [2022-03-26 12:43:32,775] {model_util.py:56} INFO - tensorflow_decision_forests is not available: No module named 'tensorflow_decision_forests'
[2022-03-26 12:43:32,776] {logging_mixin.py:109} INFO - [2022-03-26 12:43:32,776] {model_util.py:61} INFO - struct2tensor is not available: No module named 'struct2tensor'
[2022-03-26 12:43:32,776] {logging_mixin.py:109} INFO - [2022-03-26 12:43:32,776] {native_type_compatibility.py:248} INFO - Using Any for unsupported type: typing.MutableMapping[str, typing.Any]
[2022-03-26 12:43:32,776] {logging_mixin.py:109} INFO - [2022-03-26 12:43:32,776] {native_type_compatibility.py:248} INFO - Using Any for unsupported type: typing.MutableMapping[str, typing.Any]
[2022-03-26 12:43:32,777] {logging_mixin.py:109} INFO - [2022-03-26 12:43:32,777] {native_type_compatibility.py:248} INFO - Using Any for unsupported type: typing.MutableMapping[str, typing.Any]
[2022-03-26 12:43:32,778] {logging_mixin.py:109} INFO - [2022-03-26 12:43:32,778] {native_type_compatibility.py:248} INFO - Using Any for unsupported type: typing.MutableMapping[str, typing.Any]
[2022-03-26 12:43:32,778] {logging_mixin.py:109} INFO - [2022-03-26 12:43:32,778] {native_type_compatibility.py:248} INFO - Using Any for unsupported type: typing.MutableMapping[str, typing.Any]
[2022-03-26 12:43:32,778] {logging_mixin.py:109} INFO - [2022-03-26 12:43:32,778] {native_type_compatibility.py:248} INFO - Using Any for unsupported type: typing.MutableMapping[str, typing.Any]
[2022-03-26 12:43:32,779] {logging_mixin.py:109} INFO - [2022-03-26 12:43:32,779] {native_type_compatibility.py:248} INFO - Using Any for unsupported type: typing.MutableMapping[str, typing.Any]
[2022-03-26 12:43:32,779] {logging_mixin.py:109} INFO - [2022-03-26 12:43:32,779] {native_type_compatibility.py:248} INFO - Using Any for unsupported type: typing.MutableMapping[str, typing.Any]
[2022-03-26 12:43:32,779] {logging_mixin.py:109} INFO - [2022-03-26 12:43:32,779] {native_type_compatibility.py:248} INFO - Using Any for unsupported type: typing.MutableMapping[str, typing.Any]
[2022-03-26 12:43:32,780] {logging_mixin.py:109} INFO - [2022-03-26 12:43:32,780] {native_type_compatibility.py:248} INFO - Using Any for unsupported type: typing.MutableMapping[str, typing.Any]
[2022-03-26 12:43:32,780] {logging_mixin.py:109} INFO - [2022-03-26 12:43:32,780] {native_type_compatibility.py:248} INFO - Using Any for unsupported type: typing.MutableMapping[str, typing.Any]
[2022-03-26 12:43:32,781] {logging_mixin.py:109} INFO - [2022-03-26 12:43:32,781] {native_type_compatibility.py:248} INFO - Using Any for unsupported type: typing.MutableMapping[str, typing.Any]
[2022-03-26 12:43:32,781] {logging_mixin.py:109} INFO - [2022-03-26 12:43:32,781] {native_type_compatibility.py:248} INFO - Using Any for unsupported type: typing.MutableMapping[str, typing.Any]
[2022-03-26 12:43:32,782] {logging_mixin.py:109} INFO - [2022-03-26 12:43:32,782] {native_type_compatibility.py:248} INFO - Using Any for unsupported type: typing.MutableMapping[str, typing.Any]
[2022-03-26 12:43:32,782] {logging_mixin.py:109} INFO - [2022-03-26 12:43:32,782] {native_type_compatibility.py:248} INFO - Using Any for unsupported type: typing.MutableMapping[str, typing.Any]
[2022-03-26 12:43:32,783] {logging_mixin.py:109} INFO - [2022-03-26 12:43:32,783] {native_type_compatibility.py:248} INFO - Using Any for unsupported type: typing.MutableMapping[str, typing.Any]
[2022-03-26 12:43:32,784] {logging_mixin.py:109} INFO - [2022-03-26 12:43:32,784] {native_type_compatibility.py:248} INFO - Using Any for unsupported type: typing.MutableMapping[str, typing.Any]
[2022-03-26 12:43:32,784] {logging_mixin.py:109} INFO - [2022-03-26 12:43:32,784] {native_type_compatibility.py:248} INFO - Using Any for unsupported type: typing.MutableMapping[str, typing.Any]
[2022-03-26 12:43:32,785] {logging_mixin.py:109} INFO - [2022-03-26 12:43:32,785] {native_type_compatibility.py:248} INFO - Using Any for unsupported type: typing.MutableMapping[str, typing.Any]
[2022-03-26 12:43:32,785] {logging_mixin.py:109} INFO - [2022-03-26 12:43:32,785] {native_type_compatibility.py:248} INFO - Using Any for unsupported type: typing.MutableMapping[str, typing.Any]
[2022-03-26 12:43:32,785] {logging_mixin.py:109} INFO - [2022-03-26 12:43:32,785] {native_type_compatibility.py:248} INFO - Using Any for unsupported type: typing.MutableMapping[str, typing.Any]
[2022-03-26 12:43:32,785] {logging_mixin.py:109} INFO - [2022-03-26 12:43:32,785] {native_type_compatibility.py:248} INFO - Using Any for unsupported type: typing.MutableMapping[str, typing.Any]
[2022-03-26 12:43:32,786] {logging_mixin.py:109} INFO - [2022-03-26 12:43:32,786] {native_type_compatibility.py:248} INFO - Using Any for unsupported type: typing.MutableMapping[str, typing.Any]
[2022-03-26 12:43:32,786] {logging_mixin.py:109} INFO - [2022-03-26 12:43:32,786] {native_type_compatibility.py:248} INFO - Using Any for unsupported type: typing.MutableMapping[str, typing.Any]
[2022-03-26 12:43:32,789] {logging_mixin.py:109} INFO - [2022-03-26 12:43:32,789] {native_type_compatibility.py:248} INFO - Using Any for unsupported type: typing.MutableMapping[str, typing.Any]
[2022-03-26 12:43:32,790] {logging_mixin.py:109} INFO - [2022-03-26 12:43:32,790] {native_type_compatibility.py:248} INFO - Using Any for unsupported type: typing.MutableMapping[str, typing.Any]
[2022-03-26 12:43:32,791] {logging_mixin.py:109} INFO - [2022-03-26 12:43:32,791] {native_type_compatibility.py:248} INFO - Using Any for unsupported type: typing.MutableMapping[str, typing.Any]
[2022-03-26 12:43:32,791] {logging_mixin.py:109} INFO - [2022-03-26 12:43:32,791] {native_type_compatibility.py:248} INFO - Using Any for unsupported type: typing.MutableMapping[str, typing.Any]
[2022-03-26 12:43:32,792] {logging_mixin.py:109} INFO - [2022-03-26 12:43:32,792] {native_type_compatibility.py:248} INFO - Using Any for unsupported type: typing.MutableMapping[str, typing.Any]
[2022-03-26 12:43:32,793] {logging_mixin.py:109} INFO - [2022-03-26 12:43:32,793] {native_type_compatibility.py:248} INFO - Using Any for unsupported type: typing.MutableMapping[str, typing.Any]
[2022-03-26 12:43:32,793] {logging_mixin.py:109} INFO - [2022-03-26 12:43:32,793] {native_type_compatibility.py:248} INFO - Using Any for unsupported type: typing.MutableMapping[str, typing.Any]
[2022-03-26 12:43:32,794] {logging_mixin.py:109} INFO - [2022-03-26 12:43:32,794] {native_type_compatibility.py:248} INFO - Using Any for unsupported type: typing.MutableMapping[str, typing.Any]
[2022-03-26 12:43:32,794] {logging_mixin.py:109} INFO - [2022-03-26 12:43:32,794] {native_type_compatibility.py:248} INFO - Using Any for unsupported type: typing.MutableMapping[str, typing.Any]
[2022-03-26 12:43:32,795] {logging_mixin.py:109} INFO - [2022-03-26 12:43:32,795] {native_type_compatibility.py:248} INFO - Using Any for unsupported type: typing.MutableMapping[str, typing.Any]
[2022-03-26 12:43:32,797] {logging_mixin.py:109} INFO - [2022-03-26 12:43:32,797] {native_type_compatibility.py:248} INFO - Using Any for unsupported type: typing.MutableMapping[str, typing.Any]
[2022-03-26 12:43:32,798] {logging_mixin.py:109} INFO - [2022-03-26 12:43:32,798] {native_type_compatibility.py:248} INFO - Using Any for unsupported type: typing.MutableMapping[str, typing.Any]
[2022-03-26 12:43:32,801] {logging_mixin.py:109} INFO - [2022-03-26 12:43:32,801] {native_type_compatibility.py:248} INFO - Using Any for unsupported type: typing.MutableMapping[str, typing.Any]
[2022-03-26 12:43:32,834] {logging_mixin.py:109} INFO - [2022-03-26 12:43:32,833] {native_type_compatibility.py:248} INFO - Using Any for unsupported type: typing.MutableMapping[str, typing.Any]
[2022-03-26 12:43:32,834] {logging_mixin.py:109} INFO - [2022-03-26 12:43:32,834] {native_type_compatibility.py:248} INFO - Using Any for unsupported type: typing.MutableMapping[str, typing.Any]
[2022-03-26 12:43:32,840] {logging_mixin.py:109} INFO - [2022-03-26 12:43:32,840] {native_type_compatibility.py:248} INFO - Using Any for unsupported type: typing.MutableMapping[str, typing.Any]
[2022-03-26 12:43:32,840] {logging_mixin.py:109} INFO - [2022-03-26 12:43:32,840] {native_type_compatibility.py:248} INFO - Using Any for unsupported type: typing.MutableMapping[str, typing.Any]
[2022-03-26 12:43:32,841] {logging_mixin.py:109} INFO - [2022-03-26 12:43:32,841] {native_type_compatibility.py:248} INFO - Using Any for unsupported type: typing.MutableMapping[str, typing.Any]
[2022-03-26 12:43:32,842] {logging_mixin.py:109} INFO - [2022-03-26 12:43:32,842] {native_type_compatibility.py:248} INFO - Using Any for unsupported type: typing.MutableMapping[str, typing.Any]
[2022-03-26 12:43:32,842] {logging_mixin.py:109} INFO - [2022-03-26 12:43:32,842] {native_type_compatibility.py:248} INFO - Using Any for unsupported type: typing.MutableMapping[str, typing.Any]
[2022-03-26 12:43:32,843] {logging_mixin.py:109} INFO - [2022-03-26 12:43:32,843] {native_type_compatibility.py:248} INFO - Using Any for unsupported type: typing.MutableMapping[str, typing.Any]
[2022-03-26 12:43:32,843] {logging_mixin.py:109} INFO - [2022-03-26 12:43:32,843] {native_type_compatibility.py:248} INFO - Using Any for unsupported type: typing.MutableMapping[str, typing.Any]
[2022-03-26 12:43:32,844] {logging_mixin.py:109} INFO - [2022-03-26 12:43:32,844] {native_type_compatibility.py:248} INFO - Using Any for unsupported type: typing.MutableMapping[str, typing.Any]
[2022-03-26 12:43:32,844] {logging_mixin.py:109} INFO - [2022-03-26 12:43:32,844] {native_type_compatibility.py:248} INFO - Using Any for unsupported type: typing.MutableMapping[str, typing.Any]
[2022-03-26 12:43:32,845] {logging_mixin.py:109} INFO - [2022-03-26 12:43:32,845] {native_type_compatibility.py:248} INFO - Using Any for unsupported type: typing.MutableMapping[str, typing.Any]
[2022-03-26 12:43:32,845] {logging_mixin.py:109} INFO - [2022-03-26 12:43:32,845] {native_type_compatibility.py:248} INFO - Using Any for unsupported type: typing.MutableMapping[str, typing.Any]
[2022-03-26 12:43:32,846] {logging_mixin.py:109} INFO - [2022-03-26 12:43:32,846] {native_type_compatibility.py:248} INFO - Using Any for unsupported type: typing.MutableMapping[str, typing.Any]
[2022-03-26 12:43:32,846] {logging_mixin.py:109} INFO - [2022-03-26 12:43:32,846] {native_type_compatibility.py:248} INFO - Using Any for unsupported type: typing.MutableMapping[str, typing.Any]
[2022-03-26 12:43:32,846] {logging_mixin.py:109} INFO - [2022-03-26 12:43:32,846] {native_type_compatibility.py:248} INFO - Using Any for unsupported type: typing.MutableMapping[str, typing.Any]
[2022-03-26 12:43:32,847] {logging_mixin.py:109} INFO - [2022-03-26 12:43:32,847] {native_type_compatibility.py:248} INFO - Using Any for unsupported type: typing.MutableMapping[str, typing.Any]
[2022-03-26 12:43:32,847] {logging_mixin.py:109} INFO - [2022-03-26 12:43:32,847] {native_type_compatibility.py:248} INFO - Using Any for unsupported type: typing.MutableMapping[str, typing.Any]
[2022-03-26 12:43:32,847] {logging_mixin.py:109} INFO - [2022-03-26 12:43:32,847] {native_type_compatibility.py:248} INFO - Using Any for unsupported type: typing.MutableMapping[str, typing.Any]
[2022-03-26 12:43:32,848] {logging_mixin.py:109} INFO - [2022-03-26 12:43:32,848] {native_type_compatibility.py:248} INFO - Using Any for unsupported type: typing.MutableMapping[str, typing.Any]
[2022-03-26 12:43:32,848] {logging_mixin.py:109} INFO - [2022-03-26 12:43:32,848] {native_type_compatibility.py:248} INFO - Using Any for unsupported type: typing.MutableMapping[str, typing.Any]
[2022-03-26 12:43:32,849] {logging_mixin.py:109} INFO - [2022-03-26 12:43:32,848] {native_type_compatibility.py:248} INFO - Using Any for unsupported type: typing.MutableMapping[str, typing.Any]
[2022-03-26 12:43:32,849] {logging_mixin.py:109} INFO - [2022-03-26 12:43:32,849] {native_type_compatibility.py:248} INFO - Using Any for unsupported type: typing.MutableMapping[str, typing.Any]
[2022-03-26 12:43:33,281] {logging_mixin.py:109} INFO - [2022-03-26 12:43:33,281] {native_type_compatibility.py:248} INFO - Using Any for unsupported type: typing.MutableMapping[str, typing.Any]
[2022-03-26 12:43:33,281] {logging_mixin.py:109} INFO - [2022-03-26 12:43:33,281] {native_type_compatibility.py:248} INFO - Using Any for unsupported type: typing.MutableMapping[str, typing.Any]
[2022-03-26 12:43:33,282] {logging_mixin.py:109} INFO - [2022-03-26 12:43:33,282] {native_type_compatibility.py:248} INFO - Using Any for unsupported type: typing.MutableMapping[str, typing.Any]
[2022-03-26 12:43:33,282] {logging_mixin.py:109} INFO - [2022-03-26 12:43:33,282] {native_type_compatibility.py:248} INFO - Using Any for unsupported type: typing.MutableMapping[str, typing.Any]
[2022-03-26 12:43:33,283] {logging_mixin.py:109} INFO - [2022-03-26 12:43:33,283] {native_type_compatibility.py:248} INFO - Using Any for unsupported type: typing.MutableMapping[str, typing.Any]
[2022-03-26 12:43:33,284] {logging_mixin.py:109} INFO - [2022-03-26 12:43:33,284] {native_type_compatibility.py:248} INFO - Using Any for unsupported type: typing.MutableMapping[str, typing.Any]
[2022-03-26 12:43:33,284] {logging_mixin.py:109} INFO - [2022-03-26 12:43:33,284] {native_type_compatibility.py:248} INFO - Using Any for unsupported type: typing.MutableMapping[str, typing.Any]
[2022-03-26 12:43:33,285] {logging_mixin.py:109} INFO - [2022-03-26 12:43:33,285] {native_type_compatibility.py:248} INFO - Using Any for unsupported type: typing.MutableMapping[str, typing.Any]
[2022-03-26 12:43:33,293] {logging_mixin.py:109} INFO - [2022-03-26 12:43:33,293] {native_type_compatibility.py:248} INFO - Using Any for unsupported type: typing.MutableMapping[str, typing.Any]
[2022-03-26 12:43:33,294] {logging_mixin.py:109} INFO - [2022-03-26 12:43:33,294] {native_type_compatibility.py:248} INFO - Using Any for unsupported type: typing.MutableMapping[str, typing.Any]
[2022-03-26 12:43:33,294] {logging_mixin.py:109} INFO - [2022-03-26 12:43:33,294] {native_type_compatibility.py:248} INFO - Using Any for unsupported type: typing.MutableMapping[str, typing.Any]
[2022-03-26 12:43:33,294] {logging_mixin.py:109} INFO - [2022-03-26 12:43:33,294] {native_type_compatibility.py:248} INFO - Using Any for unsupported type: typing.MutableMapping[str, typing.Any]
[2022-03-26 12:43:33,305] {logging_mixin.py:109} INFO - [2022-03-26 12:43:33,305] {executor.py:43} INFO - tensorflow_text is not available: No module named 'tensorflow_text'
[2022-03-26 12:43:34,043] {logging_mixin.py:109} INFO - [2022-03-26 12:43:34,043] {component.py:78} INFO - Excluding no splits because exclude_splits is not set.
[2022-03-26 12:43:34,043] {logging_mixin.py:109} INFO - [2022-03-26 12:43:34,043] {component.py:81} INFO - Excluding no splits because exclude_splits is not set.
[2022-03-26 12:43:34,044] {logging_mixin.py:109} INFO - [2022-03-26 12:43:34,044] {component.py:80} INFO - Excluding no splits because exclude_splits is not set.
[2022-03-26 12:43:34,044] {logging_mixin.py:109} INFO - [2022-03-26 12:43:34,044] {component.py:176} WARNING - `custom_executor_spec` is deprecated. Please customize component directly.
[2022-03-26 12:43:34,044] {logging_mixin.py:109} INFO - [2022-03-26 12:43:34,044] {component.py:180} WARNING - `transformed_examples` is deprecated. Please use `examples` instead.
[2022-03-26 12:43:34,083] {logging_mixin.py:109} INFO - save model dir:/opt/airflow/census_consumer_complaint_data/saved_models
[2022-03-26 12:43:34,086] {logging_mixin.py:109} INFO - [2022-03-26 12:43:34,086] {udf_utils.py:233} INFO - Generating ephemeral wheel package for '/home/airflow/.local/lib/python3.7/site-packages/census_consumer_complaint_component/feature_engineering/feature_engineering.py' (including modules: ['feature_engineering']).
[2022-03-26 12:43:34,086] {logging_mixin.py:109} INFO - [2022-03-26 12:43:34,086] {udf_utils.py:237} INFO - User module package has hash fingerprint version a771a9c4e311edd1189745bf9146b2281be3b819e63daa8f4d2f6d881acc99c9.
[2022-03-26 12:43:34,086] {logging_mixin.py:109} INFO - [2022-03-26 12:43:34,086] {udf_utils.py:251} INFO - Executing: ['/usr/local/bin/python', '/tmp/tmp2y5i6jro/_tfx_generated_setup.py', 'bdist_wheel', '--bdist-dir', '/tmp/tmp8_cpj6n0', '--dist-dir', '/tmp/tmp4ib2lig1']
[2022-03-26 12:43:34,746] {logging_mixin.py:109} INFO - [2022-03-26 12:43:34,746] {udf_utils.py:272} INFO - Successfully built user code wheel distribution at '/opt/airflow/census_consumer_complaint_data/census_consumer_complaint/artifact/_wheels/tfx_user_code_Transform-0.0+a771a9c4e311edd1189745bf9146b2281be3b819e63daa8f4d2f6d881acc99c9-py3-none-any.whl'; target user module is 'feature_engineering'.
[2022-03-26 12:43:34,746] {logging_mixin.py:109} INFO - [2022-03-26 12:43:34,746] {udf_utils.py:279} INFO - Full user module path is 'feature_engineering@/opt/airflow/census_consumer_complaint_data/census_consumer_complaint/artifact/_wheels/tfx_user_code_Transform-0.0+a771a9c4e311edd1189745bf9146b2281be3b819e63daa8f4d2f6d881acc99c9-py3-none-any.whl'
[2022-03-26 12:43:34,747] {logging_mixin.py:109} INFO - [2022-03-26 12:43:34,747] {udf_utils.py:233} INFO - Generating ephemeral wheel package for '/home/airflow/.local/lib/python3.7/site-packages/census_consumer_complaint_component/model_training/trainer.py' (including modules: ['trainer']).
[2022-03-26 12:43:34,747] {logging_mixin.py:109} INFO - [2022-03-26 12:43:34,747] {udf_utils.py:237} INFO - User module package has hash fingerprint version 7d38a8f688a527b8a8904485f99d6148d714a43b7d0dce30e3cd107e531e97d0.
[2022-03-26 12:43:34,747] {logging_mixin.py:109} INFO - [2022-03-26 12:43:34,747] {udf_utils.py:251} INFO - Executing: ['/usr/local/bin/python', '/tmp/tmpto8p6xue/_tfx_generated_setup.py', 'bdist_wheel', '--bdist-dir', '/tmp/tmpkesaq4tx', '--dist-dir', '/tmp/tmpe82qdp0l']
[2022-03-26 12:43:35,384] {logging_mixin.py:109} INFO - [2022-03-26 12:43:35,384] {udf_utils.py:272} INFO - Successfully built user code wheel distribution at '/opt/airflow/census_consumer_complaint_data/census_consumer_complaint/artifact/_wheels/tfx_user_code_Trainer-0.0+7d38a8f688a527b8a8904485f99d6148d714a43b7d0dce30e3cd107e531e97d0-py3-none-any.whl'; target user module is 'trainer'.
[2022-03-26 12:43:35,384] {logging_mixin.py:109} INFO - [2022-03-26 12:43:35,384] {udf_utils.py:279} INFO - Full user module path is 'trainer@/opt/airflow/census_consumer_complaint_data/census_consumer_complaint/artifact/_wheels/tfx_user_code_Trainer-0.0+7d38a8f688a527b8a8904485f99d6148d714a43b7d0dce30e3cd107e531e97d0-py3-none-any.whl'
[2022-03-26 12:43:35,395] {processor.py:654} INFO - DAG(s) dict_keys(['census_consumer_complaint']) retrieved from /opt/airflow/dags/census_consumer_complaint.py
[2022-03-26 12:43:35,400] {logging_mixin.py:109} INFO - [2022-03-26 12:43:35,400] {dag.py:2398} INFO - Sync 1 DAGs
[2022-03-26 12:43:35,409] {logging_mixin.py:109} INFO - [2022-03-26 12:43:35,409] {dag.py:2937} INFO - Setting next_dagrun for census_consumer_complaint to 2022-03-26T00:00:00+00:00
[2022-03-26 12:43:35,413] {processor.py:171} INFO - Processing /opt/airflow/dags/census_consumer_complaint.py took 9.678 seconds
[2022-03-26 12:44:06,181] {processor.py:163} INFO - Started process (PID=155) to work on /opt/airflow/dags/census_consumer_complaint.py
[2022-03-26 12:44:06,184] {processor.py:642} INFO - Processing file /opt/airflow/dags/census_consumer_complaint.py for tasks to queue
[2022-03-26 12:44:06,184] {logging_mixin.py:109} INFO - [2022-03-26 12:44:06,184] {dagbag.py:500} INFO - Filling up the DagBag from /opt/airflow/dags/census_consumer_complaint.py
[2022-03-26 12:44:08,879] {logging_mixin.py:109} INFO - [2022-03-26 12:44:08,878] {native_type_compatibility.py:248} INFO - Using Any for unsupported type: typing.Sequence[~T]
[2022-03-26 12:44:09,098] {logging_mixin.py:109} INFO - [2022-03-26 12:44:09,098] {native_type_compatibility.py:248} INFO - Using Any for unsupported type: typing.MutableMapping[str, typing.Any]
[2022-03-26 12:44:09,099] {logging_mixin.py:109} INFO - [2022-03-26 12:44:09,099] {native_type_compatibility.py:248} INFO - Using Any for unsupported type: typing.MutableMapping[str, typing.Any]
[2022-03-26 12:44:09,256] {logging_mixin.py:109} INFO - [2022-03-26 12:44:09,256] {model_util.py:46} INFO - tensorflow_ranking is not available: No module named 'tensorflow_ranking'
[2022-03-26 12:44:09,256] {logging_mixin.py:109} INFO - [2022-03-26 12:44:09,256] {model_util.py:51} INFO - tensorflow_text is not available: No module named 'tensorflow_text'
[2022-03-26 12:44:09,256] {logging_mixin.py:109} INFO - [2022-03-26 12:44:09,256] {model_util.py:56} INFO - tensorflow_decision_forests is not available: No module named 'tensorflow_decision_forests'
[2022-03-26 12:44:09,257] {logging_mixin.py:109} INFO - [2022-03-26 12:44:09,257] {model_util.py:61} INFO - struct2tensor is not available: No module named 'struct2tensor'
[2022-03-26 12:44:09,258] {logging_mixin.py:109} INFO - [2022-03-26 12:44:09,258] {native_type_compatibility.py:248} INFO - Using Any for unsupported type: typing.MutableMapping[str, typing.Any]
[2022-03-26 12:44:09,258] {logging_mixin.py:109} INFO - [2022-03-26 12:44:09,258] {native_type_compatibility.py:248} INFO - Using Any for unsupported type: typing.MutableMapping[str, typing.Any]
[2022-03-26 12:44:09,259] {logging_mixin.py:109} INFO - [2022-03-26 12:44:09,259] {native_type_compatibility.py:248} INFO - Using Any for unsupported type: typing.MutableMapping[str, typing.Any]
[2022-03-26 12:44:09,259] {logging_mixin.py:109} INFO - [2022-03-26 12:44:09,259] {native_type_compatibility.py:248} INFO - Using Any for unsupported type: typing.MutableMapping[str, typing.Any]
[2022-03-26 12:44:09,259] {logging_mixin.py:109} INFO - [2022-03-26 12:44:09,259] {native_type_compatibility.py:248} INFO - Using Any for unsupported type: typing.MutableMapping[str, typing.Any]
[2022-03-26 12:44:09,259] {logging_mixin.py:109} INFO - [2022-03-26 12:44:09,259] {native_type_compatibility.py:248} INFO - Using Any for unsupported type: typing.MutableMapping[str, typing.Any]
[2022-03-26 12:44:09,260] {logging_mixin.py:109} INFO - [2022-03-26 12:44:09,260] {native_type_compatibility.py:248} INFO - Using Any for unsupported type: typing.MutableMapping[str, typing.Any]
[2022-03-26 12:44:09,260] {logging_mixin.py:109} INFO - [2022-03-26 12:44:09,260] {native_type_compatibility.py:248} INFO - Using Any for unsupported type: typing.MutableMapping[str, typing.Any]
[2022-03-26 12:44:09,260] {logging_mixin.py:109} INFO - [2022-03-26 12:44:09,260] {native_type_compatibility.py:248} INFO - Using Any for unsupported type: typing.MutableMapping[str, typing.Any]
[2022-03-26 12:44:09,260] {logging_mixin.py:109} INFO - [2022-03-26 12:44:09,260] {native_type_compatibility.py:248} INFO - Using Any for unsupported type: typing.MutableMapping[str, typing.Any]
[2022-03-26 12:44:09,261] {logging_mixin.py:109} INFO - [2022-03-26 12:44:09,261] {native_type_compatibility.py:248} INFO - Using Any for unsupported type: typing.MutableMapping[str, typing.Any]
[2022-03-26 12:44:09,261] {logging_mixin.py:109} INFO - [2022-03-26 12:44:09,261] {native_type_compatibility.py:248} INFO - Using Any for unsupported type: typing.MutableMapping[str, typing.Any]
[2022-03-26 12:44:09,261] {logging_mixin.py:109} INFO - [2022-03-26 12:44:09,261] {native_type_compatibility.py:248} INFO - Using Any for unsupported type: typing.MutableMapping[str, typing.Any]
[2022-03-26 12:44:09,262] {logging_mixin.py:109} INFO - [2022-03-26 12:44:09,261] {native_type_compatibility.py:248} INFO - Using Any for unsupported type: typing.MutableMapping[str, typing.Any]
[2022-03-26 12:44:09,262] {logging_mixin.py:109} INFO - [2022-03-26 12:44:09,262] {native_type_compatibility.py:248} INFO - Using Any for unsupported type: typing.MutableMapping[str, typing.Any]
[2022-03-26 12:44:09,262] {logging_mixin.py:109} INFO - [2022-03-26 12:44:09,262] {native_type_compatibility.py:248} INFO - Using Any for unsupported type: typing.MutableMapping[str, typing.Any]
[2022-03-26 12:44:09,263] {logging_mixin.py:109} INFO - [2022-03-26 12:44:09,263] {native_type_compatibility.py:248} INFO - Using Any for unsupported type: typing.MutableMapping[str, typing.Any]
[2022-03-26 12:44:09,263] {logging_mixin.py:109} INFO - [2022-03-26 12:44:09,263] {native_type_compatibility.py:248} INFO - Using Any for unsupported type: typing.MutableMapping[str, typing.Any]
[2022-03-26 12:44:09,264] {logging_mixin.py:109} INFO - [2022-03-26 12:44:09,263] {native_type_compatibility.py:248} INFO - Using Any for unsupported type: typing.MutableMapping[str, typing.Any]
[2022-03-26 12:44:09,264] {logging_mixin.py:109} INFO - [2022-03-26 12:44:09,264] {native_type_compatibility.py:248} INFO - Using Any for unsupported type: typing.MutableMapping[str, typing.Any]
[2022-03-26 12:44:09,264] {logging_mixin.py:109} INFO - [2022-03-26 12:44:09,264] {native_type_compatibility.py:248} INFO - Using Any for unsupported type: typing.MutableMapping[str, typing.Any]
[2022-03-26 12:44:09,264] {logging_mixin.py:109} INFO - [2022-03-26 12:44:09,264] {native_type_compatibility.py:248} INFO - Using Any for unsupported type: typing.MutableMapping[str, typing.Any]
[2022-03-26 12:44:09,264] {logging_mixin.py:109} INFO - [2022-03-26 12:44:09,264] {native_type_compatibility.py:248} INFO - Using Any for unsupported type: typing.MutableMapping[str, typing.Any]
[2022-03-26 12:44:09,265] {logging_mixin.py:109} INFO - [2022-03-26 12:44:09,265] {native_type_compatibility.py:248} INFO - Using Any for unsupported type: typing.MutableMapping[str, typing.Any]
[2022-03-26 12:44:09,266] {logging_mixin.py:109} INFO - [2022-03-26 12:44:09,266] {native_type_compatibility.py:248} INFO - Using Any for unsupported type: typing.MutableMapping[str, typing.Any]
[2022-03-26 12:44:09,266] {logging_mixin.py:109} INFO - [2022-03-26 12:44:09,266] {native_type_compatibility.py:248} INFO - Using Any for unsupported type: typing.MutableMapping[str, typing.Any]
[2022-03-26 12:44:09,267] {logging_mixin.py:109} INFO - [2022-03-26 12:44:09,267] {native_type_compatibility.py:248} INFO - Using Any for unsupported type: typing.MutableMapping[str, typing.Any]
[2022-03-26 12:44:09,267] {logging_mixin.py:109} INFO - [2022-03-26 12:44:09,267] {native_type_compatibility.py:248} INFO - Using Any for unsupported type: typing.MutableMapping[str, typing.Any]
[2022-03-26 12:44:09,267] {logging_mixin.py:109} INFO - [2022-03-26 12:44:09,267] {native_type_compatibility.py:248} INFO - Using Any for unsupported type: typing.MutableMapping[str, typing.Any]
[2022-03-26 12:44:09,268] {logging_mixin.py:109} INFO - [2022-03-26 12:44:09,268] {native_type_compatibility.py:248} INFO - Using Any for unsupported type: typing.MutableMapping[str, typing.Any]
[2022-03-26 12:44:09,268] {logging_mixin.py:109} INFO - [2022-03-26 12:44:09,268] {native_type_compatibility.py:248} INFO - Using Any for unsupported type: typing.MutableMapping[str, typing.Any]
[2022-03-26 12:44:09,269] {logging_mixin.py:109} INFO - [2022-03-26 12:44:09,269] {native_type_compatibility.py:248} INFO - Using Any for unsupported type: typing.MutableMapping[str, typing.Any]
[2022-03-26 12:44:09,269] {logging_mixin.py:109} INFO - [2022-03-26 12:44:09,269] {native_type_compatibility.py:248} INFO - Using Any for unsupported type: typing.MutableMapping[str, typing.Any]
[2022-03-26 12:44:09,269] {logging_mixin.py:109} INFO - [2022-03-26 12:44:09,269] {native_type_compatibility.py:248} INFO - Using Any for unsupported type: typing.MutableMapping[str, typing.Any]
[2022-03-26 12:44:09,271] {logging_mixin.py:109} INFO - [2022-03-26 12:44:09,271] {native_type_compatibility.py:248} INFO - Using Any for unsupported type: typing.MutableMapping[str, typing.Any]
[2022-03-26 12:44:09,272] {logging_mixin.py:109} INFO - [2022-03-26 12:44:09,272] {native_type_compatibility.py:248} INFO - Using Any for unsupported type: typing.MutableMapping[str, typing.Any]
[2022-03-26 12:44:09,274] {logging_mixin.py:109} INFO - [2022-03-26 12:44:09,273] {native_type_compatibility.py:248} INFO - Using Any for unsupported type: typing.MutableMapping[str, typing.Any]
[2022-03-26 12:44:09,290] {logging_mixin.py:109} INFO - [2022-03-26 12:44:09,290] {native_type_compatibility.py:248} INFO - Using Any for unsupported type: typing.MutableMapping[str, typing.Any]
[2022-03-26 12:44:09,291] {logging_mixin.py:109} INFO - [2022-03-26 12:44:09,291] {native_type_compatibility.py:248} INFO - Using Any for unsupported type: typing.MutableMapping[str, typing.Any]
[2022-03-26 12:44:09,295] {logging_mixin.py:109} INFO - [2022-03-26 12:44:09,295] {native_type_compatibility.py:248} INFO - Using Any for unsupported type: typing.MutableMapping[str, typing.Any]
[2022-03-26 12:44:09,295] {logging_mixin.py:109} INFO - [2022-03-26 12:44:09,295] {native_type_compatibility.py:248} INFO - Using Any for unsupported type: typing.MutableMapping[str, typing.Any]
[2022-03-26 12:44:09,296] {logging_mixin.py:109} INFO - [2022-03-26 12:44:09,296] {native_type_compatibility.py:248} INFO - Using Any for unsupported type: typing.MutableMapping[str, typing.Any]
[2022-03-26 12:44:09,296] {logging_mixin.py:109} INFO - [2022-03-26 12:44:09,296] {native_type_compatibility.py:248} INFO - Using Any for unsupported type: typing.MutableMapping[str, typing.Any]
[2022-03-26 12:44:09,296] {logging_mixin.py:109} INFO - [2022-03-26 12:44:09,296] {native_type_compatibility.py:248} INFO - Using Any for unsupported type: typing.MutableMapping[str, typing.Any]
[2022-03-26 12:44:09,297] {logging_mixin.py:109} INFO - [2022-03-26 12:44:09,297] {native_type_compatibility.py:248} INFO - Using Any for unsupported type: typing.MutableMapping[str, typing.Any]
[2022-03-26 12:44:09,297] {logging_mixin.py:109} INFO - [2022-03-26 12:44:09,297] {native_type_compatibility.py:248} INFO - Using Any for unsupported type: typing.MutableMapping[str, typing.Any]
[2022-03-26 12:44:09,297] {logging_mixin.py:109} INFO - [2022-03-26 12:44:09,297] {native_type_compatibility.py:248} INFO - Using Any for unsupported type: typing.MutableMapping[str, typing.Any]
[2022-03-26 12:44:09,297] {logging_mixin.py:109} INFO - [2022-03-26 12:44:09,297] {native_type_compatibility.py:248} INFO - Using Any for unsupported type: typing.MutableMapping[str, typing.Any]
[2022-03-26 12:44:09,298] {logging_mixin.py:109} INFO - [2022-03-26 12:44:09,298] {native_type_compatibility.py:248} INFO - Using Any for unsupported type: typing.MutableMapping[str, typing.Any]
[2022-03-26 12:44:09,298] {logging_mixin.py:109} INFO - [2022-03-26 12:44:09,298] {native_type_compatibility.py:248} INFO - Using Any for unsupported type: typing.MutableMapping[str, typing.Any]
[2022-03-26 12:44:09,298] {logging_mixin.py:109} INFO - [2022-03-26 12:44:09,298] {native_type_compatibility.py:248} INFO - Using Any for unsupported type: typing.MutableMapping[str, typing.Any]
[2022-03-26 12:44:09,298] {logging_mixin.py:109} INFO - [2022-03-26 12:44:09,298] {native_type_compatibility.py:248} INFO - Using Any for unsupported type: typing.MutableMapping[str, typing.Any]
[2022-03-26 12:44:09,299] {logging_mixin.py:109} INFO - [2022-03-26 12:44:09,299] {native_type_compatibility.py:248} INFO - Using Any for unsupported type: typing.MutableMapping[str, typing.Any]
[2022-03-26 12:44:09,299] {logging_mixin.py:109} INFO - [2022-03-26 12:44:09,299] {native_type_compatibility.py:248} INFO - Using Any for unsupported type: typing.MutableMapping[str, typing.Any]
[2022-03-26 12:44:09,299] {logging_mixin.py:109} INFO - [2022-03-26 12:44:09,299] {native_type_compatibility.py:248} INFO - Using Any for unsupported type: typing.MutableMapping[str, typing.Any]
[2022-03-26 12:44:09,299] {logging_mixin.py:109} INFO - [2022-03-26 12:44:09,299] {native_type_compatibility.py:248} INFO - Using Any for unsupported type: typing.MutableMapping[str, typing.Any]
[2022-03-26 12:44:09,300] {logging_mixin.py:109} INFO - [2022-03-26 12:44:09,300] {native_type_compatibility.py:248} INFO - Using Any for unsupported type: typing.MutableMapping[str, typing.Any]
[2022-03-26 12:44:09,300] {logging_mixin.py:109} INFO - [2022-03-26 12:44:09,300] {native_type_compatibility.py:248} INFO - Using Any for unsupported type: typing.MutableMapping[str, typing.Any]
[2022-03-26 12:44:09,300] {logging_mixin.py:109} INFO - [2022-03-26 12:44:09,300] {native_type_compatibility.py:248} INFO - Using Any for unsupported type: typing.MutableMapping[str, typing.Any]
[2022-03-26 12:44:09,300] {logging_mixin.py:109} INFO - [2022-03-26 12:44:09,300] {native_type_compatibility.py:248} INFO - Using Any for unsupported type: typing.MutableMapping[str, typing.Any]
[2022-03-26 12:44:09,660] {logging_mixin.py:109} INFO - [2022-03-26 12:44:09,660] {native_type_compatibility.py:248} INFO - Using Any for unsupported type: typing.MutableMapping[str, typing.Any]
[2022-03-26 12:44:09,660] {logging_mixin.py:109} INFO - [2022-03-26 12:44:09,660] {native_type_compatibility.py:248} INFO - Using Any for unsupported type: typing.MutableMapping[str, typing.Any]
[2022-03-26 12:44:09,661] {logging_mixin.py:109} INFO - [2022-03-26 12:44:09,661] {native_type_compatibility.py:248} INFO - Using Any for unsupported type: typing.MutableMapping[str, typing.Any]
[2022-03-26 12:44:09,661] {logging_mixin.py:109} INFO - [2022-03-26 12:44:09,661] {native_type_compatibility.py:248} INFO - Using Any for unsupported type: typing.MutableMapping[str, typing.Any]
[2022-03-26 12:44:09,662] {logging_mixin.py:109} INFO - [2022-03-26 12:44:09,662] {native_type_compatibility.py:248} INFO - Using Any for unsupported type: typing.MutableMapping[str, typing.Any]
[2022-03-26 12:44:09,663] {logging_mixin.py:109} INFO - [2022-03-26 12:44:09,663] {native_type_compatibility.py:248} INFO - Using Any for unsupported type: typing.MutableMapping[str, typing.Any]
[2022-03-26 12:44:09,663] {logging_mixin.py:109} INFO - [2022-03-26 12:44:09,663] {native_type_compatibility.py:248} INFO - Using Any for unsupported type: typing.MutableMapping[str, typing.Any]
[2022-03-26 12:44:09,664] {logging_mixin.py:109} INFO - [2022-03-26 12:44:09,664] {native_type_compatibility.py:248} INFO - Using Any for unsupported type: typing.MutableMapping[str, typing.Any]
[2022-03-26 12:44:09,672] {logging_mixin.py:109} INFO - [2022-03-26 12:44:09,672] {native_type_compatibility.py:248} INFO - Using Any for unsupported type: typing.MutableMapping[str, typing.Any]
[2022-03-26 12:44:09,672] {logging_mixin.py:109} INFO - [2022-03-26 12:44:09,672] {native_type_compatibility.py:248} INFO - Using Any for unsupported type: typing.MutableMapping[str, typing.Any]
[2022-03-26 12:44:09,673] {logging_mixin.py:109} INFO - [2022-03-26 12:44:09,673] {native_type_compatibility.py:248} INFO - Using Any for unsupported type: typing.MutableMapping[str, typing.Any]
[2022-03-26 12:44:09,673] {logging_mixin.py:109} INFO - [2022-03-26 12:44:09,673] {native_type_compatibility.py:248} INFO - Using Any for unsupported type: typing.MutableMapping[str, typing.Any]
[2022-03-26 12:44:09,685] {logging_mixin.py:109} INFO - [2022-03-26 12:44:09,684] {executor.py:43} INFO - tensorflow_text is not available: No module named 'tensorflow_text'
[2022-03-26 12:44:10,310] {logging_mixin.py:109} INFO - [2022-03-26 12:44:10,310] {component.py:78} INFO - Excluding no splits because exclude_splits is not set.
[2022-03-26 12:44:10,311] {logging_mixin.py:109} INFO - [2022-03-26 12:44:10,311] {component.py:81} INFO - Excluding no splits because exclude_splits is not set.
[2022-03-26 12:44:10,311] {logging_mixin.py:109} INFO - [2022-03-26 12:44:10,311] {component.py:80} INFO - Excluding no splits because exclude_splits is not set.
[2022-03-26 12:44:10,311] {logging_mixin.py:109} INFO - [2022-03-26 12:44:10,311] {component.py:176} WARNING - `custom_executor_spec` is deprecated. Please customize component directly.
[2022-03-26 12:44:10,311] {logging_mixin.py:109} INFO - [2022-03-26 12:44:10,311] {component.py:180} WARNING - `transformed_examples` is deprecated. Please use `examples` instead.
[2022-03-26 12:44:10,364] {logging_mixin.py:109} INFO - save model dir:/opt/airflow/census_consumer_complaint_data/saved_models
[2022-03-26 12:44:10,368] {logging_mixin.py:109} INFO - [2022-03-26 12:44:10,368] {udf_utils.py:233} INFO - Generating ephemeral wheel package for '/home/airflow/.local/lib/python3.7/site-packages/census_consumer_complaint_component/feature_engineering/feature_engineering.py' (including modules: ['feature_engineering']).
[2022-03-26 12:44:10,368] {logging_mixin.py:109} INFO - [2022-03-26 12:44:10,368] {udf_utils.py:237} INFO - User module package has hash fingerprint version a771a9c4e311edd1189745bf9146b2281be3b819e63daa8f4d2f6d881acc99c9.
[2022-03-26 12:44:10,369] {logging_mixin.py:109} INFO - [2022-03-26 12:44:10,369] {udf_utils.py:251} INFO - Executing: ['/usr/local/bin/python', '/tmp/tmp_9pj1iay/_tfx_generated_setup.py', 'bdist_wheel', '--bdist-dir', '/tmp/tmp_vru2k0j', '--dist-dir', '/tmp/tmpy0agewoz']
[2022-03-26 12:44:11,249] {logging_mixin.py:109} INFO - [2022-03-26 12:44:11,249] {udf_utils.py:272} INFO - Successfully built user code wheel distribution at '/opt/airflow/census_consumer_complaint_data/census_consumer_complaint/artifact/_wheels/tfx_user_code_Transform-0.0+a771a9c4e311edd1189745bf9146b2281be3b819e63daa8f4d2f6d881acc99c9-py3-none-any.whl'; target user module is 'feature_engineering'.
[2022-03-26 12:44:11,249] {logging_mixin.py:109} INFO - [2022-03-26 12:44:11,249] {udf_utils.py:279} INFO - Full user module path is 'feature_engineering@/opt/airflow/census_consumer_complaint_data/census_consumer_complaint/artifact/_wheels/tfx_user_code_Transform-0.0+a771a9c4e311edd1189745bf9146b2281be3b819e63daa8f4d2f6d881acc99c9-py3-none-any.whl'
[2022-03-26 12:44:11,251] {logging_mixin.py:109} INFO - [2022-03-26 12:44:11,251] {udf_utils.py:233} INFO - Generating ephemeral wheel package for '/home/airflow/.local/lib/python3.7/site-packages/census_consumer_complaint_component/model_training/trainer.py' (including modules: ['trainer']).
[2022-03-26 12:44:11,251] {logging_mixin.py:109} INFO - [2022-03-26 12:44:11,251] {udf_utils.py:237} INFO - User module package has hash fingerprint version 7d38a8f688a527b8a8904485f99d6148d714a43b7d0dce30e3cd107e531e97d0.
[2022-03-26 12:44:11,252] {logging_mixin.py:109} INFO - [2022-03-26 12:44:11,251] {udf_utils.py:251} INFO - Executing: ['/usr/local/bin/python', '/tmp/tmpekuw8g9q/_tfx_generated_setup.py', 'bdist_wheel', '--bdist-dir', '/tmp/tmphtx_k149', '--dist-dir', '/tmp/tmpsdvs0yxw']
[2022-03-26 12:44:12,109] {logging_mixin.py:109} INFO - [2022-03-26 12:44:12,108] {udf_utils.py:272} INFO - Successfully built user code wheel distribution at '/opt/airflow/census_consumer_complaint_data/census_consumer_complaint/artifact/_wheels/tfx_user_code_Trainer-0.0+7d38a8f688a527b8a8904485f99d6148d714a43b7d0dce30e3cd107e531e97d0-py3-none-any.whl'; target user module is 'trainer'.
[2022-03-26 12:44:12,109] {logging_mixin.py:109} INFO - [2022-03-26 12:44:12,109] {udf_utils.py:279} INFO - Full user module path is 'trainer@/opt/airflow/census_consumer_complaint_data/census_consumer_complaint/artifact/_wheels/tfx_user_code_Trainer-0.0+7d38a8f688a527b8a8904485f99d6148d714a43b7d0dce30e3cd107e531e97d0-py3-none-any.whl'
[2022-03-26 12:44:12,122] {processor.py:654} INFO - DAG(s) dict_keys(['census_consumer_complaint']) retrieved from /opt/airflow/dags/census_consumer_complaint.py
[2022-03-26 12:44:12,128] {logging_mixin.py:109} INFO - [2022-03-26 12:44:12,128] {dag.py:2398} INFO - Sync 1 DAGs
[2022-03-26 12:44:12,137] {logging_mixin.py:109} INFO - [2022-03-26 12:44:12,137] {dag.py:2937} INFO - Setting next_dagrun for census_consumer_complaint to 2022-03-26T00:00:00+00:00
[2022-03-26 12:44:12,143] {processor.py:171} INFO - Processing /opt/airflow/dags/census_consumer_complaint.py took 5.964 seconds
[2022-03-26 12:44:42,677] {processor.py:163} INFO - Started process (PID=236) to work on /opt/airflow/dags/census_consumer_complaint.py
[2022-03-26 12:44:42,678] {processor.py:642} INFO - Processing file /opt/airflow/dags/census_consumer_complaint.py for tasks to queue
[2022-03-26 12:44:42,678] {logging_mixin.py:109} INFO - [2022-03-26 12:44:42,678] {dagbag.py:500} INFO - Filling up the DagBag from /opt/airflow/dags/census_consumer_complaint.py
[2022-03-26 12:44:44,543] {logging_mixin.py:109} INFO - [2022-03-26 12:44:44,543] {native_type_compatibility.py:248} INFO - Using Any for unsupported type: typing.Sequence[~T]
[2022-03-26 12:44:44,744] {logging_mixin.py:109} INFO - [2022-03-26 12:44:44,744] {native_type_compatibility.py:248} INFO - Using Any for unsupported type: typing.MutableMapping[str, typing.Any]
[2022-03-26 12:44:44,744] {logging_mixin.py:109} INFO - [2022-03-26 12:44:44,744] {native_type_compatibility.py:248} INFO - Using Any for unsupported type: typing.MutableMapping[str, typing.Any]
[2022-03-26 12:44:44,888] {logging_mixin.py:109} INFO - [2022-03-26 12:44:44,888] {model_util.py:46} INFO - tensorflow_ranking is not available: No module named 'tensorflow_ranking'
[2022-03-26 12:44:44,888] {logging_mixin.py:109} INFO - [2022-03-26 12:44:44,888] {model_util.py:51} INFO - tensorflow_text is not available: No module named 'tensorflow_text'
[2022-03-26 12:44:44,888] {logging_mixin.py:109} INFO - [2022-03-26 12:44:44,888] {model_util.py:56} INFO - tensorflow_decision_forests is not available: No module named 'tensorflow_decision_forests'
[2022-03-26 12:44:44,888] {logging_mixin.py:109} INFO - [2022-03-26 12:44:44,888] {model_util.py:61} INFO - struct2tensor is not available: No module named 'struct2tensor'
[2022-03-26 12:44:44,889] {logging_mixin.py:109} INFO - [2022-03-26 12:44:44,889] {native_type_compatibility.py:248} INFO - Using Any for unsupported type: typing.MutableMapping[str, typing.Any]
[2022-03-26 12:44:44,889] {logging_mixin.py:109} INFO - [2022-03-26 12:44:44,889] {native_type_compatibility.py:248} INFO - Using Any for unsupported type: typing.MutableMapping[str, typing.Any]
[2022-03-26 12:44:44,890] {logging_mixin.py:109} INFO - [2022-03-26 12:44:44,890] {native_type_compatibility.py:248} INFO - Using Any for unsupported type: typing.MutableMapping[str, typing.Any]
[2022-03-26 12:44:44,890] {logging_mixin.py:109} INFO - [2022-03-26 12:44:44,890] {native_type_compatibility.py:248} INFO - Using Any for unsupported type: typing.MutableMapping[str, typing.Any]
[2022-03-26 12:44:44,890] {logging_mixin.py:109} INFO - [2022-03-26 12:44:44,890] {native_type_compatibility.py:248} INFO - Using Any for unsupported type: typing.MutableMapping[str, typing.Any]
[2022-03-26 12:44:44,890] {logging_mixin.py:109} INFO - [2022-03-26 12:44:44,890] {native_type_compatibility.py:248} INFO - Using Any for unsupported type: typing.MutableMapping[str, typing.Any]
[2022-03-26 12:44:44,891] {logging_mixin.py:109} INFO - [2022-03-26 12:44:44,891] {native_type_compatibility.py:248} INFO - Using Any for unsupported type: typing.MutableMapping[str, typing.Any]
[2022-03-26 12:44:44,891] {logging_mixin.py:109} INFO - [2022-03-26 12:44:44,891] {native_type_compatibility.py:248} INFO - Using Any for unsupported type: typing.MutableMapping[str, typing.Any]
[2022-03-26 12:44:44,891] {logging_mixin.py:109} INFO - [2022-03-26 12:44:44,891] {native_type_compatibility.py:248} INFO - Using Any for unsupported type: typing.MutableMapping[str, typing.Any]
[2022-03-26 12:44:44,891] {logging_mixin.py:109} INFO - [2022-03-26 12:44:44,891] {native_type_compatibility.py:248} INFO - Using Any for unsupported type: typing.MutableMapping[str, typing.Any]
[2022-03-26 12:44:44,892] {logging_mixin.py:109} INFO - [2022-03-26 12:44:44,892] {native_type_compatibility.py:248} INFO - Using Any for unsupported type: typing.MutableMapping[str, typing.Any]
[2022-03-26 12:44:44,892] {logging_mixin.py:109} INFO - [2022-03-26 12:44:44,892] {native_type_compatibility.py:248} INFO - Using Any for unsupported type: typing.MutableMapping[str, typing.Any]
[2022-03-26 12:44:44,892] {logging_mixin.py:109} INFO - [2022-03-26 12:44:44,892] {native_type_compatibility.py:248} INFO - Using Any for unsupported type: typing.MutableMapping[str, typing.Any]
[2022-03-26 12:44:44,892] {logging_mixin.py:109} INFO - [2022-03-26 12:44:44,892] {native_type_compatibility.py:248} INFO - Using Any for unsupported type: typing.MutableMapping[str, typing.Any]
[2022-03-26 12:44:44,893] {logging_mixin.py:109} INFO - [2022-03-26 12:44:44,892] {native_type_compatibility.py:248} INFO - Using Any for unsupported type: typing.MutableMapping[str, typing.Any]
[2022-03-26 12:44:44,893] {logging_mixin.py:109} INFO - [2022-03-26 12:44:44,893] {native_type_compatibility.py:248} INFO - Using Any for unsupported type: typing.MutableMapping[str, typing.Any]
[2022-03-26 12:44:44,893] {logging_mixin.py:109} INFO - [2022-03-26 12:44:44,893] {native_type_compatibility.py:248} INFO - Using Any for unsupported type: typing.MutableMapping[str, typing.Any]
[2022-03-26 12:44:44,893] {logging_mixin.py:109} INFO - [2022-03-26 12:44:44,893] {native_type_compatibility.py:248} INFO - Using Any for unsupported type: typing.MutableMapping[str, typing.Any]
[2022-03-26 12:44:44,894] {logging_mixin.py:109} INFO - [2022-03-26 12:44:44,894] {native_type_compatibility.py:248} INFO - Using Any for unsupported type: typing.MutableMapping[str, typing.Any]
[2022-03-26 12:44:44,894] {logging_mixin.py:109} INFO - [2022-03-26 12:44:44,894] {native_type_compatibility.py:248} INFO - Using Any for unsupported type: typing.MutableMapping[str, typing.Any]
[2022-03-26 12:44:44,894] {logging_mixin.py:109} INFO - [2022-03-26 12:44:44,894] {native_type_compatibility.py:248} INFO - Using Any for unsupported type: typing.MutableMapping[str, typing.Any]
[2022-03-26 12:44:44,894] {logging_mixin.py:109} INFO - [2022-03-26 12:44:44,894] {native_type_compatibility.py:248} INFO - Using Any for unsupported type: typing.MutableMapping[str, typing.Any]
[2022-03-26 12:44:44,894] {logging_mixin.py:109} INFO - [2022-03-26 12:44:44,894] {native_type_compatibility.py:248} INFO - Using Any for unsupported type: typing.MutableMapping[str, typing.Any]
[2022-03-26 12:44:44,895] {logging_mixin.py:109} INFO - [2022-03-26 12:44:44,895] {native_type_compatibility.py:248} INFO - Using Any for unsupported type: typing.MutableMapping[str, typing.Any]
[2022-03-26 12:44:44,896] {logging_mixin.py:109} INFO - [2022-03-26 12:44:44,896] {native_type_compatibility.py:248} INFO - Using Any for unsupported type: typing.MutableMapping[str, typing.Any]
[2022-03-26 12:44:44,896] {logging_mixin.py:109} INFO - [2022-03-26 12:44:44,896] {native_type_compatibility.py:248} INFO - Using Any for unsupported type: typing.MutableMapping[str, typing.Any]
[2022-03-26 12:44:44,897] {logging_mixin.py:109} INFO - [2022-03-26 12:44:44,897] {native_type_compatibility.py:248} INFO - Using Any for unsupported type: typing.MutableMapping[str, typing.Any]
[2022-03-26 12:44:44,897] {logging_mixin.py:109} INFO - [2022-03-26 12:44:44,897] {native_type_compatibility.py:248} INFO - Using Any for unsupported type: typing.MutableMapping[str, typing.Any]
[2022-03-26 12:44:44,897] {logging_mixin.py:109} INFO - [2022-03-26 12:44:44,897] {native_type_compatibility.py:248} INFO - Using Any for unsupported type: typing.MutableMapping[str, typing.Any]
[2022-03-26 12:44:44,898] {logging_mixin.py:109} INFO - [2022-03-26 12:44:44,898] {native_type_compatibility.py:248} INFO - Using Any for unsupported type: typing.MutableMapping[str, typing.Any]
[2022-03-26 12:44:44,898] {logging_mixin.py:109} INFO - [2022-03-26 12:44:44,898] {native_type_compatibility.py:248} INFO - Using Any for unsupported type: typing.MutableMapping[str, typing.Any]
[2022-03-26 12:44:44,898] {logging_mixin.py:109} INFO - [2022-03-26 12:44:44,898] {native_type_compatibility.py:248} INFO - Using Any for unsupported type: typing.MutableMapping[str, typing.Any]
[2022-03-26 12:44:44,899] {logging_mixin.py:109} INFO - [2022-03-26 12:44:44,899] {native_type_compatibility.py:248} INFO - Using Any for unsupported type: typing.MutableMapping[str, typing.Any]
[2022-03-26 12:44:44,899] {logging_mixin.py:109} INFO - [2022-03-26 12:44:44,899] {native_type_compatibility.py:248} INFO - Using Any for unsupported type: typing.MutableMapping[str, typing.Any]
[2022-03-26 12:44:44,900] {logging_mixin.py:109} INFO - [2022-03-26 12:44:44,900] {native_type_compatibility.py:248} INFO - Using Any for unsupported type: typing.MutableMapping[str, typing.Any]
[2022-03-26 12:44:44,901] {logging_mixin.py:109} INFO - [2022-03-26 12:44:44,901] {native_type_compatibility.py:248} INFO - Using Any for unsupported type: typing.MutableMapping[str, typing.Any]
[2022-03-26 12:44:44,902] {logging_mixin.py:109} INFO - [2022-03-26 12:44:44,902] {native_type_compatibility.py:248} INFO - Using Any for unsupported type: typing.MutableMapping[str, typing.Any]
[2022-03-26 12:44:44,917] {logging_mixin.py:109} INFO - [2022-03-26 12:44:44,917] {native_type_compatibility.py:248} INFO - Using Any for unsupported type: typing.MutableMapping[str, typing.Any]
[2022-03-26 12:44:44,917] {logging_mixin.py:109} INFO - [2022-03-26 12:44:44,917] {native_type_compatibility.py:248} INFO - Using Any for unsupported type: typing.MutableMapping[str, typing.Any]
[2022-03-26 12:44:44,921] {logging_mixin.py:109} INFO - [2022-03-26 12:44:44,921] {native_type_compatibility.py:248} INFO - Using Any for unsupported type: typing.MutableMapping[str, typing.Any]
[2022-03-26 12:44:44,921] {logging_mixin.py:109} INFO - [2022-03-26 12:44:44,921] {native_type_compatibility.py:248} INFO - Using Any for unsupported type: typing.MutableMapping[str, typing.Any]
[2022-03-26 12:44:44,921] {logging_mixin.py:109} INFO - [2022-03-26 12:44:44,921] {native_type_compatibility.py:248} INFO - Using Any for unsupported type: typing.MutableMapping[str, typing.Any]
[2022-03-26 12:44:44,922] {logging_mixin.py:109} INFO - [2022-03-26 12:44:44,922] {native_type_compatibility.py:248} INFO - Using Any for unsupported type: typing.MutableMapping[str, typing.Any]
[2022-03-26 12:44:44,922] {logging_mixin.py:109} INFO - [2022-03-26 12:44:44,922] {native_type_compatibility.py:248} INFO - Using Any for unsupported type: typing.MutableMapping[str, typing.Any]
[2022-03-26 12:44:44,923] {logging_mixin.py:109} INFO - [2022-03-26 12:44:44,923] {native_type_compatibility.py:248} INFO - Using Any for unsupported type: typing.MutableMapping[str, typing.Any]
[2022-03-26 12:44:44,923] {logging_mixin.py:109} INFO - [2022-03-26 12:44:44,923] {native_type_compatibility.py:248} INFO - Using Any for unsupported type: typing.MutableMapping[str, typing.Any]
[2022-03-26 12:44:44,923] {logging_mixin.py:109} INFO - [2022-03-26 12:44:44,923] {native_type_compatibility.py:248} INFO - Using Any for unsupported type: typing.MutableMapping[str, typing.Any]
[2022-03-26 12:44:44,923] {logging_mixin.py:109} INFO - [2022-03-26 12:44:44,923] {native_type_compatibility.py:248} INFO - Using Any for unsupported type: typing.MutableMapping[str, typing.Any]
[2022-03-26 12:44:44,924] {logging_mixin.py:109} INFO - [2022-03-26 12:44:44,924] {native_type_compatibility.py:248} INFO - Using Any for unsupported type: typing.MutableMapping[str, typing.Any]
[2022-03-26 12:44:44,924] {logging_mixin.py:109} INFO - [2022-03-26 12:44:44,924] {native_type_compatibility.py:248} INFO - Using Any for unsupported type: typing.MutableMapping[str, typing.Any]
[2022-03-26 12:44:44,924] {logging_mixin.py:109} INFO - [2022-03-26 12:44:44,924] {native_type_compatibility.py:248} INFO - Using Any for unsupported type: typing.MutableMapping[str, typing.Any]
[2022-03-26 12:44:44,924] {logging_mixin.py:109} INFO - [2022-03-26 12:44:44,924] {native_type_compatibility.py:248} INFO - Using Any for unsupported type: typing.MutableMapping[str, typing.Any]
[2022-03-26 12:44:44,925] {logging_mixin.py:109} INFO - [2022-03-26 12:44:44,925] {native_type_compatibility.py:248} INFO - Using Any for unsupported type: typing.MutableMapping[str, typing.Any]
[2022-03-26 12:44:44,925] {logging_mixin.py:109} INFO - [2022-03-26 12:44:44,925] {native_type_compatibility.py:248} INFO - Using Any for unsupported type: typing.MutableMapping[str, typing.Any]
[2022-03-26 12:44:44,925] {logging_mixin.py:109} INFO - [2022-03-26 12:44:44,925] {native_type_compatibility.py:248} INFO - Using Any for unsupported type: typing.MutableMapping[str, typing.Any]
[2022-03-26 12:44:44,925] {logging_mixin.py:109} INFO - [2022-03-26 12:44:44,925] {native_type_compatibility.py:248} INFO - Using Any for unsupported type: typing.MutableMapping[str, typing.Any]
[2022-03-26 12:44:44,926] {logging_mixin.py:109} INFO - [2022-03-26 12:44:44,926] {native_type_compatibility.py:248} INFO - Using Any for unsupported type: typing.MutableMapping[str, typing.Any]
[2022-03-26 12:44:44,926] {logging_mixin.py:109} INFO - [2022-03-26 12:44:44,926] {native_type_compatibility.py:248} INFO - Using Any for unsupported type: typing.MutableMapping[str, typing.Any]
[2022-03-26 12:44:44,926] {logging_mixin.py:109} INFO - [2022-03-26 12:44:44,926] {native_type_compatibility.py:248} INFO - Using Any for unsupported type: typing.MutableMapping[str, typing.Any]
[2022-03-26 12:44:44,926] {logging_mixin.py:109} INFO - [2022-03-26 12:44:44,926] {native_type_compatibility.py:248} INFO - Using Any for unsupported type: typing.MutableMapping[str, typing.Any]
[2022-03-26 12:44:45,237] {logging_mixin.py:109} INFO - [2022-03-26 12:44:45,237] {native_type_compatibility.py:248} INFO - Using Any for unsupported type: typing.MutableMapping[str, typing.Any]
[2022-03-26 12:44:45,237] {logging_mixin.py:109} INFO - [2022-03-26 12:44:45,237] {native_type_compatibility.py:248} INFO - Using Any for unsupported type: typing.MutableMapping[str, typing.Any]
[2022-03-26 12:44:45,238] {logging_mixin.py:109} INFO - [2022-03-26 12:44:45,237] {native_type_compatibility.py:248} INFO - Using Any for unsupported type: typing.MutableMapping[str, typing.Any]
[2022-03-26 12:44:45,238] {logging_mixin.py:109} INFO - [2022-03-26 12:44:45,238] {native_type_compatibility.py:248} INFO - Using Any for unsupported type: typing.MutableMapping[str, typing.Any]
[2022-03-26 12:44:45,238] {logging_mixin.py:109} INFO - [2022-03-26 12:44:45,238] {native_type_compatibility.py:248} INFO - Using Any for unsupported type: typing.MutableMapping[str, typing.Any]
[2022-03-26 12:44:45,239] {logging_mixin.py:109} INFO - [2022-03-26 12:44:45,239] {native_type_compatibility.py:248} INFO - Using Any for unsupported type: typing.MutableMapping[str, typing.Any]
[2022-03-26 12:44:45,239] {logging_mixin.py:109} INFO - [2022-03-26 12:44:45,239] {native_type_compatibility.py:248} INFO - Using Any for unsupported type: typing.MutableMapping[str, typing.Any]
[2022-03-26 12:44:45,239] {logging_mixin.py:109} INFO - [2022-03-26 12:44:45,239] {native_type_compatibility.py:248} INFO - Using Any for unsupported type: typing.MutableMapping[str, typing.Any]
[2022-03-26 12:44:45,244] {logging_mixin.py:109} INFO - [2022-03-26 12:44:45,244] {native_type_compatibility.py:248} INFO - Using Any for unsupported type: typing.MutableMapping[str, typing.Any]
[2022-03-26 12:44:45,245] {logging_mixin.py:109} INFO - [2022-03-26 12:44:45,245] {native_type_compatibility.py:248} INFO - Using Any for unsupported type: typing.MutableMapping[str, typing.Any]
[2022-03-26 12:44:45,245] {logging_mixin.py:109} INFO - [2022-03-26 12:44:45,245] {native_type_compatibility.py:248} INFO - Using Any for unsupported type: typing.MutableMapping[str, typing.Any]
[2022-03-26 12:44:45,245] {logging_mixin.py:109} INFO - [2022-03-26 12:44:45,245] {native_type_compatibility.py:248} INFO - Using Any for unsupported type: typing.MutableMapping[str, typing.Any]
[2022-03-26 12:44:45,253] {logging_mixin.py:109} INFO - [2022-03-26 12:44:45,252] {executor.py:43} INFO - tensorflow_text is not available: No module named 'tensorflow_text'
[2022-03-26 12:44:45,858] {logging_mixin.py:109} INFO - [2022-03-26 12:44:45,858] {component.py:78} INFO - Excluding no splits because exclude_splits is not set.
[2022-03-26 12:44:45,859] {logging_mixin.py:109} INFO - [2022-03-26 12:44:45,859] {component.py:81} INFO - Excluding no splits because exclude_splits is not set.
[2022-03-26 12:44:45,859] {logging_mixin.py:109} INFO - [2022-03-26 12:44:45,859] {component.py:80} INFO - Excluding no splits because exclude_splits is not set.
[2022-03-26 12:44:45,859] {logging_mixin.py:109} INFO - [2022-03-26 12:44:45,859] {component.py:176} WARNING - `custom_executor_spec` is deprecated. Please customize component directly.
[2022-03-26 12:44:45,859] {logging_mixin.py:109} INFO - [2022-03-26 12:44:45,859] {component.py:180} WARNING - `transformed_examples` is deprecated. Please use `examples` instead.
[2022-03-26 12:44:45,893] {logging_mixin.py:109} INFO - save model dir:/opt/airflow/census_consumer_complaint_data/saved_models
[2022-03-26 12:44:45,895] {logging_mixin.py:109} INFO - [2022-03-26 12:44:45,895] {udf_utils.py:233} INFO - Generating ephemeral wheel package for '/home/airflow/.local/lib/python3.7/site-packages/census_consumer_complaint_component/feature_engineering/feature_engineering.py' (including modules: ['feature_engineering']).
[2022-03-26 12:44:45,896] {logging_mixin.py:109} INFO - [2022-03-26 12:44:45,896] {udf_utils.py:237} INFO - User module package has hash fingerprint version a771a9c4e311edd1189745bf9146b2281be3b819e63daa8f4d2f6d881acc99c9.
[2022-03-26 12:44:45,896] {logging_mixin.py:109} INFO - [2022-03-26 12:44:45,896] {udf_utils.py:251} INFO - Executing: ['/usr/local/bin/python', '/tmp/tmpfpljhzjw/_tfx_generated_setup.py', 'bdist_wheel', '--bdist-dir', '/tmp/tmp8bgjw0au', '--dist-dir', '/tmp/tmpy7l_1coa']
[2022-03-26 12:44:46,421] {logging_mixin.py:109} INFO - [2022-03-26 12:44:46,421] {udf_utils.py:272} INFO - Successfully built user code wheel distribution at '/opt/airflow/census_consumer_complaint_data/census_consumer_complaint/artifact/_wheels/tfx_user_code_Transform-0.0+a771a9c4e311edd1189745bf9146b2281be3b819e63daa8f4d2f6d881acc99c9-py3-none-any.whl'; target user module is 'feature_engineering'.
[2022-03-26 12:44:46,421] {logging_mixin.py:109} INFO - [2022-03-26 12:44:46,421] {udf_utils.py:279} INFO - Full user module path is 'feature_engineering@/opt/airflow/census_consumer_complaint_data/census_consumer_complaint/artifact/_wheels/tfx_user_code_Transform-0.0+a771a9c4e311edd1189745bf9146b2281be3b819e63daa8f4d2f6d881acc99c9-py3-none-any.whl'
[2022-03-26 12:44:46,422] {logging_mixin.py:109} INFO - [2022-03-26 12:44:46,422] {udf_utils.py:233} INFO - Generating ephemeral wheel package for '/home/airflow/.local/lib/python3.7/site-packages/census_consumer_complaint_component/model_training/trainer.py' (including modules: ['trainer']).
[2022-03-26 12:44:46,422] {logging_mixin.py:109} INFO - [2022-03-26 12:44:46,422] {udf_utils.py:237} INFO - User module package has hash fingerprint version 7d38a8f688a527b8a8904485f99d6148d714a43b7d0dce30e3cd107e531e97d0.
[2022-03-26 12:44:46,423] {logging_mixin.py:109} INFO - [2022-03-26 12:44:46,423] {udf_utils.py:251} INFO - Executing: ['/usr/local/bin/python', '/tmp/tmp4eohydn1/_tfx_generated_setup.py', 'bdist_wheel', '--bdist-dir', '/tmp/tmpcszdvdcq', '--dist-dir', '/tmp/tmp6ef_xele']
[2022-03-26 12:44:46,928] {logging_mixin.py:109} INFO - [2022-03-26 12:44:46,928] {udf_utils.py:272} INFO - Successfully built user code wheel distribution at '/opt/airflow/census_consumer_complaint_data/census_consumer_complaint/artifact/_wheels/tfx_user_code_Trainer-0.0+7d38a8f688a527b8a8904485f99d6148d714a43b7d0dce30e3cd107e531e97d0-py3-none-any.whl'; target user module is 'trainer'.
[2022-03-26 12:44:46,928] {logging_mixin.py:109} INFO - [2022-03-26 12:44:46,928] {udf_utils.py:279} INFO - Full user module path is 'trainer@/opt/airflow/census_consumer_complaint_data/census_consumer_complaint/artifact/_wheels/tfx_user_code_Trainer-0.0+7d38a8f688a527b8a8904485f99d6148d714a43b7d0dce30e3cd107e531e97d0-py3-none-any.whl'
[2022-03-26 12:44:46,940] {processor.py:654} INFO - DAG(s) dict_keys(['census_consumer_complaint']) retrieved from /opt/airflow/dags/census_consumer_complaint.py
[2022-03-26 12:44:46,946] {logging_mixin.py:109} INFO - [2022-03-26 12:44:46,946] {dag.py:2398} INFO - Sync 1 DAGs
[2022-03-26 12:44:46,955] {logging_mixin.py:109} INFO - [2022-03-26 12:44:46,955] {dag.py:2937} INFO - Setting next_dagrun for census_consumer_complaint to 2022-03-26T00:00:00+00:00
[2022-03-26 12:44:46,961] {processor.py:171} INFO - Processing /opt/airflow/dags/census_consumer_complaint.py took 4.285 seconds
[2022-03-26 12:45:17,959] {processor.py:163} INFO - Started process (PID=318) to work on /opt/airflow/dags/census_consumer_complaint.py
[2022-03-26 12:45:17,966] {processor.py:642} INFO - Processing file /opt/airflow/dags/census_consumer_complaint.py for tasks to queue
[2022-03-26 12:45:17,966] {logging_mixin.py:109} INFO - [2022-03-26 12:45:17,966] {dagbag.py:500} INFO - Filling up the DagBag from /opt/airflow/dags/census_consumer_complaint.py
[2022-03-26 12:45:19,697] {logging_mixin.py:109} INFO - [2022-03-26 12:45:19,696] {native_type_compatibility.py:248} INFO - Using Any for unsupported type: typing.Sequence[~T]
[2022-03-26 12:45:19,875] {logging_mixin.py:109} INFO - [2022-03-26 12:45:19,875] {native_type_compatibility.py:248} INFO - Using Any for unsupported type: typing.MutableMapping[str, typing.Any]
[2022-03-26 12:45:19,875] {logging_mixin.py:109} INFO - [2022-03-26 12:45:19,875] {native_type_compatibility.py:248} INFO - Using Any for unsupported type: typing.MutableMapping[str, typing.Any]
[2022-03-26 12:45:20,007] {logging_mixin.py:109} INFO - [2022-03-26 12:45:20,007] {model_util.py:46} INFO - tensorflow_ranking is not available: No module named 'tensorflow_ranking'
[2022-03-26 12:45:20,008] {logging_mixin.py:109} INFO - [2022-03-26 12:45:20,008] {model_util.py:51} INFO - tensorflow_text is not available: No module named 'tensorflow_text'
[2022-03-26 12:45:20,008] {logging_mixin.py:109} INFO - [2022-03-26 12:45:20,008] {model_util.py:56} INFO - tensorflow_decision_forests is not available: No module named 'tensorflow_decision_forests'
[2022-03-26 12:45:20,008] {logging_mixin.py:109} INFO - [2022-03-26 12:45:20,008] {model_util.py:61} INFO - struct2tensor is not available: No module named 'struct2tensor'
[2022-03-26 12:45:20,008] {logging_mixin.py:109} INFO - [2022-03-26 12:45:20,008] {native_type_compatibility.py:248} INFO - Using Any for unsupported type: typing.MutableMapping[str, typing.Any]
[2022-03-26 12:45:20,009] {logging_mixin.py:109} INFO - [2022-03-26 12:45:20,009] {native_type_compatibility.py:248} INFO - Using Any for unsupported type: typing.MutableMapping[str, typing.Any]
[2022-03-26 12:45:20,009] {logging_mixin.py:109} INFO - [2022-03-26 12:45:20,009] {native_type_compatibility.py:248} INFO - Using Any for unsupported type: typing.MutableMapping[str, typing.Any]
[2022-03-26 12:45:20,009] {logging_mixin.py:109} INFO - [2022-03-26 12:45:20,009] {native_type_compatibility.py:248} INFO - Using Any for unsupported type: typing.MutableMapping[str, typing.Any]
[2022-03-26 12:45:20,009] {logging_mixin.py:109} INFO - [2022-03-26 12:45:20,009] {native_type_compatibility.py:248} INFO - Using Any for unsupported type: typing.MutableMapping[str, typing.Any]
[2022-03-26 12:45:20,009] {logging_mixin.py:109} INFO - [2022-03-26 12:45:20,009] {native_type_compatibility.py:248} INFO - Using Any for unsupported type: typing.MutableMapping[str, typing.Any]
[2022-03-26 12:45:20,010] {logging_mixin.py:109} INFO - [2022-03-26 12:45:20,010] {native_type_compatibility.py:248} INFO - Using Any for unsupported type: typing.MutableMapping[str, typing.Any]
[2022-03-26 12:45:20,010] {logging_mixin.py:109} INFO - [2022-03-26 12:45:20,010] {native_type_compatibility.py:248} INFO - Using Any for unsupported type: typing.MutableMapping[str, typing.Any]
[2022-03-26 12:45:20,010] {logging_mixin.py:109} INFO - [2022-03-26 12:45:20,010] {native_type_compatibility.py:248} INFO - Using Any for unsupported type: typing.MutableMapping[str, typing.Any]
[2022-03-26 12:45:20,010] {logging_mixin.py:109} INFO - [2022-03-26 12:45:20,010] {native_type_compatibility.py:248} INFO - Using Any for unsupported type: typing.MutableMapping[str, typing.Any]
[2022-03-26 12:45:20,011] {logging_mixin.py:109} INFO - [2022-03-26 12:45:20,011] {native_type_compatibility.py:248} INFO - Using Any for unsupported type: typing.MutableMapping[str, typing.Any]
[2022-03-26 12:45:20,011] {logging_mixin.py:109} INFO - [2022-03-26 12:45:20,011] {native_type_compatibility.py:248} INFO - Using Any for unsupported type: typing.MutableMapping[str, typing.Any]
[2022-03-26 12:45:20,011] {logging_mixin.py:109} INFO - [2022-03-26 12:45:20,011] {native_type_compatibility.py:248} INFO - Using Any for unsupported type: typing.MutableMapping[str, typing.Any]
[2022-03-26 12:45:20,011] {logging_mixin.py:109} INFO - [2022-03-26 12:45:20,011] {native_type_compatibility.py:248} INFO - Using Any for unsupported type: typing.MutableMapping[str, typing.Any]
[2022-03-26 12:45:20,012] {logging_mixin.py:109} INFO - [2022-03-26 12:45:20,012] {native_type_compatibility.py:248} INFO - Using Any for unsupported type: typing.MutableMapping[str, typing.Any]
[2022-03-26 12:45:20,012] {logging_mixin.py:109} INFO - [2022-03-26 12:45:20,012] {native_type_compatibility.py:248} INFO - Using Any for unsupported type: typing.MutableMapping[str, typing.Any]
[2022-03-26 12:45:20,012] {logging_mixin.py:109} INFO - [2022-03-26 12:45:20,012] {native_type_compatibility.py:248} INFO - Using Any for unsupported type: typing.MutableMapping[str, typing.Any]
[2022-03-26 12:45:20,012] {logging_mixin.py:109} INFO - [2022-03-26 12:45:20,012] {native_type_compatibility.py:248} INFO - Using Any for unsupported type: typing.MutableMapping[str, typing.Any]
[2022-03-26 12:45:20,013] {logging_mixin.py:109} INFO - [2022-03-26 12:45:20,013] {native_type_compatibility.py:248} INFO - Using Any for unsupported type: typing.MutableMapping[str, typing.Any]
[2022-03-26 12:45:20,013] {logging_mixin.py:109} INFO - [2022-03-26 12:45:20,013] {native_type_compatibility.py:248} INFO - Using Any for unsupported type: typing.MutableMapping[str, typing.Any]
[2022-03-26 12:45:20,013] {logging_mixin.py:109} INFO - [2022-03-26 12:45:20,013] {native_type_compatibility.py:248} INFO - Using Any for unsupported type: typing.MutableMapping[str, typing.Any]
[2022-03-26 12:45:20,013] {logging_mixin.py:109} INFO - [2022-03-26 12:45:20,013] {native_type_compatibility.py:248} INFO - Using Any for unsupported type: typing.MutableMapping[str, typing.Any]
[2022-03-26 12:45:20,013] {logging_mixin.py:109} INFO - [2022-03-26 12:45:20,013] {native_type_compatibility.py:248} INFO - Using Any for unsupported type: typing.MutableMapping[str, typing.Any]
[2022-03-26 12:45:20,013] {logging_mixin.py:109} INFO - [2022-03-26 12:45:20,013] {native_type_compatibility.py:248} INFO - Using Any for unsupported type: typing.MutableMapping[str, typing.Any]
[2022-03-26 12:45:20,015] {logging_mixin.py:109} INFO - [2022-03-26 12:45:20,015] {native_type_compatibility.py:248} INFO - Using Any for unsupported type: typing.MutableMapping[str, typing.Any]
[2022-03-26 12:45:20,015] {logging_mixin.py:109} INFO - [2022-03-26 12:45:20,015] {native_type_compatibility.py:248} INFO - Using Any for unsupported type: typing.MutableMapping[str, typing.Any]
[2022-03-26 12:45:20,016] {logging_mixin.py:109} INFO - [2022-03-26 12:45:20,016] {native_type_compatibility.py:248} INFO - Using Any for unsupported type: typing.MutableMapping[str, typing.Any]
[2022-03-26 12:45:20,016] {logging_mixin.py:109} INFO - [2022-03-26 12:45:20,016] {native_type_compatibility.py:248} INFO - Using Any for unsupported type: typing.MutableMapping[str, typing.Any]
[2022-03-26 12:45:20,016] {logging_mixin.py:109} INFO - [2022-03-26 12:45:20,016] {native_type_compatibility.py:248} INFO - Using Any for unsupported type: typing.MutableMapping[str, typing.Any]
[2022-03-26 12:45:20,017] {logging_mixin.py:109} INFO - [2022-03-26 12:45:20,017] {native_type_compatibility.py:248} INFO - Using Any for unsupported type: typing.MutableMapping[str, typing.Any]
[2022-03-26 12:45:20,017] {logging_mixin.py:109} INFO - [2022-03-26 12:45:20,017] {native_type_compatibility.py:248} INFO - Using Any for unsupported type: typing.MutableMapping[str, typing.Any]
[2022-03-26 12:45:20,017] {logging_mixin.py:109} INFO - [2022-03-26 12:45:20,017] {native_type_compatibility.py:248} INFO - Using Any for unsupported type: typing.MutableMapping[str, typing.Any]
[2022-03-26 12:45:20,017] {logging_mixin.py:109} INFO - [2022-03-26 12:45:20,017] {native_type_compatibility.py:248} INFO - Using Any for unsupported type: typing.MutableMapping[str, typing.Any]
[2022-03-26 12:45:20,018] {logging_mixin.py:109} INFO - [2022-03-26 12:45:20,018] {native_type_compatibility.py:248} INFO - Using Any for unsupported type: typing.MutableMapping[str, typing.Any]
[2022-03-26 12:45:20,019] {logging_mixin.py:109} INFO - [2022-03-26 12:45:20,019] {native_type_compatibility.py:248} INFO - Using Any for unsupported type: typing.MutableMapping[str, typing.Any]
[2022-03-26 12:45:20,020] {logging_mixin.py:109} INFO - [2022-03-26 12:45:20,020] {native_type_compatibility.py:248} INFO - Using Any for unsupported type: typing.MutableMapping[str, typing.Any]
[2022-03-26 12:45:20,021] {logging_mixin.py:109} INFO - [2022-03-26 12:45:20,021] {native_type_compatibility.py:248} INFO - Using Any for unsupported type: typing.MutableMapping[str, typing.Any]
[2022-03-26 12:45:20,036] {logging_mixin.py:109} INFO - [2022-03-26 12:45:20,035] {native_type_compatibility.py:248} INFO - Using Any for unsupported type: typing.MutableMapping[str, typing.Any]
[2022-03-26 12:45:20,036] {logging_mixin.py:109} INFO - [2022-03-26 12:45:20,036] {native_type_compatibility.py:248} INFO - Using Any for unsupported type: typing.MutableMapping[str, typing.Any]
[2022-03-26 12:45:20,039] {logging_mixin.py:109} INFO - [2022-03-26 12:45:20,039] {native_type_compatibility.py:248} INFO - Using Any for unsupported type: typing.MutableMapping[str, typing.Any]
[2022-03-26 12:45:20,039] {logging_mixin.py:109} INFO - [2022-03-26 12:45:20,039] {native_type_compatibility.py:248} INFO - Using Any for unsupported type: typing.MutableMapping[str, typing.Any]
[2022-03-26 12:45:20,039] {logging_mixin.py:109} INFO - [2022-03-26 12:45:20,039] {native_type_compatibility.py:248} INFO - Using Any for unsupported type: typing.MutableMapping[str, typing.Any]
[2022-03-26 12:45:20,040] {logging_mixin.py:109} INFO - [2022-03-26 12:45:20,040] {native_type_compatibility.py:248} INFO - Using Any for unsupported type: typing.MutableMapping[str, typing.Any]
[2022-03-26 12:45:20,040] {logging_mixin.py:109} INFO - [2022-03-26 12:45:20,040] {native_type_compatibility.py:248} INFO - Using Any for unsupported type: typing.MutableMapping[str, typing.Any]
[2022-03-26 12:45:20,041] {logging_mixin.py:109} INFO - [2022-03-26 12:45:20,040] {native_type_compatibility.py:248} INFO - Using Any for unsupported type: typing.MutableMapping[str, typing.Any]
[2022-03-26 12:45:20,041] {logging_mixin.py:109} INFO - [2022-03-26 12:45:20,041] {native_type_compatibility.py:248} INFO - Using Any for unsupported type: typing.MutableMapping[str, typing.Any]
[2022-03-26 12:45:20,041] {logging_mixin.py:109} INFO - [2022-03-26 12:45:20,041] {native_type_compatibility.py:248} INFO - Using Any for unsupported type: typing.MutableMapping[str, typing.Any]
[2022-03-26 12:45:20,041] {logging_mixin.py:109} INFO - [2022-03-26 12:45:20,041] {native_type_compatibility.py:248} INFO - Using Any for unsupported type: typing.MutableMapping[str, typing.Any]
[2022-03-26 12:45:20,041] {logging_mixin.py:109} INFO - [2022-03-26 12:45:20,041] {native_type_compatibility.py:248} INFO - Using Any for unsupported type: typing.MutableMapping[str, typing.Any]
[2022-03-26 12:45:20,042] {logging_mixin.py:109} INFO - [2022-03-26 12:45:20,042] {native_type_compatibility.py:248} INFO - Using Any for unsupported type: typing.MutableMapping[str, typing.Any]
[2022-03-26 12:45:20,042] {logging_mixin.py:109} INFO - [2022-03-26 12:45:20,042] {native_type_compatibility.py:248} INFO - Using Any for unsupported type: typing.MutableMapping[str, typing.Any]
[2022-03-26 12:45:20,042] {logging_mixin.py:109} INFO - [2022-03-26 12:45:20,042] {native_type_compatibility.py:248} INFO - Using Any for unsupported type: typing.MutableMapping[str, typing.Any]
[2022-03-26 12:45:20,042] {logging_mixin.py:109} INFO - [2022-03-26 12:45:20,042] {native_type_compatibility.py:248} INFO - Using Any for unsupported type: typing.MutableMapping[str, typing.Any]
[2022-03-26 12:45:20,042] {logging_mixin.py:109} INFO - [2022-03-26 12:45:20,042] {native_type_compatibility.py:248} INFO - Using Any for unsupported type: typing.MutableMapping[str, typing.Any]
[2022-03-26 12:45:20,043] {logging_mixin.py:109} INFO - [2022-03-26 12:45:20,043] {native_type_compatibility.py:248} INFO - Using Any for unsupported type: typing.MutableMapping[str, typing.Any]
[2022-03-26 12:45:20,043] {logging_mixin.py:109} INFO - [2022-03-26 12:45:20,043] {native_type_compatibility.py:248} INFO - Using Any for unsupported type: typing.MutableMapping[str, typing.Any]
[2022-03-26 12:45:20,043] {logging_mixin.py:109} INFO - [2022-03-26 12:45:20,043] {native_type_compatibility.py:248} INFO - Using Any for unsupported type: typing.MutableMapping[str, typing.Any]
[2022-03-26 12:45:20,043] {logging_mixin.py:109} INFO - [2022-03-26 12:45:20,043] {native_type_compatibility.py:248} INFO - Using Any for unsupported type: typing.MutableMapping[str, typing.Any]
[2022-03-26 12:45:20,044] {logging_mixin.py:109} INFO - [2022-03-26 12:45:20,044] {native_type_compatibility.py:248} INFO - Using Any for unsupported type: typing.MutableMapping[str, typing.Any]
[2022-03-26 12:45:20,044] {logging_mixin.py:109} INFO - [2022-03-26 12:45:20,044] {native_type_compatibility.py:248} INFO - Using Any for unsupported type: typing.MutableMapping[str, typing.Any]
[2022-03-26 12:45:20,334] {logging_mixin.py:109} INFO - [2022-03-26 12:45:20,333] {native_type_compatibility.py:248} INFO - Using Any for unsupported type: typing.MutableMapping[str, typing.Any]
[2022-03-26 12:45:20,334] {logging_mixin.py:109} INFO - [2022-03-26 12:45:20,334] {native_type_compatibility.py:248} INFO - Using Any for unsupported type: typing.MutableMapping[str, typing.Any]
[2022-03-26 12:45:20,334] {logging_mixin.py:109} INFO - [2022-03-26 12:45:20,334] {native_type_compatibility.py:248} INFO - Using Any for unsupported type: typing.MutableMapping[str, typing.Any]
[2022-03-26 12:45:20,334] {logging_mixin.py:109} INFO - [2022-03-26 12:45:20,334] {native_type_compatibility.py:248} INFO - Using Any for unsupported type: typing.MutableMapping[str, typing.Any]
[2022-03-26 12:45:20,335] {logging_mixin.py:109} INFO - [2022-03-26 12:45:20,335] {native_type_compatibility.py:248} INFO - Using Any for unsupported type: typing.MutableMapping[str, typing.Any]
[2022-03-26 12:45:20,336] {logging_mixin.py:109} INFO - [2022-03-26 12:45:20,336] {native_type_compatibility.py:248} INFO - Using Any for unsupported type: typing.MutableMapping[str, typing.Any]
[2022-03-26 12:45:20,336] {logging_mixin.py:109} INFO - [2022-03-26 12:45:20,336] {native_type_compatibility.py:248} INFO - Using Any for unsupported type: typing.MutableMapping[str, typing.Any]
[2022-03-26 12:45:20,336] {logging_mixin.py:109} INFO - [2022-03-26 12:45:20,336] {native_type_compatibility.py:248} INFO - Using Any for unsupported type: typing.MutableMapping[str, typing.Any]
[2022-03-26 12:45:20,341] {logging_mixin.py:109} INFO - [2022-03-26 12:45:20,341] {native_type_compatibility.py:248} INFO - Using Any for unsupported type: typing.MutableMapping[str, typing.Any]
[2022-03-26 12:45:20,341] {logging_mixin.py:109} INFO - [2022-03-26 12:45:20,341] {native_type_compatibility.py:248} INFO - Using Any for unsupported type: typing.MutableMapping[str, typing.Any]
[2022-03-26 12:45:20,341] {logging_mixin.py:109} INFO - [2022-03-26 12:45:20,341] {native_type_compatibility.py:248} INFO - Using Any for unsupported type: typing.MutableMapping[str, typing.Any]
[2022-03-26 12:45:20,342] {logging_mixin.py:109} INFO - [2022-03-26 12:45:20,341] {native_type_compatibility.py:248} INFO - Using Any for unsupported type: typing.MutableMapping[str, typing.Any]
[2022-03-26 12:45:20,348] {logging_mixin.py:109} INFO - [2022-03-26 12:45:20,348] {executor.py:43} INFO - tensorflow_text is not available: No module named 'tensorflow_text'
[2022-03-26 12:45:20,779] {logging_mixin.py:109} INFO - [2022-03-26 12:45:20,779] {component.py:78} INFO - Excluding no splits because exclude_splits is not set.
[2022-03-26 12:45:20,779] {logging_mixin.py:109} INFO - [2022-03-26 12:45:20,779] {component.py:81} INFO - Excluding no splits because exclude_splits is not set.
[2022-03-26 12:45:20,780] {logging_mixin.py:109} INFO - [2022-03-26 12:45:20,779] {component.py:80} INFO - Excluding no splits because exclude_splits is not set.
[2022-03-26 12:45:20,780] {logging_mixin.py:109} INFO - [2022-03-26 12:45:20,780] {component.py:176} WARNING - `custom_executor_spec` is deprecated. Please customize component directly.
[2022-03-26 12:45:20,780] {logging_mixin.py:109} INFO - [2022-03-26 12:45:20,780] {component.py:180} WARNING - `transformed_examples` is deprecated. Please use `examples` instead.
[2022-03-26 12:45:20,811] {logging_mixin.py:109} INFO - save model dir:/opt/airflow/census_consumer_complaint_data/saved_models
[2022-03-26 12:45:20,813] {logging_mixin.py:109} INFO - [2022-03-26 12:45:20,813] {udf_utils.py:233} INFO - Generating ephemeral wheel package for '/home/airflow/.local/lib/python3.7/site-packages/census_consumer_complaint_component/feature_engineering/feature_engineering.py' (including modules: ['feature_engineering']).
[2022-03-26 12:45:20,813] {logging_mixin.py:109} INFO - [2022-03-26 12:45:20,813] {udf_utils.py:237} INFO - User module package has hash fingerprint version a771a9c4e311edd1189745bf9146b2281be3b819e63daa8f4d2f6d881acc99c9.
[2022-03-26 12:45:20,814] {logging_mixin.py:109} INFO - [2022-03-26 12:45:20,814] {udf_utils.py:251} INFO - Executing: ['/usr/local/bin/python', '/tmp/tmpv0nhh5fc/_tfx_generated_setup.py', 'bdist_wheel', '--bdist-dir', '/tmp/tmp7inyiyzi', '--dist-dir', '/tmp/tmpt_85vv7l']
[2022-03-26 12:45:21,352] {logging_mixin.py:109} INFO - [2022-03-26 12:45:21,352] {udf_utils.py:272} INFO - Successfully built user code wheel distribution at '/opt/airflow/census_consumer_complaint_data/census_consumer_complaint/artifact/_wheels/tfx_user_code_Transform-0.0+a771a9c4e311edd1189745bf9146b2281be3b819e63daa8f4d2f6d881acc99c9-py3-none-any.whl'; target user module is 'feature_engineering'.
[2022-03-26 12:45:21,352] {logging_mixin.py:109} INFO - [2022-03-26 12:45:21,352] {udf_utils.py:279} INFO - Full user module path is 'feature_engineering@/opt/airflow/census_consumer_complaint_data/census_consumer_complaint/artifact/_wheels/tfx_user_code_Transform-0.0+a771a9c4e311edd1189745bf9146b2281be3b819e63daa8f4d2f6d881acc99c9-py3-none-any.whl'
[2022-03-26 12:45:21,353] {logging_mixin.py:109} INFO - [2022-03-26 12:45:21,353] {udf_utils.py:233} INFO - Generating ephemeral wheel package for '/home/airflow/.local/lib/python3.7/site-packages/census_consumer_complaint_component/model_training/trainer.py' (including modules: ['trainer']).
[2022-03-26 12:45:21,354] {logging_mixin.py:109} INFO - [2022-03-26 12:45:21,353] {udf_utils.py:237} INFO - User module package has hash fingerprint version 7d38a8f688a527b8a8904485f99d6148d714a43b7d0dce30e3cd107e531e97d0.
[2022-03-26 12:45:21,354] {logging_mixin.py:109} INFO - [2022-03-26 12:45:21,354] {udf_utils.py:251} INFO - Executing: ['/usr/local/bin/python', '/tmp/tmp2cg1oetv/_tfx_generated_setup.py', 'bdist_wheel', '--bdist-dir', '/tmp/tmpslb35fy8', '--dist-dir', '/tmp/tmps6k18itt']
[2022-03-26 12:45:21,923] {logging_mixin.py:109} INFO - [2022-03-26 12:45:21,923] {udf_utils.py:272} INFO - Successfully built user code wheel distribution at '/opt/airflow/census_consumer_complaint_data/census_consumer_complaint/artifact/_wheels/tfx_user_code_Trainer-0.0+7d38a8f688a527b8a8904485f99d6148d714a43b7d0dce30e3cd107e531e97d0-py3-none-any.whl'; target user module is 'trainer'.
[2022-03-26 12:45:21,923] {logging_mixin.py:109} INFO - [2022-03-26 12:45:21,923] {udf_utils.py:279} INFO - Full user module path is 'trainer@/opt/airflow/census_consumer_complaint_data/census_consumer_complaint/artifact/_wheels/tfx_user_code_Trainer-0.0+7d38a8f688a527b8a8904485f99d6148d714a43b7d0dce30e3cd107e531e97d0-py3-none-any.whl'
[2022-03-26 12:45:21,934] {processor.py:654} INFO - DAG(s) dict_keys(['census_consumer_complaint']) retrieved from /opt/airflow/dags/census_consumer_complaint.py
[2022-03-26 12:45:21,940] {logging_mixin.py:109} INFO - [2022-03-26 12:45:21,940] {dag.py:2398} INFO - Sync 1 DAGs
[2022-03-26 12:45:22,123] {logging_mixin.py:109} INFO - [2022-03-26 12:45:22,123] {dag.py:2937} INFO - Setting next_dagrun for census_consumer_complaint to 2022-03-26T00:00:00+00:00
[2022-03-26 12:45:22,127] {processor.py:171} INFO - Processing /opt/airflow/dags/census_consumer_complaint.py took 4.170 seconds
