[2022-03-24 15:57:47,865] {taskinstance.py:1037} INFO - Dependencies all met for <TaskInstance: census_consumer_complaint.Evaluator manual__2022-03-24T15:42:29.578379+00:00 [queued]>
[2022-03-24 15:57:47,871] {taskinstance.py:1037} INFO - Dependencies all met for <TaskInstance: census_consumer_complaint.Evaluator manual__2022-03-24T15:42:29.578379+00:00 [queued]>
[2022-03-24 15:57:47,871] {taskinstance.py:1243} INFO - 
--------------------------------------------------------------------------------
[2022-03-24 15:57:47,871] {taskinstance.py:1244} INFO - Starting attempt 1 of 1
[2022-03-24 15:57:47,871] {taskinstance.py:1245} INFO - 
--------------------------------------------------------------------------------
[2022-03-24 15:57:47,876] {taskinstance.py:1264} INFO - Executing <Task(AirflowComponent): Evaluator> on 2022-03-24 15:42:29.578379+00:00
[2022-03-24 15:57:47,891] {standard_task_runner.py:52} INFO - Started process 1465 to run task
[2022-03-24 15:57:47,894] {standard_task_runner.py:76} INFO - Running: ['***', 'tasks', 'run', 'census_consumer_complaint', 'Evaluator', 'manual__2022-03-24T15:42:29.578379+00:00', '--job-id', '63', '--raw', '--subdir', 'DAGS_FOLDER/census_consumer_complaint.py', '--cfg-path', '/tmp/tmpsi4i2tjl', '--error-file', '/tmp/tmpidue6pbf']
[2022-03-24 15:57:47,894] {standard_task_runner.py:77} INFO - Job 63: Subtask Evaluator
[2022-03-24 15:57:47,924] {logging_mixin.py:109} INFO - Running <TaskInstance: census_consumer_complaint.Evaluator manual__2022-03-24T15:42:29.578379+00:00 [running]> on host 691464fec4e5
[2022-03-24 15:57:47,954] {taskinstance.py:1431} INFO - Exporting the following env vars:
AIRFLOW_CTX_DAG_OWNER=***
AIRFLOW_CTX_DAG_ID=census_consumer_complaint
AIRFLOW_CTX_TASK_ID=Evaluator
AIRFLOW_CTX_EXECUTION_DATE=2022-03-24T15:42:29.578379+00:00
AIRFLOW_CTX_DAG_RUN_ID=manual__2022-03-24T15:42:29.578379+00:00
[2022-03-24 15:57:47,955] {base_component_launcher.py:190} INFO - Running driver for Evaluator
[2022-03-24 15:57:47,959] {metadata_store.py:101} INFO - MetadataStore with DB connection initialized
[2022-03-24 15:57:47,973] {base_component_launcher.py:196} INFO - Running executor for Evaluator
[2022-03-24 15:57:47,974] {udf_utils.py:48} INFO - udf_utils.get_fn {'eval_config': '{\n  "metrics_specs": [\n    {\n      "metrics": [\n        {\n          "class_name": "BinaryAccuracy"\n        },\n        {\n          "class_name": "ExampleCount"\n        },\n        {\n          "class_name": "AUC"\n        }\n      ]\n    }\n  ],\n  "model_specs": [\n    {\n      "label_key": "Consumer disputed?"\n    }\n  ],\n  "slicing_specs": [\n    {},\n    {\n      "feature_keys": [\n        "Product"\n      ]\n    }\n  ]\n}', 'feature_slicing_spec': None, 'fairness_indicator_thresholds': 'null', 'example_splits': 'null', 'module_file': None, 'module_path': None} 'custom_eval_shared_model'
[2022-03-24 15:57:47,975] {config_util.py:186} INFO - Request was made to ignore the baseline ModelSpec and any change thresholds. This is likely because a baseline model was not provided: updated_config=
model_specs {
  label_key: "Consumer disputed?"
}
slicing_specs {
}
slicing_specs {
  feature_keys: "Product"
}
metrics_specs {
  metrics {
    class_name: "BinaryAccuracy"
  }
  metrics {
    class_name: "ExampleCount"
  }
  metrics {
    class_name: "AUC"
  }
}

[2022-03-24 15:57:47,977] {executor.py:188} INFO - Using /opt/***/census_consumer_complaint_data/census_consumer_complaint/artifact/Trainer/model/11/Format-Serving as  model.
[2022-03-24 15:57:48,381] {base.py:322} WARNING - Inconsistent references when loading the checkpoint into this object graph. Either the Trackable object references in the Python program have changed in an incompatible way, or the checkpoint was generated in an incompatible program.

Two checkpoint references resolved to different objects (<keras.saving.saved_model.load.TensorFlowTransform>TransformFeaturesLayer object at 0x7f28b3df19d0> and <keras.engine.input_layer.InputLayer object at 0x7f28b4f22c50>).
[2022-03-24 15:57:48,455] {executor.py:233} INFO - The 'example_splits' parameter is not set, using 'eval' split.
[2022-03-24 15:57:48,455] {executor.py:236} INFO - Evaluating model.
[2022-03-24 15:57:48,456] {pipeline.py:188} INFO - Missing pipeline option (runner). Executing pipeline using the default runner: DirectRunner.
[2022-03-24 15:57:48,500] {udf_utils.py:48} INFO - udf_utils.get_fn {'eval_config': '{\n  "metrics_specs": [\n    {\n      "metrics": [\n        {\n          "class_name": "BinaryAccuracy"\n        },\n        {\n          "class_name": "ExampleCount"\n        },\n        {\n          "class_name": "AUC"\n        }\n      ]\n    }\n  ],\n  "model_specs": [\n    {\n      "label_key": "Consumer disputed?"\n    }\n  ],\n  "slicing_specs": [\n    {},\n    {\n      "feature_keys": [\n        "Product"\n      ]\n    }\n  ]\n}', 'feature_slicing_spec': None, 'fairness_indicator_thresholds': 'null', 'example_splits': 'null', 'module_file': None, 'module_path': None} 'custom_extractors'
[2022-03-24 15:57:48,501] {config_util.py:186} INFO - Request was made to ignore the baseline ModelSpec and any change thresholds. This is likely because a baseline model was not provided: updated_config=
model_specs {
  label_key: "Consumer disputed?"
}
slicing_specs {
}
slicing_specs {
  feature_keys: "Product"
}
metrics_specs {
  metrics {
    class_name: "BinaryAccuracy"
  }
  metrics {
    class_name: "ExampleCount"
  }
  metrics {
    class_name: "AUC"
  }
  model_names: ""
}

[2022-03-24 15:57:48,502] {config_util.py:186} INFO - Request was made to ignore the baseline ModelSpec and any change thresholds. This is likely because a baseline model was not provided: updated_config=
model_specs {
  label_key: "Consumer disputed?"
}
slicing_specs {
}
slicing_specs {
  feature_keys: "Product"
}
metrics_specs {
  metrics {
    class_name: "BinaryAccuracy"
  }
  metrics {
    class_name: "ExampleCount"
  }
  metrics {
    class_name: "AUC"
  }
  model_names: ""
}

[2022-03-24 15:57:48,502] {config_util.py:186} INFO - Request was made to ignore the baseline ModelSpec and any change thresholds. This is likely because a baseline model was not provided: updated_config=
model_specs {
  label_key: "Consumer disputed?"
}
slicing_specs {
}
slicing_specs {
  feature_keys: "Product"
}
metrics_specs {
  metrics {
    class_name: "BinaryAccuracy"
  }
  metrics {
    class_name: "ExampleCount"
  }
  metrics {
    class_name: "AUC"
  }
  model_names: ""
}

[2022-03-24 15:57:48,503] {native_type_compatibility.py:248} INFO - Using Any for unsupported type: typing.MutableMapping[str, typing.Any]
[2022-03-24 15:57:48,503] {native_type_compatibility.py:248} INFO - Using Any for unsupported type: typing.MutableMapping[str, typing.Any]
[2022-03-24 15:57:48,530] {native_type_compatibility.py:248} INFO - Using Any for unsupported type: typing.MutableMapping[str, typing.Any]
[2022-03-24 15:57:48,530] {native_type_compatibility.py:248} INFO - Using Any for unsupported type: typing.MutableMapping[str, typing.Any]
[2022-03-24 15:57:48,539] {native_type_compatibility.py:248} INFO - Using Any for unsupported type: typing.MutableMapping[str, typing.Any]
[2022-03-24 15:57:48,539] {native_type_compatibility.py:248} INFO - Using Any for unsupported type: typing.Sequence[typing.MutableMapping[str, typing.Any]]
[2022-03-24 15:57:48,539] {native_type_compatibility.py:248} INFO - Using Any for unsupported type: typing.MutableMapping[str, typing.Any]
[2022-03-24 15:57:48,539] {native_type_compatibility.py:248} INFO - Using Any for unsupported type: typing.Sequence[typing.MutableMapping[str, typing.Any]]
[2022-03-24 15:57:48,540] {native_type_compatibility.py:248} INFO - Using Any for unsupported type: typing.MutableMapping[str, typing.Any]
[2022-03-24 15:57:48,540] {native_type_compatibility.py:248} INFO - Using Any for unsupported type: typing.Sequence[typing.MutableMapping[str, typing.Any]]
[2022-03-24 15:57:48,541] {native_type_compatibility.py:248} INFO - Using Any for unsupported type: typing.MutableMapping[str, typing.Any]
[2022-03-24 15:57:48,541] {native_type_compatibility.py:248} INFO - Using Any for unsupported type: typing.MutableMapping[str, typing.Any]
[2022-03-24 15:57:48,545] {native_type_compatibility.py:248} INFO - Using Any for unsupported type: typing.MutableMapping[str, typing.Any]
[2022-03-24 15:57:48,545] {native_type_compatibility.py:248} INFO - Using Any for unsupported type: typing.MutableMapping[str, typing.Any]
[2022-03-24 15:57:48,553] {native_type_compatibility.py:248} INFO - Using Any for unsupported type: typing.MutableMapping[str, typing.Any]
[2022-03-24 15:57:48,554] {native_type_compatibility.py:248} INFO - Using Any for unsupported type: typing.Sequence[typing.MutableMapping[str, typing.Any]]
[2022-03-24 15:57:48,554] {native_type_compatibility.py:248} INFO - Using Any for unsupported type: typing.MutableMapping[str, typing.Any]
[2022-03-24 15:57:48,554] {native_type_compatibility.py:248} INFO - Using Any for unsupported type: typing.Sequence[typing.MutableMapping[str, typing.Any]]
[2022-03-24 15:57:48,554] {native_type_compatibility.py:248} INFO - Using Any for unsupported type: typing.MutableMapping[str, typing.Any]
[2022-03-24 15:57:48,554] {native_type_compatibility.py:248} INFO - Using Any for unsupported type: typing.Sequence[typing.MutableMapping[str, typing.Any]]
[2022-03-24 15:57:48,557] {native_type_compatibility.py:248} INFO - Using Any for unsupported type: typing.MutableMapping[str, typing.Any]
[2022-03-24 15:57:48,557] {native_type_compatibility.py:248} INFO - Using Any for unsupported type: typing.Sequence[typing.MutableMapping[str, typing.Any]]
[2022-03-24 15:57:48,558] {native_type_compatibility.py:248} INFO - Using Any for unsupported type: typing.MutableMapping[str, typing.Any]
[2022-03-24 15:57:48,558] {native_type_compatibility.py:248} INFO - Using Any for unsupported type: typing.Sequence[typing.MutableMapping[str, typing.Any]]
[2022-03-24 15:57:48,558] {native_type_compatibility.py:248} INFO - Using Any for unsupported type: typing.MutableMapping[str, typing.Any]
[2022-03-24 15:57:48,558] {native_type_compatibility.py:248} INFO - Using Any for unsupported type: typing.Sequence[typing.MutableMapping[str, typing.Any]]
[2022-03-24 15:57:48,561] {native_type_compatibility.py:248} INFO - Using Any for unsupported type: typing.MutableMapping[str, typing.Any]
[2022-03-24 15:57:48,562] {native_type_compatibility.py:248} INFO - Using Any for unsupported type: typing.MutableMapping[str, typing.Any]
[2022-03-24 15:57:48,562] {native_type_compatibility.py:248} INFO - Using Any for unsupported type: typing.MutableMapping[str, typing.Any]
[2022-03-24 15:57:48,562] {native_type_compatibility.py:248} INFO - Using Any for unsupported type: typing.MutableMapping[str, typing.Any]
[2022-03-24 15:57:48,562] {native_type_compatibility.py:248} INFO - Using Any for unsupported type: typing.MutableMapping[str, typing.Any]
[2022-03-24 15:57:48,563] {native_type_compatibility.py:248} INFO - Using Any for unsupported type: typing.MutableMapping[str, typing.Any]
[2022-03-24 15:57:49,043] {util.py:182} WARNING - Unresolved object in checkpoint: (root).layer-0._init_input_shape
[2022-03-24 15:57:49,044] {util.py:190} WARNING - A checkpoint was restored (e.g. tf.train.Checkpoint.restore or tf.keras.Model.load_weights) but not all checkpointed values were used. See above for specific issues. Use expect_partial() on the load status object, e.g. tf.train.Checkpoint.restore(...).expect_partial(), to silence these warnings, or use assert_consumed() to make the check explicit. See https://www.tensorflow.org/guide/checkpoint#loading_mechanics for details.
[2022-03-24 15:57:49,137] {base.py:322} WARNING - Inconsistent references when loading the checkpoint into this object graph. Either the Trackable object references in the Python program have changed in an incompatible way, or the checkpoint was generated in an incompatible program.

Two checkpoint references resolved to different objects (<keras.saving.saved_model.load.TensorFlowTransform>TransformFeaturesLayer object at 0x7f281c731f50> and <keras.engine.input_layer.InputLayer object at 0x7f28349361d0>).
[2022-03-24 15:57:49,218] {native_type_compatibility.py:248} INFO - Using Any for unsupported type: typing.MutableMapping[str, typing.Any]
[2022-03-24 15:57:49,218] {native_type_compatibility.py:248} INFO - Using Any for unsupported type: typing.MutableMapping[str, typing.Any]
[2022-03-24 15:57:49,219] {native_type_compatibility.py:248} INFO - Using Any for unsupported type: typing.MutableMapping[str, typing.Any]
[2022-03-24 15:57:49,223] {native_type_compatibility.py:248} INFO - Using Any for unsupported type: typing.MutableMapping[str, typing.Any]
[2022-03-24 15:57:49,223] {native_type_compatibility.py:248} INFO - Using Any for unsupported type: typing.MutableMapping[str, typing.Any]
[2022-03-24 15:57:49,223] {native_type_compatibility.py:248} INFO - Using Any for unsupported type: typing.MutableMapping[str, typing.Any]
[2022-03-24 15:57:49,223] {native_type_compatibility.py:248} INFO - Using Any for unsupported type: typing.MutableMapping[str, typing.Any]
[2022-03-24 15:57:49,224] {native_type_compatibility.py:248} INFO - Using Any for unsupported type: typing.MutableMapping[str, typing.Any]
[2022-03-24 15:57:49,224] {native_type_compatibility.py:248} INFO - Using Any for unsupported type: typing.MutableMapping[str, typing.Any]
[2022-03-24 15:57:49,420] {native_type_compatibility.py:248} INFO - Using Any for unsupported type: typing.Type[typing.Union[tensorflow_model_analysis.metrics.metric_types.MetricKey, tensorflow_model_analysis.metrics.metric_types.PlotKey, tensorflow_model_analysis.metrics.metric_types.AttributionsKey]]
[2022-03-24 15:57:49,424] {native_type_compatibility.py:248} INFO - Using Any for unsupported type: typing.Type[typing.Union[tensorflow_model_analysis.metrics.metric_types.MetricKey, tensorflow_model_analysis.metrics.metric_types.PlotKey, tensorflow_model_analysis.metrics.metric_types.AttributionsKey]]
[2022-03-24 15:57:49,428] {native_type_compatibility.py:248} INFO - Using Any for unsupported type: typing.Type[typing.Union[tensorflow_model_analysis.metrics.metric_types.MetricKey, tensorflow_model_analysis.metrics.metric_types.PlotKey, tensorflow_model_analysis.metrics.metric_types.AttributionsKey]]
[2022-03-24 15:57:49,486] {native_type_compatibility.py:248} INFO - Using Any for unsupported type: typing.Callable[[typing.Union[tensorflow.python.framework.ops.Tensor, tensorflow.python.framework.sparse_tensor.SparseTensor, tensorflow.python.ops.ragged.ragged_tensor.RaggedTensor, typing.Dict[str, typing.Union[tensorflow.python.framework.ops.Tensor, tensorflow.python.framework.sparse_tensor.SparseTensor, tensorflow.python.ops.ragged.ragged_tensor.RaggedTensor]]], typing.Union[tensorflow.python.framework.ops.Tensor, tensorflow.python.framework.sparse_tensor.SparseTensor, tensorflow.python.ops.ragged.ragged_tensor.RaggedTensor, typing.Dict[str, typing.Union[tensorflow.python.framework.ops.Tensor, tensorflow.python.framework.sparse_tensor.SparseTensor, tensorflow.python.ops.ragged.ragged_tensor.RaggedTensor]]], typing.Union[tensorflow.python.framework.ops.Tensor, tensorflow.python.framework.sparse_tensor.SparseTensor, tensorflow.python.ops.ragged.ragged_tensor.RaggedTensor, typing.Dict[str, typing.Union[tensorflow.python.framework.ops.Tensor, tensorflow.python.framework.sparse_tensor.SparseTensor, tensorflow.python.ops.ragged.ragged_tensor.RaggedTensor]]]], typing.Dict[str, typing.Tuple[typing.Union[tensorflow.python.framework.ops.Tensor, tensorflow.python.framework.sparse_tensor.SparseTensor, tensorflow.python.ops.ragged.ragged_tensor.RaggedTensor], typing.Union[tensorflow.python.framework.ops.Tensor, tensorflow.python.framework.sparse_tensor.SparseTensor, tensorflow.python.ops.ragged.ragged_tensor.RaggedTensor]]]]
[2022-03-24 15:57:49,525] {native_type_compatibility.py:248} INFO - Using Any for unsupported type: typing.Callable[[typing.Union[tensorflow.python.framework.ops.Tensor, tensorflow.python.framework.sparse_tensor.SparseTensor, tensorflow.python.ops.ragged.ragged_tensor.RaggedTensor, typing.Dict[str, typing.Union[tensorflow.python.framework.ops.Tensor, tensorflow.python.framework.sparse_tensor.SparseTensor, tensorflow.python.ops.ragged.ragged_tensor.RaggedTensor]]], typing.Union[tensorflow.python.framework.ops.Tensor, tensorflow.python.framework.sparse_tensor.SparseTensor, tensorflow.python.ops.ragged.ragged_tensor.RaggedTensor, typing.Dict[str, typing.Union[tensorflow.python.framework.ops.Tensor, tensorflow.python.framework.sparse_tensor.SparseTensor, tensorflow.python.ops.ragged.ragged_tensor.RaggedTensor]]], typing.Union[tensorflow.python.framework.ops.Tensor, tensorflow.python.framework.sparse_tensor.SparseTensor, tensorflow.python.ops.ragged.ragged_tensor.RaggedTensor, typing.Dict[str, typing.Union[tensorflow.python.framework.ops.Tensor, tensorflow.python.framework.sparse_tensor.SparseTensor, tensorflow.python.ops.ragged.ragged_tensor.RaggedTensor]]]], typing.Dict[str, typing.Tuple[typing.Union[tensorflow.python.framework.ops.Tensor, tensorflow.python.framework.sparse_tensor.SparseTensor, tensorflow.python.ops.ragged.ragged_tensor.RaggedTensor], typing.Union[tensorflow.python.framework.ops.Tensor, tensorflow.python.framework.sparse_tensor.SparseTensor, tensorflow.python.ops.ragged.ragged_tensor.RaggedTensor]]]]
[2022-03-24 15:57:49,716] {environments.py:374} WARNING - Make sure that locally built Python SDK docker image has Python 3.7 interpreter.
[2022-03-24 15:57:49,717] {environments.py:380} INFO - Default Python SDK image for environment is apache/beam_python3.7_sdk:2.37.0
[2022-03-24 15:57:50,121] {translations.py:678} INFO - ==================== <function annotate_downstream_side_inputs at 0x7f28364cd950> ====================
[2022-03-24 15:57:50,122] {translations.py:678} INFO - ==================== <function fix_side_input_pcoll_coders at 0x7f28364cda70> ====================
[2022-03-24 15:57:50,123] {translations.py:678} INFO - ==================== <function pack_combiners at 0x7f28364cdf80> ====================
[2022-03-24 15:57:50,125] {translations.py:678} INFO - ==================== <function lift_combiners at 0x7f28364ce050> ====================
[2022-03-24 15:57:50,127] {translations.py:678} INFO - ==================== <function expand_sdf at 0x7f28364ce200> ====================
[2022-03-24 15:57:50,129] {translations.py:678} INFO - ==================== <function expand_gbk at 0x7f28364ce290> ====================
[2022-03-24 15:57:50,130] {translations.py:678} INFO - ==================== <function sink_flattens at 0x7f28364ce3b0> ====================
[2022-03-24 15:57:50,131] {translations.py:678} INFO - ==================== <function greedily_fuse at 0x7f28364ce440> ====================
[2022-03-24 15:57:50,137] {translations.py:678} INFO - ==================== <function read_to_impulse at 0x7f28364ce4d0> ====================
[2022-03-24 15:57:50,138] {translations.py:678} INFO - ==================== <function impulse_to_input at 0x7f28364ce560> ====================
[2022-03-24 15:57:50,138] {translations.py:678} INFO - ==================== <function sort_stages at 0x7f28364ce7a0> ====================
[2022-03-24 15:57:50,139] {translations.py:678} INFO - ==================== <function setup_timer_mapping at 0x7f28364ce710> ====================
[2022-03-24 15:57:50,140] {translations.py:678} INFO - ==================== <function populate_data_channel_coders at 0x7f28364ce830> ====================
[2022-03-24 15:57:50,160] {statecache.py:172} INFO - Creating state cache with size 100
[2022-03-24 15:57:50,160] {worker_handlers.py:894} INFO - Created Worker handler <apache_beam.runners.portability.fn_api_runner.worker_handlers.EmbeddedWorkerHandler object at 0x7f27fa691390> for environment ref_Environment_default_environment_1 (beam:env:embedded_python:v1, b'')
[2022-03-24 15:57:50,161] {fn_runner.py:621} INFO - Running (((((ref_AppliedPTransform_ExtractEvaluateAndWriteResults-WriteResults-WriteMetricsAndPlots-WritePlotsToT_160)+(ref_AppliedPTransform_ExtractEvaluateAndWriteResults-WriteResults-WriteMetricsAndPlots-WritePlotsToT_161))+(ref_AppliedPTransform_ExtractEvaluateAndWriteResults-WriteResults-WriteMetricsAndPlots-WritePlotsToT_163))+(ref_AppliedPTransform_ExtractEvaluateAndWriteResults-WriteResults-WriteMetricsAndPlots-WritePlotsToT_164))+(ref_PCollection_PCollection_90/Write))+(ref_PCollection_PCollection_91/Write)
[2022-03-24 15:57:50,177] {fn_runner.py:621} INFO - Running (((((ref_AppliedPTransform_ExtractEvaluateAndWriteResults-WriteResults-WriteMetricsAndPlots-WriteAttribut_177)+(ref_AppliedPTransform_ExtractEvaluateAndWriteResults-WriteResults-WriteMetricsAndPlots-WriteAttribut_178))+(ref_AppliedPTransform_ExtractEvaluateAndWriteResults-WriteResults-WriteMetricsAndPlots-WriteAttribut_180))+(ref_AppliedPTransform_ExtractEvaluateAndWriteResults-WriteResults-WriteMetricsAndPlots-WriteAttribut_181))+(ref_PCollection_PCollection_102/Write))+(ref_PCollection_PCollection_103/Write)
[2022-03-24 15:57:50,192] {fn_runner.py:621} INFO - Running ((((ref_AppliedPTransform_ReadFromTFRecordToArrow-eval-0-RawRecordBeamSource-ReadRawRecords-ReadFromTFRe_7)+(ref_AppliedPTransform_ReadFromTFRecordToArrow-eval-0-RawRecordBeamSource-ReadRawRecords-ReadFromTFRe_8))+(ReadFromTFRecordToArrow[eval][0]/RawRecordBeamSource/ReadRawRecords/ReadFromTFRecord[0]/Read/SDFBoundedSourceReader/ParDo(SDFBoundedSourceDoFn)/PairWithRestriction))+(ReadFromTFRecordToArrow[eval][0]/RawRecordBeamSource/ReadRawRecords/ReadFromTFRecord[0]/Read/SDFBoundedSourceReader/ParDo(SDFBoundedSourceDoFn)/SplitAndSizeRestriction))+(ref_PCollection_PCollection_2_split/Write)
[2022-03-24 15:57:50,216] {fn_runner.py:621} INFO - Running (((((((((((((((((((((((((((((((ref_PCollection_PCollection_2_split/Read)+(ReadFromTFRecordToArrow[eval][0]/RawRecordBeamSource/ReadRawRecords/ReadFromTFRecord[0]/Read/SDFBoundedSourceReader/ParDo(SDFBoundedSourceDoFn)/Process))+(ref_AppliedPTransform_ReadFromTFRecordToArrow-eval-0-RawRecordBeamSource-ReadRawRecords-FlattenPColl_11))+(ref_AppliedPTransform_ReadFromTFRecordToArrow-eval-0-RawRecordBeamSource-CollectRawRecordTelemetry-P_13))+(ref_AppliedPTransform_ReadFromTFRecordToArrow-eval-0-RawRecordToRecordBatch-RawRecordToRecordBatch-B_17))+(ref_AppliedPTransform_ReadFromTFRecordToArrow-eval-0-RawRecordToRecordBatch-RawRecordToRecordBatch-D_18))+(ref_AppliedPTransform_ReadFromTFRecordToArrow-eval-0-RawRecordToRecordBatch-CollectRecordBatchTeleme_20))+(ref_AppliedPTransform_FlattenExamples_21))+(ref_AppliedPTransform_ExtractEvaluateAndWriteResults-BatchedInputsToExtracts-AddArrowRecordBatchKey_24))+(ref_AppliedPTransform_ExtractEvaluateAndWriteResults-ExtractAndEvaluate-ExtractFeatures-ExtractFeatu_27))+(ref_AppliedPTransform_ExtractEvaluateAndWriteResults-ExtractAndEvaluate-ExtractTransformedFeatures-P_29))+(ref_AppliedPTransform_ExtractEvaluateAndWriteResults-ExtractAndEvaluate-ExtractLabels-ExtractLabels_31))+(ref_AppliedPTransform_ExtractEvaluateAndWriteResults-ExtractAndEvaluate-ExtractExampleWeights-Extrac_33))+(ref_AppliedPTransform_ExtractEvaluateAndWriteResults-ExtractAndEvaluate-ExtractPredictions-Predict_35))+(ref_AppliedPTransform_ExtractEvaluateAndWriteResults-ExtractAndEvaluate-ExtractUnbatchedInputs-Unbat_37))+(ref_AppliedPTransform_ExtractEvaluateAndWriteResults-ExtractAndEvaluate-ExtractSliceKeys-ParDo-Extra_39))+(ref_AppliedPTransform_ExtractEvaluateAndWriteResults-ExtractAndEvaluate-EvaluateMetricsAndPlots-Comp_42))+(ref_AppliedPTransform_ExtractEvaluateAndWriteResults-ExtractAndEvaluate-EvaluateMetricsAndPlots-Comp_44))+(ref_AppliedPTransform_ExtractEvaluateAndWriteResults-ExtractAndEvaluate-EvaluateMetricsAndPlots-Comp_47))+(ref_AppliedPTransform_ExtractEvaluateAndWriteResults-ExtractAndEvaluate-EvaluateMetricsAndPlots-Comp_72))+(ref_AppliedPTransform_ExtractEvaluateAndWriteResults-ExtractAndEvaluate-EvaluateMetricsAndPlots-Comp_92))+(ref_AppliedPTransform_ExtractEvaluateAndWriteResults-ExtractAndEvaluate-EvaluateMetricsAndPlots-Comp_49))+(ExtractEvaluateAndWriteResults/ExtractAndEvaluate/EvaluateMetricsAndPlots/ComputeMetricsAndPlots()/FanoutSlices/TrackDistinctSliceKeys/RemoveDuplicates/Group/Precombine))+(ExtractEvaluateAndWriteResults/ExtractAndEvaluate/EvaluateMetricsAndPlots/ComputeMetricsAndPlots()/FanoutSlices/TrackDistinctSliceKeys/RemoveDuplicates/Group/Group/Write))+(ref_AppliedPTransform_ExtractEvaluateAndWriteResults-ExtractAndEvaluate-EvaluateMetricsAndPlots-Comp_74))+(ExtractEvaluateAndWriteResults/ExtractAndEvaluate/EvaluateMetricsAndPlots/ComputeMetricsAndPlots()/CountPerSliceKey/CombinePerKey(CountCombineFn)/Precombine))+(ExtractEvaluateAndWriteResults/ExtractAndEvaluate/EvaluateMetricsAndPlots/ComputeMetricsAndPlots()/CountPerSliceKey/CombinePerKey(CountCombineFn)/Group/Write))+(ExtractEvaluateAndWriteResults/ExtractAndEvaluate/EvaluateMetricsAndPlots/ComputeMetricsAndPlots()/CombineMetricsPerSlice/Flatten/Transcode/0))+(ref_AppliedPTransform_ExtractEvaluateAndWriteResults-ExtractAndEvaluate-EvaluateMetricsAndPlots-Comp_93))+(ExtractEvaluateAndWriteResults/ExtractAndEvaluate/EvaluateMetricsAndPlots/ComputeMetricsAndPlots()/CombineMetricsPerSlice/CombinePerKey(PreCombineFn)/Precombine))+(ExtractEvaluateAndWriteResults/ExtractAndEvaluate/EvaluateMetricsAndPlots/ComputeMetricsAndPlots()/CombineMetricsPerSlice/CombinePerKey(PreCombineFn)/Group/Write))+(ExtractEvaluateAndWriteResults/ExtractAndEvaluate/EvaluateMetricsAndPlots/ComputeMetricsAndPlots()/CombineMetricsPerSlice/Flatten/Write/0)
[2022-03-24 15:57:50,670] {base.py:322} WARNING - Inconsistent references when loading the checkpoint into this object graph. Either the Trackable object references in the Python program have changed in an incompatible way, or the checkpoint was generated in an incompatible program.

Two checkpoint references resolved to different objects (<keras.saving.saved_model.load.TensorFlowTransform>TransformFeaturesLayer object at 0x7f27f9da3dd0> and <keras.engine.input_layer.InputLayer object at 0x7f27f9d82c10>).
[2022-03-24 15:57:50,996] {tfrecordio.py:60} WARNING - Couldn't find python-snappy so the implementation of _TFRecordUtil._masked_crc32c is not as fast as it could be.
[2022-03-24 16:00:57,771] {fn_runner.py:621} INFO - Running ((((((ExtractEvaluateAndWriteResults/ExtractAndEvaluate/EvaluateMetricsAndPlots/ComputeMetricsAndPlots()/CombineMetricsPerSlice/CombinePerKey(PreCombineFn)/Group/Read)+(ExtractEvaluateAndWriteResults/ExtractAndEvaluate/EvaluateMetricsAndPlots/ComputeMetricsAndPlots()/CombineMetricsPerSlice/CombinePerKey(PreCombineFn)/Merge))+(ExtractEvaluateAndWriteResults/ExtractAndEvaluate/EvaluateMetricsAndPlots/ComputeMetricsAndPlots()/CombineMetricsPerSlice/CombinePerKey(PreCombineFn)/ExtractOutputs))+(ref_AppliedPTransform_ExtractEvaluateAndWriteResults-ExtractAndEvaluate-EvaluateMetricsAndPlots-Comp_98))+(ref_AppliedPTransform_ExtractEvaluateAndWriteResults-ExtractAndEvaluate-EvaluateMetricsAndPlots-Comp_99))+(ExtractEvaluateAndWriteResults/ExtractAndEvaluate/EvaluateMetricsAndPlots/ComputeMetricsAndPlots()/CombineMetricsPerSlice/Flatten/Transcode/1))+(ExtractEvaluateAndWriteResults/ExtractAndEvaluate/EvaluateMetricsAndPlots/ComputeMetricsAndPlots()/CombineMetricsPerSlice/Flatten/Write/1)
[2022-03-24 16:00:58,128] {base.py:322} WARNING - Inconsistent references when loading the checkpoint into this object graph. Either the Trackable object references in the Python program have changed in an incompatible way, or the checkpoint was generated in an incompatible program.

Two checkpoint references resolved to different objects (<keras.saving.saved_model.load.TensorFlowTransform>TransformFeaturesLayer object at 0x7f27c5f9f0d0> and <keras.engine.input_layer.InputLayer object at 0x7f27c5b426d0>).
[2022-03-24 16:00:58,566] {base.py:322} WARNING - Inconsistent references when loading the checkpoint into this object graph. Either the Trackable object references in the Python program have changed in an incompatible way, or the checkpoint was generated in an incompatible program.

Two checkpoint references resolved to different objects (<keras.saving.saved_model.load.TensorFlowTransform>TransformFeaturesLayer object at 0x7f27e36fa890> and <keras.engine.input_layer.InputLayer object at 0x7f27e36eb490>).
[2022-03-24 16:00:58,651] {fn_runner.py:621} INFO - Running ((ExtractEvaluateAndWriteResults/ExtractAndEvaluate/EvaluateMetricsAndPlots/ComputeMetricsAndPlots()/CombineMetricsPerSlice/Flatten/Read)+(ExtractEvaluateAndWriteResults/ExtractAndEvaluate/EvaluateMetricsAndPlots/ComputeMetricsAndPlots()/CombineMetricsPerSlice/CombinePerKey(PostCombineFn)/Precombine))+(ExtractEvaluateAndWriteResults/ExtractAndEvaluate/EvaluateMetricsAndPlots/ComputeMetricsAndPlots()/CombineMetricsPerSlice/CombinePerKey(PostCombineFn)/Group/Write)
[2022-03-24 16:00:59,238] {base.py:322} WARNING - Inconsistent references when loading the checkpoint into this object graph. Either the Trackable object references in the Python program have changed in an incompatible way, or the checkpoint was generated in an incompatible program.

Two checkpoint references resolved to different objects (<keras.saving.saved_model.load.TensorFlowTransform>TransformFeaturesLayer object at 0x7f27e3145990> and <keras.engine.input_layer.InputLayer object at 0x7f27e31f7d90>).
[2022-03-24 16:00:59,317] {fn_runner.py:621} INFO - Running (((((ref_AppliedPTransform_ExtractEvaluateAndWriteResults-WriteResults-WriteMetricsAndPlots-WriteMetrics-_143)+(ref_AppliedPTransform_ExtractEvaluateAndWriteResults-WriteResults-WriteMetricsAndPlots-WriteMetrics-_144))+(ref_AppliedPTransform_ExtractEvaluateAndWriteResults-WriteResults-WriteMetricsAndPlots-WriteMetrics-_146))+(ref_AppliedPTransform_ExtractEvaluateAndWriteResults-WriteResults-WriteMetricsAndPlots-WriteMetrics-_147))+(ref_PCollection_PCollection_78/Write))+(ref_PCollection_PCollection_79/Write)
[2022-03-24 16:00:59,333] {fn_runner.py:621} INFO - Running ((((((((((((((((((((((((((((ExtractEvaluateAndWriteResults/ExtractAndEvaluate/EvaluateMetricsAndPlots/ComputeMetricsAndPlots()/CombineMetricsPerSlice/CombinePerKey(PostCombineFn)/Group/Read)+(ExtractEvaluateAndWriteResults/ExtractAndEvaluate/EvaluateMetricsAndPlots/ComputeMetricsAndPlots()/CombineMetricsPerSlice/CombinePerKey(PostCombineFn)/Merge))+(ExtractEvaluateAndWriteResults/ExtractAndEvaluate/EvaluateMetricsAndPlots/ComputeMetricsAndPlots()/CombineMetricsPerSlice/CombinePerKey(PostCombineFn)/ExtractOutputs))+(ref_AppliedPTransform_ExtractEvaluateAndWriteResults-ExtractAndEvaluate-EvaluateMetricsAndPlots-Comp_106))+(ref_AppliedPTransform_ExtractEvaluateAndWriteResults-ExtractAndEvaluate-EvaluateMetricsAndPlots-Comp_108))+(ref_AppliedPTransform_ExtractEvaluateAndWriteResults-ExtractAndEvaluate-EvaluateMetricsAndPlots-Comp_109))+(ref_AppliedPTransform_ExtractEvaluateAndWriteResults-ExtractAndEvaluate-EvaluateMetricsAndPlots-Comp_110))+(ref_AppliedPTransform_ExtractEvaluateAndWriteResults-ExtractAndEvaluate-EvaluateMetricsAndPlots-Comp_111))+(ref_AppliedPTransform_ExtractEvaluateAndWriteResults-ExtractAndEvaluate-EvaluateMetricsAndPlots-Comp_112))+(ref_AppliedPTransform_ExtractEvaluateAndWriteResults-ExtractAndEvaluate-EvaluateMetricsAndPlots-Comp_113))+(ref_AppliedPTransform_ExtractEvaluateAndWriteResults-ExtractAndEvaluate-EvaluateMetricsAndPlots-Vali_114))+(ref_AppliedPTransform_ExtractEvaluateAndWriteResults-WriteResults-WriteMetricsAndPlots-ConvertSliceM_138))+(ref_AppliedPTransform_ExtractEvaluateAndWriteResults-WriteResults-WriteMetricsAndPlots-ConvertSliceP_155))+(ref_AppliedPTransform_ExtractEvaluateAndWriteResults-WriteResults-WriteMetricsAndPlots-ConvertSliceA_172))+(ref_AppliedPTransform_ExtractEvaluateAndWriteResults-WriteResults-WriteMetricsAndPlots-MergeValidati_190))+(ref_AppliedPTransform_ExtractEvaluateAndWriteResults-WriteResults-WriteMetricsAndPlots-WriteMetrics-_148))+(ref_AppliedPTransform_ExtractEvaluateAndWriteResults-WriteResults-WriteMetricsAndPlots-WriteMetrics-_149))+(ref_AppliedPTransform_ExtractEvaluateAndWriteResults-WriteResults-WriteMetricsAndPlots-WriteMetrics-_150))+(ExtractEvaluateAndWriteResults/WriteResults/WriteMetricsAndPlots/WriteMetrics/Write/WriteImpl/GroupByKey/Write))+(ref_AppliedPTransform_ExtractEvaluateAndWriteResults-WriteResults-WriteMetricsAndPlots-WritePlotsToT_165))+(ref_AppliedPTransform_ExtractEvaluateAndWriteResults-WriteResults-WriteMetricsAndPlots-WritePlotsToT_166))+(ref_AppliedPTransform_ExtractEvaluateAndWriteResults-WriteResults-WriteMetricsAndPlots-WritePlotsToT_167))+(ExtractEvaluateAndWriteResults/WriteResults/WriteMetricsAndPlots/WritePlotsToTFRecord/Write/WriteImpl/GroupByKey/Write))+(ref_AppliedPTransform_ExtractEvaluateAndWriteResults-WriteResults-WriteMetricsAndPlots-WriteAttribut_182))+(ref_AppliedPTransform_ExtractEvaluateAndWriteResults-WriteResults-WriteMetricsAndPlots-WriteAttribut_183))+(ref_AppliedPTransform_ExtractEvaluateAndWriteResults-WriteResults-WriteMetricsAndPlots-WriteAttribut_184))+(ExtractEvaluateAndWriteResults/WriteResults/WriteMetricsAndPlots/WriteAttributionsToTFRecord/Write/WriteImpl/GroupByKey/Write))+(ExtractEvaluateAndWriteResults/WriteResults/WriteMetricsAndPlots/MergeValidationResults/CombinePerKey/Precombine))+(ExtractEvaluateAndWriteResults/WriteResults/WriteMetricsAndPlots/MergeValidationResults/CombinePerKey/Group/Write)
[2022-03-24 16:00:59,766] {base.py:322} WARNING - Inconsistent references when loading the checkpoint into this object graph. Either the Trackable object references in the Python program have changed in an incompatible way, or the checkpoint was generated in an incompatible program.

Two checkpoint references resolved to different objects (<keras.saving.saved_model.load.TensorFlowTransform>TransformFeaturesLayer object at 0x7f28b3aa84d0> and <keras.engine.input_layer.InputLayer object at 0x7f28b3c01190>).
[2022-03-24 16:01:00,178] {base.py:322} WARNING - Inconsistent references when loading the checkpoint into this object graph. Either the Trackable object references in the Python program have changed in an incompatible way, or the checkpoint was generated in an incompatible program.

Two checkpoint references resolved to different objects (<keras.saving.saved_model.load.TensorFlowTransform>TransformFeaturesLayer object at 0x7f27e2c1dc90> and <keras.engine.input_layer.InputLayer object at 0x7f27e2c09ed0>).
[2022-03-24 16:01:00,681] {warnings.py:110} WARNING - /home/***/.local/lib/python3.7/site-packages/tensorflow_model_analysis/metrics/confusion_matrix_metrics.py:492: RuntimeWarning: invalid value encountered in true_divide
  recall = tp / (tp + fn)

[2022-03-24 16:01:00,750] {fn_runner.py:621} INFO - Running (((((ref_AppliedPTransform_ExtractEvaluateAndWriteResults-WriteResults-WriteEvalConfig-WriteEvalConfig-Wr_126)+(ref_AppliedPTransform_ExtractEvaluateAndWriteResults-WriteResults-WriteEvalConfig-WriteEvalConfig-Wr_127))+(ref_AppliedPTransform_ExtractEvaluateAndWriteResults-WriteResults-WriteEvalConfig-WriteEvalConfig-Wr_129))+(ref_AppliedPTransform_ExtractEvaluateAndWriteResults-WriteResults-WriteEvalConfig-WriteEvalConfig-Wr_130))+(ref_PCollection_PCollection_67/Write))+(ref_PCollection_PCollection_68/Write)
[2022-03-24 16:01:00,766] {fn_runner.py:621} INFO - Running (((((ref_AppliedPTransform_ExtractEvaluateAndWriteResults-WriteResults-WriteEvalConfig-CreateEvalConfig-I_118)+(ref_AppliedPTransform_ExtractEvaluateAndWriteResults-WriteResults-WriteEvalConfig-CreateEvalConfig-F_119))+(ref_AppliedPTransform_ExtractEvaluateAndWriteResults-WriteResults-WriteEvalConfig-CreateEvalConfig-M_121))+(ref_AppliedPTransform_ExtractEvaluateAndWriteResults-WriteResults-WriteEvalConfig-WriteEvalConfig-Wr_131))+(ref_AppliedPTransform_ExtractEvaluateAndWriteResults-WriteResults-WriteEvalConfig-WriteEvalConfig-Wr_132))+(ExtractEvaluateAndWriteResults/WriteResults/WriteEvalConfig/WriteEvalConfig/Write/WriteImpl/GroupByKey/Write)
[2022-03-24 16:01:00,785] {fn_runner.py:621} INFO - Running ((ExtractEvaluateAndWriteResults/WriteResults/WriteEvalConfig/WriteEvalConfig/Write/WriteImpl/GroupByKey/Read)+(ref_AppliedPTransform_ExtractEvaluateAndWriteResults-WriteResults-WriteEvalConfig-WriteEvalConfig-Wr_134))+(ref_PCollection_PCollection_72/Write)
[2022-03-24 16:01:00,794] {fn_runner.py:621} INFO - Running ((ref_PCollection_PCollection_67/Read)+(ref_AppliedPTransform_ExtractEvaluateAndWriteResults-WriteResults-WriteEvalConfig-WriteEvalConfig-Wr_135))+(ref_PCollection_PCollection_73/Write)
[2022-03-24 16:01:00,802] {fn_runner.py:621} INFO - Running ((((((ExtractEvaluateAndWriteResults/ExtractAndEvaluate/EvaluateMetricsAndPlots/ComputeMetricsAndPlots()/FanoutSlices/TrackDistinctSliceKeys/RemoveDuplicates/Group/Group/Read)+(ExtractEvaluateAndWriteResults/ExtractAndEvaluate/EvaluateMetricsAndPlots/ComputeMetricsAndPlots()/FanoutSlices/TrackDistinctSliceKeys/RemoveDuplicates/Group/Merge))+(ExtractEvaluateAndWriteResults/ExtractAndEvaluate/EvaluateMetricsAndPlots/ComputeMetricsAndPlots()/FanoutSlices/TrackDistinctSliceKeys/RemoveDuplicates/Group/ExtractOutputs))+(ref_AppliedPTransform_ExtractEvaluateAndWriteResults-ExtractAndEvaluate-EvaluateMetricsAndPlots-Comp_55))+(ref_AppliedPTransform_ExtractEvaluateAndWriteResults-ExtractAndEvaluate-EvaluateMetricsAndPlots-Comp_58))+(ExtractEvaluateAndWriteResults/ExtractAndEvaluate/EvaluateMetricsAndPlots/ComputeMetricsAndPlots()/FanoutSlices/TrackDistinctSliceKeys/Size/CombineGlobally(CountCombineFn)/CombinePerKey/Precombine))+(ExtractEvaluateAndWriteResults/ExtractAndEvaluate/EvaluateMetricsAndPlots/ComputeMetricsAndPlots()/FanoutSlices/TrackDistinctSliceKeys/Size/CombineGlobally(CountCombineFn)/CombinePerKey/Group/Write)
[2022-03-24 16:01:00,816] {fn_runner.py:621} INFO - Running ((((ExtractEvaluateAndWriteResults/ExtractAndEvaluate/EvaluateMetricsAndPlots/ComputeMetricsAndPlots()/FanoutSlices/TrackDistinctSliceKeys/Size/CombineGlobally(CountCombineFn)/CombinePerKey/Group/Read)+(ExtractEvaluateAndWriteResults/ExtractAndEvaluate/EvaluateMetricsAndPlots/ComputeMetricsAndPlots()/FanoutSlices/TrackDistinctSliceKeys/Size/CombineGlobally(CountCombineFn)/CombinePerKey/Merge))+(ExtractEvaluateAndWriteResults/ExtractAndEvaluate/EvaluateMetricsAndPlots/ComputeMetricsAndPlots()/FanoutSlices/TrackDistinctSliceKeys/Size/CombineGlobally(CountCombineFn)/CombinePerKey/ExtractOutputs))+(ref_AppliedPTransform_ExtractEvaluateAndWriteResults-ExtractAndEvaluate-EvaluateMetricsAndPlots-Comp_63))+(ref_PCollection_PCollection_28/Write)
[2022-03-24 16:01:00,825] {fn_runner.py:621} INFO - Running ((((ExtractEvaluateAndWriteResults/WriteResults/WriteMetricsAndPlots/MergeValidationResults/CombinePerKey/Group/Read)+(ExtractEvaluateAndWriteResults/WriteResults/WriteMetricsAndPlots/MergeValidationResults/CombinePerKey/Merge))+(ExtractEvaluateAndWriteResults/WriteResults/WriteMetricsAndPlots/MergeValidationResults/CombinePerKey/ExtractOutputs))+(ref_AppliedPTransform_ExtractEvaluateAndWriteResults-WriteResults-WriteMetricsAndPlots-MergeValidati_195))+(ref_PCollection_PCollection_114/Write)
[2022-03-24 16:01:00,835] {fn_runner.py:621} INFO - Running ((((ref_AppliedPTransform_ExtractEvaluateAndWriteResults-ExtractAndEvaluate-EvaluateMetricsAndPlots-Comp_65)+(ref_AppliedPTransform_ExtractEvaluateAndWriteResults-ExtractAndEvaluate-EvaluateMetricsAndPlots-Comp_66))+(ref_AppliedPTransform_ExtractEvaluateAndWriteResults-ExtractAndEvaluate-EvaluateMetricsAndPlots-Comp_68))+(ref_AppliedPTransform_ExtractEvaluateAndWriteResults-ExtractAndEvaluate-EvaluateMetricsAndPlots-Comp_69))+(ref_AppliedPTransform_ExtractEvaluateAndWriteResults-ExtractAndEvaluate-EvaluateMetricsAndPlots-Comp_70)
[2022-03-24 16:01:00,852] {fn_runner.py:621} INFO - Running ((ExtractEvaluateAndWriteResults/WriteResults/WriteMetricsAndPlots/WriteMetrics/Write/WriteImpl/GroupByKey/Read)+(ref_AppliedPTransform_ExtractEvaluateAndWriteResults-WriteResults-WriteMetricsAndPlots-WriteMetrics-_152))+(ref_PCollection_PCollection_84/Write)
[2022-03-24 16:01:00,861] {fn_runner.py:621} INFO - Running ((ref_PCollection_PCollection_78/Read)+(ref_AppliedPTransform_ExtractEvaluateAndWriteResults-WriteResults-WriteMetricsAndPlots-WriteMetrics-_153))+(ref_PCollection_PCollection_85/Write)
[2022-03-24 16:01:00,870] {fn_runner.py:621} INFO - Running (ref_PCollection_PCollection_78/Read)+(ref_AppliedPTransform_ExtractEvaluateAndWriteResults-WriteResults-WriteMetricsAndPlots-WriteMetrics-_154)
[2022-03-24 16:01:00,880] {filebasedsink.py:303} INFO - Starting finalize_write threads with num_shards: 1 (skipped: 0), batches: 1, num_threads: 1
[2022-03-24 16:01:00,981] {filebasedsink.py:348} INFO - Renamed 1 shards in 0.10 seconds.
[2022-03-24 16:01:00,999] {fn_runner.py:621} INFO - Running (((((ref_AppliedPTransform_ExtractEvaluateAndWriteResults-WriteResults-WriteMetricsAndPlots-WriteValidati_206)+(ref_AppliedPTransform_ExtractEvaluateAndWriteResults-WriteResults-WriteMetricsAndPlots-WriteValidati_207))+(ref_AppliedPTransform_ExtractEvaluateAndWriteResults-WriteResults-WriteMetricsAndPlots-WriteValidati_209))+(ref_AppliedPTransform_ExtractEvaluateAndWriteResults-WriteResults-WriteMetricsAndPlots-WriteValidati_210))+(ref_PCollection_PCollection_121/Write))+(ref_PCollection_PCollection_122/Write)
[2022-03-24 16:01:01,014] {fn_runner.py:621} INFO - Running ((((((ref_AppliedPTransform_ExtractEvaluateAndWriteResults-WriteResults-WriteMetricsAndPlots-MergeValidati_197)+(ref_AppliedPTransform_ExtractEvaluateAndWriteResults-WriteResults-WriteMetricsAndPlots-MergeValidati_198))+(ref_AppliedPTransform_ExtractEvaluateAndWriteResults-WriteResults-WriteMetricsAndPlots-MergeValidati_200))+(ref_AppliedPTransform_ExtractEvaluateAndWriteResults-WriteResults-WriteMetricsAndPlots-MergeValidati_201))+(ref_AppliedPTransform_ExtractEvaluateAndWriteResults-WriteResults-WriteMetricsAndPlots-WriteValidati_211))+(ref_AppliedPTransform_ExtractEvaluateAndWriteResults-WriteResults-WriteMetricsAndPlots-WriteValidati_212))+(ExtractEvaluateAndWriteResults/WriteResults/WriteMetricsAndPlots/WriteValidationsToTFRecord/Write/WriteImpl/GroupByKey/Write)
[2022-03-24 16:01:01,037] {fn_runner.py:621} INFO - Running ((ExtractEvaluateAndWriteResults/WriteResults/WriteMetricsAndPlots/WriteValidationsToTFRecord/Write/WriteImpl/GroupByKey/Read)+(ref_AppliedPTransform_ExtractEvaluateAndWriteResults-WriteResults-WriteMetricsAndPlots-WriteValidati_214))+(ref_PCollection_PCollection_126/Write)
[2022-03-24 16:01:01,046] {fn_runner.py:621} INFO - Running ((ref_PCollection_PCollection_121/Read)+(ref_AppliedPTransform_ExtractEvaluateAndWriteResults-WriteResults-WriteMetricsAndPlots-WriteValidati_215))+(ref_PCollection_PCollection_127/Write)
[2022-03-24 16:01:01,055] {fn_runner.py:621} INFO - Running (ref_PCollection_PCollection_121/Read)+(ref_AppliedPTransform_ExtractEvaluateAndWriteResults-WriteResults-WriteMetricsAndPlots-WriteValidati_216)
[2022-03-24 16:01:01,062] {filebasedsink.py:303} INFO - Starting finalize_write threads with num_shards: 1 (skipped: 0), batches: 1, num_threads: 1
[2022-03-24 16:01:01,163] {filebasedsink.py:348} INFO - Renamed 1 shards in 0.10 seconds.
[2022-03-24 16:01:01,184] {fn_runner.py:621} INFO - Running (((ref_AppliedPTransform_ExtractEvaluateAndWriteResults-ExtractAndEvaluate-EvaluateMetricsAndPlots-Comp_81)+(ref_AppliedPTransform_ExtractEvaluateAndWriteResults-ExtractAndEvaluate-EvaluateMetricsAndPlots-Comp_82))+(ref_AppliedPTransform_ExtractEvaluateAndWriteResults-ExtractAndEvaluate-EvaluateMetricsAndPlots-Comp_84))+(ref_AppliedPTransform_ExtractEvaluateAndWriteResults-ExtractAndEvaluate-EvaluateMetricsAndPlots-Comp_85)
[2022-03-24 16:01:01,209] {fn_runner.py:621} INFO - Running ((((ExtractEvaluateAndWriteResults/ExtractAndEvaluate/EvaluateMetricsAndPlots/ComputeMetricsAndPlots()/CountPerSliceKey/CombinePerKey(CountCombineFn)/Group/Read)+(ExtractEvaluateAndWriteResults/ExtractAndEvaluate/EvaluateMetricsAndPlots/ComputeMetricsAndPlots()/CountPerSliceKey/CombinePerKey(CountCombineFn)/Merge))+(ExtractEvaluateAndWriteResults/ExtractAndEvaluate/EvaluateMetricsAndPlots/ComputeMetricsAndPlots()/CountPerSliceKey/CombinePerKey(CountCombineFn)/ExtractOutputs))+(ref_AppliedPTransform_ExtractEvaluateAndWriteResults-ExtractAndEvaluate-EvaluateMetricsAndPlots-Comp_88))+(ref_AppliedPTransform_ExtractEvaluateAndWriteResults-ExtractAndEvaluate-EvaluateMetricsAndPlots-Comp_89)
[2022-03-24 16:01:01,222] {fn_runner.py:621} INFO - Running ((ExtractEvaluateAndWriteResults/WriteResults/WriteMetricsAndPlots/WritePlotsToTFRecord/Write/WriteImpl/GroupByKey/Read)+(ref_AppliedPTransform_ExtractEvaluateAndWriteResults-WriteResults-WriteMetricsAndPlots-WritePlotsToT_169))+(ref_PCollection_PCollection_96/Write)
[2022-03-24 16:01:01,230] {fn_runner.py:621} INFO - Running ((ref_PCollection_PCollection_90/Read)+(ref_AppliedPTransform_ExtractEvaluateAndWriteResults-WriteResults-WriteMetricsAndPlots-WritePlotsToT_170))+(ref_PCollection_PCollection_97/Write)
[2022-03-24 16:01:01,238] {fn_runner.py:621} INFO - Running (ref_PCollection_PCollection_90/Read)+(ref_AppliedPTransform_ExtractEvaluateAndWriteResults-WriteResults-WriteMetricsAndPlots-WritePlotsToT_171)
[2022-03-24 16:01:01,246] {filebasedsink.py:303} INFO - Starting finalize_write threads with num_shards: 1 (skipped: 0), batches: 1, num_threads: 1
[2022-03-24 16:01:01,347] {filebasedsink.py:348} INFO - Renamed 1 shards in 0.10 seconds.
[2022-03-24 16:01:01,368] {fn_runner.py:621} INFO - Running ((ExtractEvaluateAndWriteResults/WriteResults/WriteMetricsAndPlots/WriteAttributionsToTFRecord/Write/WriteImpl/GroupByKey/Read)+(ref_AppliedPTransform_ExtractEvaluateAndWriteResults-WriteResults-WriteMetricsAndPlots-WriteAttribut_186))+(ref_PCollection_PCollection_108/Write)
[2022-03-24 16:01:01,386] {fn_runner.py:621} INFO - Running ((ref_PCollection_PCollection_102/Read)+(ref_AppliedPTransform_ExtractEvaluateAndWriteResults-WriteResults-WriteMetricsAndPlots-WriteAttribut_187))+(ref_PCollection_PCollection_109/Write)
[2022-03-24 16:01:01,396] {fn_runner.py:621} INFO - Running (ref_PCollection_PCollection_102/Read)+(ref_AppliedPTransform_ExtractEvaluateAndWriteResults-WriteResults-WriteMetricsAndPlots-WriteAttribut_188)
[2022-03-24 16:01:01,403] {filebasedsink.py:303} INFO - Starting finalize_write threads with num_shards: 1 (skipped: 0), batches: 1, num_threads: 1
[2022-03-24 16:01:01,504] {filebasedsink.py:348} INFO - Renamed 1 shards in 0.10 seconds.
[2022-03-24 16:01:01,525] {fn_runner.py:621} INFO - Running (ref_PCollection_PCollection_67/Read)+(ref_AppliedPTransform_ExtractEvaluateAndWriteResults-WriteResults-WriteEvalConfig-WriteEvalConfig-Wr_136)
[2022-03-24 16:01:01,536] {filebasedsink.py:303} INFO - Starting finalize_write threads with num_shards: 1 (skipped: 0), batches: 1, num_threads: 1
[2022-03-24 16:01:01,638] {filebasedsink.py:348} INFO - Renamed 1 shards in 0.10 seconds.
[2022-03-24 16:01:01,663] {executor.py:301} INFO - Evaluation complete. Results written to /opt/***/census_consumer_complaint_data/census_consumer_complaint/artifact/Evaluator/evaluation/12.
[2022-03-24 16:01:01,664] {executor.py:305} INFO - No threshold configured, will not validate model.
[2022-03-24 16:01:01,664] {base_component_launcher.py:206} INFO - Running publisher for Evaluator
[2022-03-24 16:01:01,669] {metadata_store.py:101} INFO - MetadataStore with DB connection initialized
[2022-03-24 16:01:01,675] {python.py:175} INFO - Done. Returned value was: None
[2022-03-24 16:01:01,685] {taskinstance.py:1282} INFO - Marking task as SUCCESS. dag_id=census_consumer_complaint, task_id=Evaluator, execution_date=20220324T154229, start_date=20220324T155747, end_date=20220324T160101
[2022-03-24 16:01:01,773] {local_task_job.py:154} INFO - Task exited with return code 0
[2022-03-24 16:01:01,809] {local_task_job.py:264} INFO - 1 downstream tasks scheduled from follow-on schedule check
