[2022-03-26 12:43:28,812] {processor.py:163} INFO - Started process (PID=83) to work on /home/airflow/.local/lib/python3.7/site-packages/airflow/example_dags/example_branch_day_of_week_operator.py
[2022-03-26 12:43:28,812] {processor.py:642} INFO - Processing file /home/airflow/.local/lib/python3.7/site-packages/airflow/example_dags/example_branch_day_of_week_operator.py for tasks to queue
[2022-03-26 12:43:28,813] {logging_mixin.py:109} INFO - [2022-03-26 12:43:28,813] {dagbag.py:500} INFO - Filling up the DagBag from /home/airflow/.local/lib/python3.7/site-packages/airflow/example_dags/example_branch_day_of_week_operator.py
[2022-03-26 12:43:28,940] {processor.py:654} INFO - DAG(s) dict_keys(['example_weekday_branch_operator']) retrieved from /home/airflow/.local/lib/python3.7/site-packages/airflow/example_dags/example_branch_day_of_week_operator.py
[2022-03-26 12:43:28,952] {logging_mixin.py:109} INFO - [2022-03-26 12:43:28,952] {dag.py:2398} INFO - Sync 1 DAGs
[2022-03-26 12:43:28,994] {logging_mixin.py:109} INFO - [2022-03-26 12:43:28,993] {dag.py:2937} INFO - Setting next_dagrun for example_weekday_branch_operator to 2022-03-25 00:00:00+00:00
[2022-03-26 12:43:29,007] {processor.py:171} INFO - Processing /home/airflow/.local/lib/python3.7/site-packages/airflow/example_dags/example_branch_day_of_week_operator.py took 0.197 seconds
[2022-03-26 12:43:59,727] {processor.py:163} INFO - Started process (PID=145) to work on /home/airflow/.local/lib/python3.7/site-packages/airflow/example_dags/example_branch_day_of_week_operator.py
[2022-03-26 12:43:59,728] {processor.py:642} INFO - Processing file /home/airflow/.local/lib/python3.7/site-packages/airflow/example_dags/example_branch_day_of_week_operator.py for tasks to queue
[2022-03-26 12:43:59,729] {logging_mixin.py:109} INFO - [2022-03-26 12:43:59,728] {dagbag.py:500} INFO - Filling up the DagBag from /home/airflow/.local/lib/python3.7/site-packages/airflow/example_dags/example_branch_day_of_week_operator.py
[2022-03-26 12:43:59,762] {processor.py:654} INFO - DAG(s) dict_keys(['example_weekday_branch_operator']) retrieved from /home/airflow/.local/lib/python3.7/site-packages/airflow/example_dags/example_branch_day_of_week_operator.py
[2022-03-26 12:43:59,770] {logging_mixin.py:109} INFO - [2022-03-26 12:43:59,770] {dag.py:2398} INFO - Sync 1 DAGs
[2022-03-26 12:43:59,789] {logging_mixin.py:109} INFO - [2022-03-26 12:43:59,789] {dag.py:2937} INFO - Setting next_dagrun for example_weekday_branch_operator to 2022-03-25 00:00:00+00:00
[2022-03-26 12:43:59,799] {processor.py:171} INFO - Processing /home/airflow/.local/lib/python3.7/site-packages/airflow/example_dags/example_branch_day_of_week_operator.py took 0.074 seconds
[2022-03-26 12:44:30,315] {processor.py:163} INFO - Started process (PID=217) to work on /home/airflow/.local/lib/python3.7/site-packages/airflow/example_dags/example_branch_day_of_week_operator.py
[2022-03-26 12:44:30,316] {processor.py:642} INFO - Processing file /home/airflow/.local/lib/python3.7/site-packages/airflow/example_dags/example_branch_day_of_week_operator.py for tasks to queue
[2022-03-26 12:44:30,316] {logging_mixin.py:109} INFO - [2022-03-26 12:44:30,316] {dagbag.py:500} INFO - Filling up the DagBag from /home/airflow/.local/lib/python3.7/site-packages/airflow/example_dags/example_branch_day_of_week_operator.py
[2022-03-26 12:44:30,336] {processor.py:654} INFO - DAG(s) dict_keys(['example_weekday_branch_operator']) retrieved from /home/airflow/.local/lib/python3.7/site-packages/airflow/example_dags/example_branch_day_of_week_operator.py
[2022-03-26 12:44:30,342] {logging_mixin.py:109} INFO - [2022-03-26 12:44:30,341] {dag.py:2398} INFO - Sync 1 DAGs
[2022-03-26 12:44:30,352] {logging_mixin.py:109} INFO - [2022-03-26 12:44:30,352] {dag.py:2937} INFO - Setting next_dagrun for example_weekday_branch_operator to 2022-03-25 00:00:00+00:00
[2022-03-26 12:44:30,362] {processor.py:171} INFO - Processing /home/airflow/.local/lib/python3.7/site-packages/airflow/example_dags/example_branch_day_of_week_operator.py took 0.049 seconds
[2022-03-26 12:45:00,616] {processor.py:163} INFO - Started process (PID=298) to work on /home/airflow/.local/lib/python3.7/site-packages/airflow/example_dags/example_branch_day_of_week_operator.py
[2022-03-26 12:45:00,617] {processor.py:642} INFO - Processing file /home/airflow/.local/lib/python3.7/site-packages/airflow/example_dags/example_branch_day_of_week_operator.py for tasks to queue
[2022-03-26 12:45:00,617] {logging_mixin.py:109} INFO - [2022-03-26 12:45:00,617] {dagbag.py:500} INFO - Filling up the DagBag from /home/airflow/.local/lib/python3.7/site-packages/airflow/example_dags/example_branch_day_of_week_operator.py
[2022-03-26 12:45:00,635] {processor.py:654} INFO - DAG(s) dict_keys(['example_weekday_branch_operator']) retrieved from /home/airflow/.local/lib/python3.7/site-packages/airflow/example_dags/example_branch_day_of_week_operator.py
[2022-03-26 12:45:00,641] {logging_mixin.py:109} INFO - [2022-03-26 12:45:00,641] {dag.py:2398} INFO - Sync 1 DAGs
[2022-03-26 12:45:00,656] {logging_mixin.py:109} INFO - [2022-03-26 12:45:00,656] {dag.py:2937} INFO - Setting next_dagrun for example_weekday_branch_operator to 2022-03-25 00:00:00+00:00
[2022-03-26 12:45:00,662] {processor.py:171} INFO - Processing /home/airflow/.local/lib/python3.7/site-packages/airflow/example_dags/example_branch_day_of_week_operator.py took 0.047 seconds
[2022-03-26 12:45:30,874] {processor.py:163} INFO - Started process (PID=381) to work on /home/airflow/.local/lib/python3.7/site-packages/airflow/example_dags/example_branch_day_of_week_operator.py
[2022-03-26 12:45:30,874] {processor.py:642} INFO - Processing file /home/airflow/.local/lib/python3.7/site-packages/airflow/example_dags/example_branch_day_of_week_operator.py for tasks to queue
[2022-03-26 12:45:30,875] {logging_mixin.py:109} INFO - [2022-03-26 12:45:30,875] {dagbag.py:500} INFO - Filling up the DagBag from /home/airflow/.local/lib/python3.7/site-packages/airflow/example_dags/example_branch_day_of_week_operator.py
[2022-03-26 12:45:30,890] {processor.py:654} INFO - DAG(s) dict_keys(['example_weekday_branch_operator']) retrieved from /home/airflow/.local/lib/python3.7/site-packages/airflow/example_dags/example_branch_day_of_week_operator.py
[2022-03-26 12:45:30,894] {logging_mixin.py:109} INFO - [2022-03-26 12:45:30,894] {dag.py:2398} INFO - Sync 1 DAGs
[2022-03-26 12:45:30,905] {logging_mixin.py:109} INFO - [2022-03-26 12:45:30,905] {dag.py:2937} INFO - Setting next_dagrun for example_weekday_branch_operator to 2022-03-25 00:00:00+00:00
[2022-03-26 12:45:30,909] {processor.py:171} INFO - Processing /home/airflow/.local/lib/python3.7/site-packages/airflow/example_dags/example_branch_day_of_week_operator.py took 0.037 seconds
