[2022-03-26 12:43:30,012] {processor.py:163} INFO - Started process (PID=92) to work on /home/airflow/.local/lib/python3.7/site-packages/airflow/example_dags/example_sla_dag.py
[2022-03-26 12:43:30,013] {processor.py:642} INFO - Processing file /home/airflow/.local/lib/python3.7/site-packages/airflow/example_dags/example_sla_dag.py for tasks to queue
[2022-03-26 12:43:30,013] {logging_mixin.py:109} INFO - [2022-03-26 12:43:30,013] {dagbag.py:500} INFO - Filling up the DagBag from /home/airflow/.local/lib/python3.7/site-packages/airflow/example_dags/example_sla_dag.py
[2022-03-26 12:43:30,057] {processor.py:654} INFO - DAG(s) dict_keys(['example_sla_dag']) retrieved from /home/airflow/.local/lib/python3.7/site-packages/airflow/example_dags/example_sla_dag.py
[2022-03-26 12:43:30,067] {logging_mixin.py:109} INFO - [2022-03-26 12:43:30,067] {dag.py:2398} INFO - Sync 1 DAGs
[2022-03-26 12:43:30,099] {logging_mixin.py:109} INFO - [2022-03-26 12:43:30,099] {dag.py:2937} INFO - Setting next_dagrun for example_sla_dag to 2022-03-26T12:40:00+00:00
[2022-03-26 12:43:30,147] {processor.py:171} INFO - Processing /home/airflow/.local/lib/python3.7/site-packages/airflow/example_dags/example_sla_dag.py took 0.137 seconds
[2022-03-26 12:44:00,959] {processor.py:163} INFO - Started process (PID=151) to work on /home/airflow/.local/lib/python3.7/site-packages/airflow/example_dags/example_sla_dag.py
[2022-03-26 12:44:00,960] {processor.py:642} INFO - Processing file /home/airflow/.local/lib/python3.7/site-packages/airflow/example_dags/example_sla_dag.py for tasks to queue
[2022-03-26 12:44:00,961] {logging_mixin.py:109} INFO - [2022-03-26 12:44:00,961] {dagbag.py:500} INFO - Filling up the DagBag from /home/airflow/.local/lib/python3.7/site-packages/airflow/example_dags/example_sla_dag.py
[2022-03-26 12:44:00,985] {processor.py:654} INFO - DAG(s) dict_keys(['example_sla_dag']) retrieved from /home/airflow/.local/lib/python3.7/site-packages/airflow/example_dags/example_sla_dag.py
[2022-03-26 12:44:00,994] {logging_mixin.py:109} INFO - [2022-03-26 12:44:00,994] {dag.py:2398} INFO - Sync 1 DAGs
[2022-03-26 12:44:01,018] {logging_mixin.py:109} INFO - [2022-03-26 12:44:01,018] {dag.py:2937} INFO - Setting next_dagrun for example_sla_dag to 2022-03-26T12:42:00+00:00
[2022-03-26 12:44:01,032] {processor.py:171} INFO - Processing /home/airflow/.local/lib/python3.7/site-packages/airflow/example_dags/example_sla_dag.py took 0.074 seconds
[2022-03-26 12:44:31,484] {processor.py:163} INFO - Started process (PID=223) to work on /home/airflow/.local/lib/python3.7/site-packages/airflow/example_dags/example_sla_dag.py
[2022-03-26 12:44:31,484] {processor.py:642} INFO - Processing file /home/airflow/.local/lib/python3.7/site-packages/airflow/example_dags/example_sla_dag.py for tasks to queue
[2022-03-26 12:44:31,485] {logging_mixin.py:109} INFO - [2022-03-26 12:44:31,484] {dagbag.py:500} INFO - Filling up the DagBag from /home/airflow/.local/lib/python3.7/site-packages/airflow/example_dags/example_sla_dag.py
[2022-03-26 12:44:31,502] {processor.py:654} INFO - DAG(s) dict_keys(['example_sla_dag']) retrieved from /home/airflow/.local/lib/python3.7/site-packages/airflow/example_dags/example_sla_dag.py
[2022-03-26 12:44:31,508] {logging_mixin.py:109} INFO - [2022-03-26 12:44:31,508] {dag.py:2398} INFO - Sync 1 DAGs
[2022-03-26 12:44:31,526] {logging_mixin.py:109} INFO - [2022-03-26 12:44:31,526] {dag.py:2937} INFO - Setting next_dagrun for example_sla_dag to 2022-03-26T12:42:00+00:00
[2022-03-26 12:44:31,533] {processor.py:171} INFO - Processing /home/airflow/.local/lib/python3.7/site-packages/airflow/example_dags/example_sla_dag.py took 0.050 seconds
[2022-03-26 12:45:01,772] {processor.py:163} INFO - Started process (PID=304) to work on /home/airflow/.local/lib/python3.7/site-packages/airflow/example_dags/example_sla_dag.py
[2022-03-26 12:45:01,773] {processor.py:642} INFO - Processing file /home/airflow/.local/lib/python3.7/site-packages/airflow/example_dags/example_sla_dag.py for tasks to queue
[2022-03-26 12:45:01,774] {logging_mixin.py:109} INFO - [2022-03-26 12:45:01,774] {dagbag.py:500} INFO - Filling up the DagBag from /home/airflow/.local/lib/python3.7/site-packages/airflow/example_dags/example_sla_dag.py
[2022-03-26 12:45:01,792] {processor.py:654} INFO - DAG(s) dict_keys(['example_sla_dag']) retrieved from /home/airflow/.local/lib/python3.7/site-packages/airflow/example_dags/example_sla_dag.py
[2022-03-26 12:45:01,798] {logging_mixin.py:109} INFO - [2022-03-26 12:45:01,798] {dag.py:2398} INFO - Sync 1 DAGs
[2022-03-26 12:45:01,808] {logging_mixin.py:109} INFO - [2022-03-26 12:45:01,808] {dag.py:2937} INFO - Setting next_dagrun for example_sla_dag to 2022-03-26T12:42:00+00:00
[2022-03-26 12:45:01,812] {processor.py:171} INFO - Processing /home/airflow/.local/lib/python3.7/site-packages/airflow/example_dags/example_sla_dag.py took 0.041 seconds
[2022-03-26 12:45:32,018] {processor.py:163} INFO - Started process (PID=387) to work on /home/airflow/.local/lib/python3.7/site-packages/airflow/example_dags/example_sla_dag.py
[2022-03-26 12:45:32,019] {processor.py:642} INFO - Processing file /home/airflow/.local/lib/python3.7/site-packages/airflow/example_dags/example_sla_dag.py for tasks to queue
[2022-03-26 12:45:32,019] {logging_mixin.py:109} INFO - [2022-03-26 12:45:32,019] {dagbag.py:500} INFO - Filling up the DagBag from /home/airflow/.local/lib/python3.7/site-packages/airflow/example_dags/example_sla_dag.py
[2022-03-26 12:45:32,043] {processor.py:654} INFO - DAG(s) dict_keys(['example_sla_dag']) retrieved from /home/airflow/.local/lib/python3.7/site-packages/airflow/example_dags/example_sla_dag.py
[2022-03-26 12:45:32,050] {logging_mixin.py:109} INFO - [2022-03-26 12:45:32,050] {dag.py:2398} INFO - Sync 1 DAGs
[2022-03-26 12:45:32,061] {logging_mixin.py:109} INFO - [2022-03-26 12:45:32,061] {dag.py:2937} INFO - Setting next_dagrun for example_sla_dag to 2022-03-26T12:42:00+00:00
[2022-03-26 12:45:32,065] {processor.py:171} INFO - Processing /home/airflow/.local/lib/python3.7/site-packages/airflow/example_dags/example_sla_dag.py took 0.049 seconds
