[2022-03-26 12:43:27,125] {processor.py:163} INFO - Started process (PID=52) to work on /home/airflow/.local/lib/python3.7/site-packages/airflow/example_dags/example_skip_dag.py
[2022-03-26 12:43:27,126] {processor.py:642} INFO - Processing file /home/airflow/.local/lib/python3.7/site-packages/airflow/example_dags/example_skip_dag.py for tasks to queue
[2022-03-26 12:43:27,126] {logging_mixin.py:109} INFO - [2022-03-26 12:43:27,126] {dagbag.py:500} INFO - Filling up the DagBag from /home/airflow/.local/lib/python3.7/site-packages/airflow/example_dags/example_skip_dag.py
[2022-03-26 12:43:27,150] {processor.py:654} INFO - DAG(s) dict_keys(['example_skip_dag']) retrieved from /home/airflow/.local/lib/python3.7/site-packages/airflow/example_dags/example_skip_dag.py
[2022-03-26 12:43:27,159] {logging_mixin.py:109} INFO - [2022-03-26 12:43:27,159] {dag.py:2398} INFO - Sync 1 DAGs
[2022-03-26 12:43:27,174] {logging_mixin.py:109} INFO - [2022-03-26 12:43:27,173] {dag.py:2937} INFO - Setting next_dagrun for example_skip_dag to 2022-03-25T12:43:27.173702+00:00
[2022-03-26 12:43:27,181] {processor.py:171} INFO - Processing /home/airflow/.local/lib/python3.7/site-packages/airflow/example_dags/example_skip_dag.py took 0.059 seconds
[2022-03-26 12:43:57,938] {processor.py:163} INFO - Started process (PID=134) to work on /home/airflow/.local/lib/python3.7/site-packages/airflow/example_dags/example_skip_dag.py
[2022-03-26 12:43:57,958] {processor.py:642} INFO - Processing file /home/airflow/.local/lib/python3.7/site-packages/airflow/example_dags/example_skip_dag.py for tasks to queue
[2022-03-26 12:43:57,959] {logging_mixin.py:109} INFO - [2022-03-26 12:43:57,959] {dagbag.py:500} INFO - Filling up the DagBag from /home/airflow/.local/lib/python3.7/site-packages/airflow/example_dags/example_skip_dag.py
[2022-03-26 12:43:58,019] {processor.py:654} INFO - DAG(s) dict_keys(['example_skip_dag']) retrieved from /home/airflow/.local/lib/python3.7/site-packages/airflow/example_dags/example_skip_dag.py
[2022-03-26 12:43:58,034] {logging_mixin.py:109} INFO - [2022-03-26 12:43:58,034] {dag.py:2398} INFO - Sync 1 DAGs
[2022-03-26 12:43:58,050] {logging_mixin.py:109} INFO - [2022-03-26 12:43:58,050] {dag.py:2937} INFO - Setting next_dagrun for example_skip_dag to 2022-03-25T12:43:58.049823+00:00
[2022-03-26 12:43:58,059] {processor.py:171} INFO - Processing /home/airflow/.local/lib/python3.7/site-packages/airflow/example_dags/example_skip_dag.py took 0.123 seconds
[2022-03-26 12:44:28,962] {processor.py:163} INFO - Started process (PID=206) to work on /home/airflow/.local/lib/python3.7/site-packages/airflow/example_dags/example_skip_dag.py
[2022-03-26 12:44:28,963] {processor.py:642} INFO - Processing file /home/airflow/.local/lib/python3.7/site-packages/airflow/example_dags/example_skip_dag.py for tasks to queue
[2022-03-26 12:44:28,963] {logging_mixin.py:109} INFO - [2022-03-26 12:44:28,963] {dagbag.py:500} INFO - Filling up the DagBag from /home/airflow/.local/lib/python3.7/site-packages/airflow/example_dags/example_skip_dag.py
[2022-03-26 12:44:28,979] {processor.py:654} INFO - DAG(s) dict_keys(['example_skip_dag']) retrieved from /home/airflow/.local/lib/python3.7/site-packages/airflow/example_dags/example_skip_dag.py
[2022-03-26 12:44:28,984] {logging_mixin.py:109} INFO - [2022-03-26 12:44:28,984] {dag.py:2398} INFO - Sync 1 DAGs
[2022-03-26 12:44:28,993] {logging_mixin.py:109} INFO - [2022-03-26 12:44:28,993] {dag.py:2937} INFO - Setting next_dagrun for example_skip_dag to 2022-03-25T12:44:28.993242+00:00
[2022-03-26 12:44:28,997] {processor.py:171} INFO - Processing /home/airflow/.local/lib/python3.7/site-packages/airflow/example_dags/example_skip_dag.py took 0.037 seconds
[2022-03-26 12:44:59,262] {processor.py:163} INFO - Started process (PID=287) to work on /home/airflow/.local/lib/python3.7/site-packages/airflow/example_dags/example_skip_dag.py
[2022-03-26 12:44:59,263] {processor.py:642} INFO - Processing file /home/airflow/.local/lib/python3.7/site-packages/airflow/example_dags/example_skip_dag.py for tasks to queue
[2022-03-26 12:44:59,264] {logging_mixin.py:109} INFO - [2022-03-26 12:44:59,263] {dagbag.py:500} INFO - Filling up the DagBag from /home/airflow/.local/lib/python3.7/site-packages/airflow/example_dags/example_skip_dag.py
[2022-03-26 12:44:59,280] {processor.py:654} INFO - DAG(s) dict_keys(['example_skip_dag']) retrieved from /home/airflow/.local/lib/python3.7/site-packages/airflow/example_dags/example_skip_dag.py
[2022-03-26 12:44:59,285] {logging_mixin.py:109} INFO - [2022-03-26 12:44:59,285] {dag.py:2398} INFO - Sync 1 DAGs
[2022-03-26 12:44:59,295] {logging_mixin.py:109} INFO - [2022-03-26 12:44:59,295] {dag.py:2937} INFO - Setting next_dagrun for example_skip_dag to 2022-03-25T12:44:59.295421+00:00
[2022-03-26 12:44:59,300] {processor.py:171} INFO - Processing /home/airflow/.local/lib/python3.7/site-packages/airflow/example_dags/example_skip_dag.py took 0.040 seconds
[2022-03-26 12:45:29,488] {processor.py:163} INFO - Started process (PID=361) to work on /home/airflow/.local/lib/python3.7/site-packages/airflow/example_dags/example_skip_dag.py
[2022-03-26 12:45:29,488] {processor.py:642} INFO - Processing file /home/airflow/.local/lib/python3.7/site-packages/airflow/example_dags/example_skip_dag.py for tasks to queue
[2022-03-26 12:45:29,488] {logging_mixin.py:109} INFO - [2022-03-26 12:45:29,488] {dagbag.py:500} INFO - Filling up the DagBag from /home/airflow/.local/lib/python3.7/site-packages/airflow/example_dags/example_skip_dag.py
[2022-03-26 12:45:29,503] {processor.py:654} INFO - DAG(s) dict_keys(['example_skip_dag']) retrieved from /home/airflow/.local/lib/python3.7/site-packages/airflow/example_dags/example_skip_dag.py
[2022-03-26 12:45:29,509] {logging_mixin.py:109} INFO - [2022-03-26 12:45:29,508] {dag.py:2398} INFO - Sync 1 DAGs
[2022-03-26 12:45:29,518] {logging_mixin.py:109} INFO - [2022-03-26 12:45:29,518] {dag.py:2937} INFO - Setting next_dagrun for example_skip_dag to 2022-03-25T12:45:29.517975+00:00
[2022-03-26 12:45:29,522] {processor.py:171} INFO - Processing /home/airflow/.local/lib/python3.7/site-packages/airflow/example_dags/example_skip_dag.py took 0.036 seconds
