[2022-03-26 12:43:26,787] {processor.py:163} INFO - Started process (PID=47) to work on /home/airflow/.local/lib/python3.7/site-packages/airflow/example_dags/example_time_delta_sensor_async.py
[2022-03-26 12:43:26,788] {processor.py:642} INFO - Processing file /home/airflow/.local/lib/python3.7/site-packages/airflow/example_dags/example_time_delta_sensor_async.py for tasks to queue
[2022-03-26 12:43:26,788] {logging_mixin.py:109} INFO - [2022-03-26 12:43:26,788] {dagbag.py:500} INFO - Filling up the DagBag from /home/airflow/.local/lib/python3.7/site-packages/airflow/example_dags/example_time_delta_sensor_async.py
[2022-03-26 12:43:26,809] {processor.py:654} INFO - DAG(s) dict_keys(['example_time_delta_sensor_async']) retrieved from /home/airflow/.local/lib/python3.7/site-packages/airflow/example_dags/example_time_delta_sensor_async.py
[2022-03-26 12:43:26,816] {logging_mixin.py:109} INFO - [2022-03-26 12:43:26,816] {dag.py:2398} INFO - Sync 1 DAGs
[2022-03-26 12:43:26,828] {logging_mixin.py:109} INFO - [2022-03-26 12:43:26,828] {dag.py:2937} INFO - Setting next_dagrun for example_time_delta_sensor_async to None
[2022-03-26 12:43:26,834] {processor.py:171} INFO - Processing /home/airflow/.local/lib/python3.7/site-packages/airflow/example_dags/example_time_delta_sensor_async.py took 0.049 seconds
[2022-03-26 12:43:57,655] {processor.py:163} INFO - Started process (PID=129) to work on /home/airflow/.local/lib/python3.7/site-packages/airflow/example_dags/example_time_delta_sensor_async.py
[2022-03-26 12:43:57,656] {processor.py:642} INFO - Processing file /home/airflow/.local/lib/python3.7/site-packages/airflow/example_dags/example_time_delta_sensor_async.py for tasks to queue
[2022-03-26 12:43:57,657] {logging_mixin.py:109} INFO - [2022-03-26 12:43:57,657] {dagbag.py:500} INFO - Filling up the DagBag from /home/airflow/.local/lib/python3.7/site-packages/airflow/example_dags/example_time_delta_sensor_async.py
[2022-03-26 12:43:57,751] {processor.py:654} INFO - DAG(s) dict_keys(['example_time_delta_sensor_async']) retrieved from /home/airflow/.local/lib/python3.7/site-packages/airflow/example_dags/example_time_delta_sensor_async.py
[2022-03-26 12:43:57,766] {logging_mixin.py:109} INFO - [2022-03-26 12:43:57,766] {dag.py:2398} INFO - Sync 1 DAGs
[2022-03-26 12:43:57,788] {logging_mixin.py:109} INFO - [2022-03-26 12:43:57,788] {dag.py:2937} INFO - Setting next_dagrun for example_time_delta_sensor_async to None
[2022-03-26 12:43:57,811] {processor.py:171} INFO - Processing /home/airflow/.local/lib/python3.7/site-packages/airflow/example_dags/example_time_delta_sensor_async.py took 0.158 seconds
[2022-03-26 12:44:27,861] {processor.py:163} INFO - Started process (PID=202) to work on /home/airflow/.local/lib/python3.7/site-packages/airflow/example_dags/example_time_delta_sensor_async.py
[2022-03-26 12:44:27,862] {processor.py:642} INFO - Processing file /home/airflow/.local/lib/python3.7/site-packages/airflow/example_dags/example_time_delta_sensor_async.py for tasks to queue
[2022-03-26 12:44:27,862] {logging_mixin.py:109} INFO - [2022-03-26 12:44:27,862] {dagbag.py:500} INFO - Filling up the DagBag from /home/airflow/.local/lib/python3.7/site-packages/airflow/example_dags/example_time_delta_sensor_async.py
[2022-03-26 12:44:27,876] {processor.py:654} INFO - DAG(s) dict_keys(['example_time_delta_sensor_async']) retrieved from /home/airflow/.local/lib/python3.7/site-packages/airflow/example_dags/example_time_delta_sensor_async.py
[2022-03-26 12:44:27,880] {logging_mixin.py:109} INFO - [2022-03-26 12:44:27,880] {dag.py:2398} INFO - Sync 1 DAGs
[2022-03-26 12:44:27,889] {logging_mixin.py:109} INFO - [2022-03-26 12:44:27,889] {dag.py:2937} INFO - Setting next_dagrun for example_time_delta_sensor_async to None
[2022-03-26 12:44:27,893] {processor.py:171} INFO - Processing /home/airflow/.local/lib/python3.7/site-packages/airflow/example_dags/example_time_delta_sensor_async.py took 0.033 seconds
[2022-03-26 12:44:58,110] {processor.py:163} INFO - Started process (PID=282) to work on /home/airflow/.local/lib/python3.7/site-packages/airflow/example_dags/example_time_delta_sensor_async.py
[2022-03-26 12:44:58,111] {processor.py:642} INFO - Processing file /home/airflow/.local/lib/python3.7/site-packages/airflow/example_dags/example_time_delta_sensor_async.py for tasks to queue
[2022-03-26 12:44:58,111] {logging_mixin.py:109} INFO - [2022-03-26 12:44:58,111] {dagbag.py:500} INFO - Filling up the DagBag from /home/airflow/.local/lib/python3.7/site-packages/airflow/example_dags/example_time_delta_sensor_async.py
[2022-03-26 12:44:58,125] {processor.py:654} INFO - DAG(s) dict_keys(['example_time_delta_sensor_async']) retrieved from /home/airflow/.local/lib/python3.7/site-packages/airflow/example_dags/example_time_delta_sensor_async.py
[2022-03-26 12:44:58,130] {logging_mixin.py:109} INFO - [2022-03-26 12:44:58,130] {dag.py:2398} INFO - Sync 1 DAGs
[2022-03-26 12:44:58,139] {logging_mixin.py:109} INFO - [2022-03-26 12:44:58,139] {dag.py:2937} INFO - Setting next_dagrun for example_time_delta_sensor_async to None
[2022-03-26 12:44:58,143] {processor.py:171} INFO - Processing /home/airflow/.local/lib/python3.7/site-packages/airflow/example_dags/example_time_delta_sensor_async.py took 0.035 seconds
[2022-03-26 12:45:28,345] {processor.py:163} INFO - Started process (PID=356) to work on /home/airflow/.local/lib/python3.7/site-packages/airflow/example_dags/example_time_delta_sensor_async.py
[2022-03-26 12:45:28,346] {processor.py:642} INFO - Processing file /home/airflow/.local/lib/python3.7/site-packages/airflow/example_dags/example_time_delta_sensor_async.py for tasks to queue
[2022-03-26 12:45:28,346] {logging_mixin.py:109} INFO - [2022-03-26 12:45:28,346] {dagbag.py:500} INFO - Filling up the DagBag from /home/airflow/.local/lib/python3.7/site-packages/airflow/example_dags/example_time_delta_sensor_async.py
[2022-03-26 12:45:28,360] {processor.py:654} INFO - DAG(s) dict_keys(['example_time_delta_sensor_async']) retrieved from /home/airflow/.local/lib/python3.7/site-packages/airflow/example_dags/example_time_delta_sensor_async.py
[2022-03-26 12:45:28,364] {logging_mixin.py:109} INFO - [2022-03-26 12:45:28,364] {dag.py:2398} INFO - Sync 1 DAGs
[2022-03-26 12:45:28,373] {logging_mixin.py:109} INFO - [2022-03-26 12:45:28,372] {dag.py:2937} INFO - Setting next_dagrun for example_time_delta_sensor_async to None
[2022-03-26 12:45:28,377] {processor.py:171} INFO - Processing /home/airflow/.local/lib/python3.7/site-packages/airflow/example_dags/example_time_delta_sensor_async.py took 0.033 seconds
