[2022-03-26 12:43:29,136] {processor.py:163} INFO - Started process (PID=87) to work on /home/airflow/.local/lib/python3.7/site-packages/airflow/example_dags/example_branch_operator.py
[2022-03-26 12:43:29,137] {processor.py:642} INFO - Processing file /home/airflow/.local/lib/python3.7/site-packages/airflow/example_dags/example_branch_operator.py for tasks to queue
[2022-03-26 12:43:29,137] {logging_mixin.py:109} INFO - [2022-03-26 12:43:29,137] {dagbag.py:500} INFO - Filling up the DagBag from /home/airflow/.local/lib/python3.7/site-packages/airflow/example_dags/example_branch_operator.py
[2022-03-26 12:43:29,188] {processor.py:654} INFO - DAG(s) dict_keys(['example_branch_operator']) retrieved from /home/airflow/.local/lib/python3.7/site-packages/airflow/example_dags/example_branch_operator.py
[2022-03-26 12:43:29,213] {logging_mixin.py:109} INFO - [2022-03-26 12:43:29,212] {dag.py:2398} INFO - Sync 1 DAGs
[2022-03-26 12:43:29,240] {logging_mixin.py:109} INFO - [2022-03-26 12:43:29,240] {dag.py:2937} INFO - Setting next_dagrun for example_branch_operator to 2022-03-25 00:00:00+00:00
[2022-03-26 12:43:29,259] {processor.py:171} INFO - Processing /home/airflow/.local/lib/python3.7/site-packages/airflow/example_dags/example_branch_operator.py took 0.125 seconds
[2022-03-26 12:43:59,811] {processor.py:163} INFO - Started process (PID=147) to work on /home/airflow/.local/lib/python3.7/site-packages/airflow/example_dags/example_branch_operator.py
[2022-03-26 12:43:59,812] {processor.py:642} INFO - Processing file /home/airflow/.local/lib/python3.7/site-packages/airflow/example_dags/example_branch_operator.py for tasks to queue
[2022-03-26 12:43:59,812] {logging_mixin.py:109} INFO - [2022-03-26 12:43:59,812] {dagbag.py:500} INFO - Filling up the DagBag from /home/airflow/.local/lib/python3.7/site-packages/airflow/example_dags/example_branch_operator.py
[2022-03-26 12:43:59,840] {processor.py:654} INFO - DAG(s) dict_keys(['example_branch_operator']) retrieved from /home/airflow/.local/lib/python3.7/site-packages/airflow/example_dags/example_branch_operator.py
[2022-03-26 12:43:59,848] {logging_mixin.py:109} INFO - [2022-03-26 12:43:59,848] {dag.py:2398} INFO - Sync 1 DAGs
[2022-03-26 12:43:59,865] {logging_mixin.py:109} INFO - [2022-03-26 12:43:59,865] {dag.py:2937} INFO - Setting next_dagrun for example_branch_operator to 2022-03-25 00:00:00+00:00
[2022-03-26 12:43:59,878] {processor.py:171} INFO - Processing /home/airflow/.local/lib/python3.7/site-packages/airflow/example_dags/example_branch_operator.py took 0.069 seconds
[2022-03-26 12:44:30,374] {processor.py:163} INFO - Started process (PID=219) to work on /home/airflow/.local/lib/python3.7/site-packages/airflow/example_dags/example_branch_operator.py
[2022-03-26 12:44:30,375] {processor.py:642} INFO - Processing file /home/airflow/.local/lib/python3.7/site-packages/airflow/example_dags/example_branch_operator.py for tasks to queue
[2022-03-26 12:44:30,376] {logging_mixin.py:109} INFO - [2022-03-26 12:44:30,375] {dagbag.py:500} INFO - Filling up the DagBag from /home/airflow/.local/lib/python3.7/site-packages/airflow/example_dags/example_branch_operator.py
[2022-03-26 12:44:30,398] {processor.py:654} INFO - DAG(s) dict_keys(['example_branch_operator']) retrieved from /home/airflow/.local/lib/python3.7/site-packages/airflow/example_dags/example_branch_operator.py
[2022-03-26 12:44:30,406] {logging_mixin.py:109} INFO - [2022-03-26 12:44:30,406] {dag.py:2398} INFO - Sync 1 DAGs
[2022-03-26 12:44:30,419] {logging_mixin.py:109} INFO - [2022-03-26 12:44:30,419] {dag.py:2937} INFO - Setting next_dagrun for example_branch_operator to 2022-03-25 00:00:00+00:00
[2022-03-26 12:44:30,426] {processor.py:171} INFO - Processing /home/airflow/.local/lib/python3.7/site-packages/airflow/example_dags/example_branch_operator.py took 0.054 seconds
[2022-03-26 12:45:00,716] {processor.py:163} INFO - Started process (PID=300) to work on /home/airflow/.local/lib/python3.7/site-packages/airflow/example_dags/example_branch_operator.py
[2022-03-26 12:45:00,717] {processor.py:642} INFO - Processing file /home/airflow/.local/lib/python3.7/site-packages/airflow/example_dags/example_branch_operator.py for tasks to queue
[2022-03-26 12:45:00,717] {logging_mixin.py:109} INFO - [2022-03-26 12:45:00,717] {dagbag.py:500} INFO - Filling up the DagBag from /home/airflow/.local/lib/python3.7/site-packages/airflow/example_dags/example_branch_operator.py
[2022-03-26 12:45:00,734] {processor.py:654} INFO - DAG(s) dict_keys(['example_branch_operator']) retrieved from /home/airflow/.local/lib/python3.7/site-packages/airflow/example_dags/example_branch_operator.py
[2022-03-26 12:45:00,741] {logging_mixin.py:109} INFO - [2022-03-26 12:45:00,741] {dag.py:2398} INFO - Sync 1 DAGs
[2022-03-26 12:45:00,750] {logging_mixin.py:109} INFO - [2022-03-26 12:45:00,750] {dag.py:2937} INFO - Setting next_dagrun for example_branch_operator to 2022-03-25 00:00:00+00:00
[2022-03-26 12:45:00,754] {processor.py:171} INFO - Processing /home/airflow/.local/lib/python3.7/site-packages/airflow/example_dags/example_branch_operator.py took 0.040 seconds
[2022-03-26 12:45:30,963] {processor.py:163} INFO - Started process (PID=383) to work on /home/airflow/.local/lib/python3.7/site-packages/airflow/example_dags/example_branch_operator.py
[2022-03-26 12:45:30,963] {processor.py:642} INFO - Processing file /home/airflow/.local/lib/python3.7/site-packages/airflow/example_dags/example_branch_operator.py for tasks to queue
[2022-03-26 12:45:30,963] {logging_mixin.py:109} INFO - [2022-03-26 12:45:30,963] {dagbag.py:500} INFO - Filling up the DagBag from /home/airflow/.local/lib/python3.7/site-packages/airflow/example_dags/example_branch_operator.py
[2022-03-26 12:45:30,980] {processor.py:654} INFO - DAG(s) dict_keys(['example_branch_operator']) retrieved from /home/airflow/.local/lib/python3.7/site-packages/airflow/example_dags/example_branch_operator.py
[2022-03-26 12:45:30,987] {logging_mixin.py:109} INFO - [2022-03-26 12:45:30,987] {dag.py:2398} INFO - Sync 1 DAGs
[2022-03-26 12:45:30,997] {logging_mixin.py:109} INFO - [2022-03-26 12:45:30,997] {dag.py:2937} INFO - Setting next_dagrun for example_branch_operator to 2022-03-25 00:00:00+00:00
[2022-03-26 12:45:31,002] {processor.py:171} INFO - Processing /home/airflow/.local/lib/python3.7/site-packages/airflow/example_dags/example_branch_operator.py took 0.041 seconds
