[2022-03-26 12:43:26,908] {processor.py:163} INFO - Started process (PID=49) to work on /home/airflow/.local/lib/python3.7/site-packages/airflow/example_dags/example_bash_operator.py
[2022-03-26 12:43:26,909] {processor.py:642} INFO - Processing file /home/airflow/.local/lib/python3.7/site-packages/airflow/example_dags/example_bash_operator.py for tasks to queue
[2022-03-26 12:43:26,909] {logging_mixin.py:109} INFO - [2022-03-26 12:43:26,909] {dagbag.py:500} INFO - Filling up the DagBag from /home/airflow/.local/lib/python3.7/site-packages/airflow/example_dags/example_bash_operator.py
[2022-03-26 12:43:26,933] {processor.py:654} INFO - DAG(s) dict_keys(['example_bash_operator']) retrieved from /home/airflow/.local/lib/python3.7/site-packages/airflow/example_dags/example_bash_operator.py
[2022-03-26 12:43:26,941] {logging_mixin.py:109} INFO - [2022-03-26 12:43:26,941] {dag.py:2398} INFO - Sync 1 DAGs
[2022-03-26 12:43:26,955] {logging_mixin.py:109} INFO - [2022-03-26 12:43:26,955] {dag.py:2937} INFO - Setting next_dagrun for example_bash_operator to 2022-03-25 00:00:00+00:00
[2022-03-26 12:43:26,964] {processor.py:171} INFO - Processing /home/airflow/.local/lib/python3.7/site-packages/airflow/example_dags/example_bash_operator.py took 0.058 seconds
[2022-03-26 12:43:57,766] {processor.py:163} INFO - Started process (PID=131) to work on /home/airflow/.local/lib/python3.7/site-packages/airflow/example_dags/example_bash_operator.py
[2022-03-26 12:43:57,767] {processor.py:642} INFO - Processing file /home/airflow/.local/lib/python3.7/site-packages/airflow/example_dags/example_bash_operator.py for tasks to queue
[2022-03-26 12:43:57,768] {logging_mixin.py:109} INFO - [2022-03-26 12:43:57,768] {dagbag.py:500} INFO - Filling up the DagBag from /home/airflow/.local/lib/python3.7/site-packages/airflow/example_dags/example_bash_operator.py
[2022-03-26 12:43:57,824] {processor.py:654} INFO - DAG(s) dict_keys(['example_bash_operator']) retrieved from /home/airflow/.local/lib/python3.7/site-packages/airflow/example_dags/example_bash_operator.py
[2022-03-26 12:43:57,866] {logging_mixin.py:109} INFO - [2022-03-26 12:43:57,866] {dag.py:2398} INFO - Sync 1 DAGs
[2022-03-26 12:43:57,901] {logging_mixin.py:109} INFO - [2022-03-26 12:43:57,900] {dag.py:2937} INFO - Setting next_dagrun for example_bash_operator to 2022-03-25 00:00:00+00:00
[2022-03-26 12:43:57,912] {processor.py:171} INFO - Processing /home/airflow/.local/lib/python3.7/site-packages/airflow/example_dags/example_bash_operator.py took 0.147 seconds
[2022-03-26 12:44:28,866] {processor.py:163} INFO - Started process (PID=203) to work on /home/airflow/.local/lib/python3.7/site-packages/airflow/example_dags/example_bash_operator.py
[2022-03-26 12:44:28,868] {processor.py:642} INFO - Processing file /home/airflow/.local/lib/python3.7/site-packages/airflow/example_dags/example_bash_operator.py for tasks to queue
[2022-03-26 12:44:28,868] {logging_mixin.py:109} INFO - [2022-03-26 12:44:28,868] {dagbag.py:500} INFO - Filling up the DagBag from /home/airflow/.local/lib/python3.7/site-packages/airflow/example_dags/example_bash_operator.py
[2022-03-26 12:44:28,886] {processor.py:654} INFO - DAG(s) dict_keys(['example_bash_operator']) retrieved from /home/airflow/.local/lib/python3.7/site-packages/airflow/example_dags/example_bash_operator.py
[2022-03-26 12:44:28,891] {logging_mixin.py:109} INFO - [2022-03-26 12:44:28,891] {dag.py:2398} INFO - Sync 1 DAGs
[2022-03-26 12:44:28,901] {logging_mixin.py:109} INFO - [2022-03-26 12:44:28,901] {dag.py:2937} INFO - Setting next_dagrun for example_bash_operator to 2022-03-25 00:00:00+00:00
[2022-03-26 12:44:28,907] {processor.py:171} INFO - Processing /home/airflow/.local/lib/python3.7/site-packages/airflow/example_dags/example_bash_operator.py took 0.042 seconds
[2022-03-26 12:44:59,157] {processor.py:163} INFO - Started process (PID=284) to work on /home/airflow/.local/lib/python3.7/site-packages/airflow/example_dags/example_bash_operator.py
[2022-03-26 12:44:59,157] {processor.py:642} INFO - Processing file /home/airflow/.local/lib/python3.7/site-packages/airflow/example_dags/example_bash_operator.py for tasks to queue
[2022-03-26 12:44:59,157] {logging_mixin.py:109} INFO - [2022-03-26 12:44:59,157] {dagbag.py:500} INFO - Filling up the DagBag from /home/airflow/.local/lib/python3.7/site-packages/airflow/example_dags/example_bash_operator.py
[2022-03-26 12:44:59,175] {processor.py:654} INFO - DAG(s) dict_keys(['example_bash_operator']) retrieved from /home/airflow/.local/lib/python3.7/site-packages/airflow/example_dags/example_bash_operator.py
[2022-03-26 12:44:59,185] {logging_mixin.py:109} INFO - [2022-03-26 12:44:59,184] {dag.py:2398} INFO - Sync 1 DAGs
[2022-03-26 12:44:59,197] {logging_mixin.py:109} INFO - [2022-03-26 12:44:59,197] {dag.py:2937} INFO - Setting next_dagrun for example_bash_operator to 2022-03-25 00:00:00+00:00
[2022-03-26 12:44:59,204] {processor.py:171} INFO - Processing /home/airflow/.local/lib/python3.7/site-packages/airflow/example_dags/example_bash_operator.py took 0.049 seconds
[2022-03-26 12:45:29,390] {processor.py:163} INFO - Started process (PID=358) to work on /home/airflow/.local/lib/python3.7/site-packages/airflow/example_dags/example_bash_operator.py
[2022-03-26 12:45:29,397] {processor.py:642} INFO - Processing file /home/airflow/.local/lib/python3.7/site-packages/airflow/example_dags/example_bash_operator.py for tasks to queue
[2022-03-26 12:45:29,397] {logging_mixin.py:109} INFO - [2022-03-26 12:45:29,397] {dagbag.py:500} INFO - Filling up the DagBag from /home/airflow/.local/lib/python3.7/site-packages/airflow/example_dags/example_bash_operator.py
[2022-03-26 12:45:29,413] {processor.py:654} INFO - DAG(s) dict_keys(['example_bash_operator']) retrieved from /home/airflow/.local/lib/python3.7/site-packages/airflow/example_dags/example_bash_operator.py
[2022-03-26 12:45:29,420] {logging_mixin.py:109} INFO - [2022-03-26 12:45:29,420] {dag.py:2398} INFO - Sync 1 DAGs
[2022-03-26 12:45:29,429] {logging_mixin.py:109} INFO - [2022-03-26 12:45:29,428] {dag.py:2937} INFO - Setting next_dagrun for example_bash_operator to 2022-03-25 00:00:00+00:00
[2022-03-26 12:45:29,433] {processor.py:171} INFO - Processing /home/airflow/.local/lib/python3.7/site-packages/airflow/example_dags/example_bash_operator.py took 0.045 seconds
