[2022-03-26 12:43:29,432] {processor.py:163} INFO - Started process (PID=89) to work on /home/airflow/.local/lib/python3.7/site-packages/airflow/example_dags/example_trigger_target_dag.py
[2022-03-26 12:43:29,433] {processor.py:642} INFO - Processing file /home/airflow/.local/lib/python3.7/site-packages/airflow/example_dags/example_trigger_target_dag.py for tasks to queue
[2022-03-26 12:43:29,433] {logging_mixin.py:109} INFO - [2022-03-26 12:43:29,433] {dagbag.py:500} INFO - Filling up the DagBag from /home/airflow/.local/lib/python3.7/site-packages/airflow/example_dags/example_trigger_target_dag.py
[2022-03-26 12:43:29,516] {processor.py:654} INFO - DAG(s) dict_keys(['example_trigger_target_dag']) retrieved from /home/airflow/.local/lib/python3.7/site-packages/airflow/example_dags/example_trigger_target_dag.py
[2022-03-26 12:43:29,536] {logging_mixin.py:109} INFO - [2022-03-26 12:43:29,536] {dag.py:2398} INFO - Sync 1 DAGs
[2022-03-26 12:43:29,560] {logging_mixin.py:109} INFO - [2022-03-26 12:43:29,560] {dag.py:2937} INFO - Setting next_dagrun for example_trigger_target_dag to None
[2022-03-26 12:43:29,577] {processor.py:171} INFO - Processing /home/airflow/.local/lib/python3.7/site-packages/airflow/example_dags/example_trigger_target_dag.py took 0.147 seconds
[2022-03-26 12:43:59,892] {processor.py:163} INFO - Started process (PID=149) to work on /home/airflow/.local/lib/python3.7/site-packages/airflow/example_dags/example_trigger_target_dag.py
[2022-03-26 12:43:59,893] {processor.py:642} INFO - Processing file /home/airflow/.local/lib/python3.7/site-packages/airflow/example_dags/example_trigger_target_dag.py for tasks to queue
[2022-03-26 12:43:59,894] {logging_mixin.py:109} INFO - [2022-03-26 12:43:59,894] {dagbag.py:500} INFO - Filling up the DagBag from /home/airflow/.local/lib/python3.7/site-packages/airflow/example_dags/example_trigger_target_dag.py
[2022-03-26 12:43:59,919] {processor.py:654} INFO - DAG(s) dict_keys(['example_trigger_target_dag']) retrieved from /home/airflow/.local/lib/python3.7/site-packages/airflow/example_dags/example_trigger_target_dag.py
[2022-03-26 12:43:59,927] {logging_mixin.py:109} INFO - [2022-03-26 12:43:59,927] {dag.py:2398} INFO - Sync 1 DAGs
[2022-03-26 12:43:59,942] {logging_mixin.py:109} INFO - [2022-03-26 12:43:59,942] {dag.py:2937} INFO - Setting next_dagrun for example_trigger_target_dag to None
[2022-03-26 12:43:59,950] {processor.py:171} INFO - Processing /home/airflow/.local/lib/python3.7/site-packages/airflow/example_dags/example_trigger_target_dag.py took 0.060 seconds
[2022-03-26 12:44:30,436] {processor.py:163} INFO - Started process (PID=221) to work on /home/airflow/.local/lib/python3.7/site-packages/airflow/example_dags/example_trigger_target_dag.py
[2022-03-26 12:44:30,436] {processor.py:642} INFO - Processing file /home/airflow/.local/lib/python3.7/site-packages/airflow/example_dags/example_trigger_target_dag.py for tasks to queue
[2022-03-26 12:44:30,437] {logging_mixin.py:109} INFO - [2022-03-26 12:44:30,437] {dagbag.py:500} INFO - Filling up the DagBag from /home/airflow/.local/lib/python3.7/site-packages/airflow/example_dags/example_trigger_target_dag.py
[2022-03-26 12:44:30,454] {processor.py:654} INFO - DAG(s) dict_keys(['example_trigger_target_dag']) retrieved from /home/airflow/.local/lib/python3.7/site-packages/airflow/example_dags/example_trigger_target_dag.py
[2022-03-26 12:44:30,459] {logging_mixin.py:109} INFO - [2022-03-26 12:44:30,459] {dag.py:2398} INFO - Sync 1 DAGs
[2022-03-26 12:44:30,468] {logging_mixin.py:109} INFO - [2022-03-26 12:44:30,468] {dag.py:2937} INFO - Setting next_dagrun for example_trigger_target_dag to None
[2022-03-26 12:44:30,473] {processor.py:171} INFO - Processing /home/airflow/.local/lib/python3.7/site-packages/airflow/example_dags/example_trigger_target_dag.py took 0.038 seconds
[2022-03-26 12:45:00,761] {processor.py:163} INFO - Started process (PID=302) to work on /home/airflow/.local/lib/python3.7/site-packages/airflow/example_dags/example_trigger_target_dag.py
[2022-03-26 12:45:00,762] {processor.py:642} INFO - Processing file /home/airflow/.local/lib/python3.7/site-packages/airflow/example_dags/example_trigger_target_dag.py for tasks to queue
[2022-03-26 12:45:00,762] {logging_mixin.py:109} INFO - [2022-03-26 12:45:00,762] {dagbag.py:500} INFO - Filling up the DagBag from /home/airflow/.local/lib/python3.7/site-packages/airflow/example_dags/example_trigger_target_dag.py
[2022-03-26 12:45:00,779] {processor.py:654} INFO - DAG(s) dict_keys(['example_trigger_target_dag']) retrieved from /home/airflow/.local/lib/python3.7/site-packages/airflow/example_dags/example_trigger_target_dag.py
[2022-03-26 12:45:00,785] {logging_mixin.py:109} INFO - [2022-03-26 12:45:00,784] {dag.py:2398} INFO - Sync 1 DAGs
[2022-03-26 12:45:00,792] {logging_mixin.py:109} INFO - [2022-03-26 12:45:00,792] {dag.py:2937} INFO - Setting next_dagrun for example_trigger_target_dag to None
[2022-03-26 12:45:00,796] {processor.py:171} INFO - Processing /home/airflow/.local/lib/python3.7/site-packages/airflow/example_dags/example_trigger_target_dag.py took 0.036 seconds
[2022-03-26 12:45:31,010] {processor.py:163} INFO - Started process (PID=385) to work on /home/airflow/.local/lib/python3.7/site-packages/airflow/example_dags/example_trigger_target_dag.py
[2022-03-26 12:45:31,011] {processor.py:642} INFO - Processing file /home/airflow/.local/lib/python3.7/site-packages/airflow/example_dags/example_trigger_target_dag.py for tasks to queue
[2022-03-26 12:45:31,011] {logging_mixin.py:109} INFO - [2022-03-26 12:45:31,011] {dagbag.py:500} INFO - Filling up the DagBag from /home/airflow/.local/lib/python3.7/site-packages/airflow/example_dags/example_trigger_target_dag.py
[2022-03-26 12:45:31,027] {processor.py:654} INFO - DAG(s) dict_keys(['example_trigger_target_dag']) retrieved from /home/airflow/.local/lib/python3.7/site-packages/airflow/example_dags/example_trigger_target_dag.py
[2022-03-26 12:45:31,032] {logging_mixin.py:109} INFO - [2022-03-26 12:45:31,032] {dag.py:2398} INFO - Sync 1 DAGs
[2022-03-26 12:45:31,040] {logging_mixin.py:109} INFO - [2022-03-26 12:45:31,040] {dag.py:2937} INFO - Setting next_dagrun for example_trigger_target_dag to None
[2022-03-26 12:45:31,044] {processor.py:171} INFO - Processing /home/airflow/.local/lib/python3.7/site-packages/airflow/example_dags/example_trigger_target_dag.py took 0.036 seconds
