[2022-03-26 12:43:28,372] {processor.py:163} INFO - Started process (PID=79) to work on /home/airflow/.local/lib/python3.7/site-packages/airflow/example_dags/example_branch_labels.py
[2022-03-26 12:43:28,373] {processor.py:642} INFO - Processing file /home/airflow/.local/lib/python3.7/site-packages/airflow/example_dags/example_branch_labels.py for tasks to queue
[2022-03-26 12:43:28,374] {logging_mixin.py:109} INFO - [2022-03-26 12:43:28,373] {dagbag.py:500} INFO - Filling up the DagBag from /home/airflow/.local/lib/python3.7/site-packages/airflow/example_dags/example_branch_labels.py
[2022-03-26 12:43:28,414] {processor.py:654} INFO - DAG(s) dict_keys(['example_branch_labels']) retrieved from /home/airflow/.local/lib/python3.7/site-packages/airflow/example_dags/example_branch_labels.py
[2022-03-26 12:43:28,432] {logging_mixin.py:109} INFO - [2022-03-26 12:43:28,432] {dag.py:2398} INFO - Sync 1 DAGs
[2022-03-26 12:43:28,466] {logging_mixin.py:109} INFO - [2022-03-26 12:43:28,466] {dag.py:2937} INFO - Setting next_dagrun for example_branch_labels to 2022-03-25 00:00:00+00:00
[2022-03-26 12:43:28,486] {processor.py:171} INFO - Processing /home/airflow/.local/lib/python3.7/site-packages/airflow/example_dags/example_branch_labels.py took 0.172 seconds
[2022-03-26 12:43:58,577] {processor.py:163} INFO - Started process (PID=142) to work on /home/airflow/.local/lib/python3.7/site-packages/airflow/example_dags/example_branch_labels.py
[2022-03-26 12:43:58,582] {processor.py:642} INFO - Processing file /home/airflow/.local/lib/python3.7/site-packages/airflow/example_dags/example_branch_labels.py for tasks to queue
[2022-03-26 12:43:58,583] {logging_mixin.py:109} INFO - [2022-03-26 12:43:58,583] {dagbag.py:500} INFO - Filling up the DagBag from /home/airflow/.local/lib/python3.7/site-packages/airflow/example_dags/example_branch_labels.py
[2022-03-26 12:43:58,612] {processor.py:654} INFO - DAG(s) dict_keys(['example_branch_labels']) retrieved from /home/airflow/.local/lib/python3.7/site-packages/airflow/example_dags/example_branch_labels.py
[2022-03-26 12:43:58,621] {logging_mixin.py:109} INFO - [2022-03-26 12:43:58,621] {dag.py:2398} INFO - Sync 1 DAGs
[2022-03-26 12:43:58,640] {logging_mixin.py:109} INFO - [2022-03-26 12:43:58,640] {dag.py:2937} INFO - Setting next_dagrun for example_branch_labels to 2022-03-25 00:00:00+00:00
[2022-03-26 12:43:58,648] {processor.py:171} INFO - Processing /home/airflow/.local/lib/python3.7/site-packages/airflow/example_dags/example_branch_labels.py took 0.073 seconds
[2022-03-26 12:44:29,217] {processor.py:163} INFO - Started process (PID=214) to work on /home/airflow/.local/lib/python3.7/site-packages/airflow/example_dags/example_branch_labels.py
[2022-03-26 12:44:29,218] {processor.py:642} INFO - Processing file /home/airflow/.local/lib/python3.7/site-packages/airflow/example_dags/example_branch_labels.py for tasks to queue
[2022-03-26 12:44:29,218] {logging_mixin.py:109} INFO - [2022-03-26 12:44:29,218] {dagbag.py:500} INFO - Filling up the DagBag from /home/airflow/.local/lib/python3.7/site-packages/airflow/example_dags/example_branch_labels.py
[2022-03-26 12:44:29,234] {processor.py:654} INFO - DAG(s) dict_keys(['example_branch_labels']) retrieved from /home/airflow/.local/lib/python3.7/site-packages/airflow/example_dags/example_branch_labels.py
[2022-03-26 12:44:29,239] {logging_mixin.py:109} INFO - [2022-03-26 12:44:29,239] {dag.py:2398} INFO - Sync 1 DAGs
[2022-03-26 12:44:29,250] {logging_mixin.py:109} INFO - [2022-03-26 12:44:29,250] {dag.py:2937} INFO - Setting next_dagrun for example_branch_labels to 2022-03-25 00:00:00+00:00
[2022-03-26 12:44:29,255] {processor.py:171} INFO - Processing /home/airflow/.local/lib/python3.7/site-packages/airflow/example_dags/example_branch_labels.py took 0.040 seconds
[2022-03-26 12:44:59,556] {processor.py:163} INFO - Started process (PID=295) to work on /home/airflow/.local/lib/python3.7/site-packages/airflow/example_dags/example_branch_labels.py
[2022-03-26 12:44:59,557] {processor.py:642} INFO - Processing file /home/airflow/.local/lib/python3.7/site-packages/airflow/example_dags/example_branch_labels.py for tasks to queue
[2022-03-26 12:44:59,557] {logging_mixin.py:109} INFO - [2022-03-26 12:44:59,557] {dagbag.py:500} INFO - Filling up the DagBag from /home/airflow/.local/lib/python3.7/site-packages/airflow/example_dags/example_branch_labels.py
[2022-03-26 12:44:59,572] {processor.py:654} INFO - DAG(s) dict_keys(['example_branch_labels']) retrieved from /home/airflow/.local/lib/python3.7/site-packages/airflow/example_dags/example_branch_labels.py
[2022-03-26 12:44:59,577] {logging_mixin.py:109} INFO - [2022-03-26 12:44:59,577] {dag.py:2398} INFO - Sync 1 DAGs
[2022-03-26 12:44:59,587] {logging_mixin.py:109} INFO - [2022-03-26 12:44:59,587] {dag.py:2937} INFO - Setting next_dagrun for example_branch_labels to 2022-03-25 00:00:00+00:00
[2022-03-26 12:44:59,591] {processor.py:171} INFO - Processing /home/airflow/.local/lib/python3.7/site-packages/airflow/example_dags/example_branch_labels.py took 0.037 seconds
[2022-03-26 12:45:29,824] {processor.py:163} INFO - Started process (PID=369) to work on /home/airflow/.local/lib/python3.7/site-packages/airflow/example_dags/example_branch_labels.py
[2022-03-26 12:45:29,825] {processor.py:642} INFO - Processing file /home/airflow/.local/lib/python3.7/site-packages/airflow/example_dags/example_branch_labels.py for tasks to queue
[2022-03-26 12:45:29,825] {logging_mixin.py:109} INFO - [2022-03-26 12:45:29,825] {dagbag.py:500} INFO - Filling up the DagBag from /home/airflow/.local/lib/python3.7/site-packages/airflow/example_dags/example_branch_labels.py
[2022-03-26 12:45:29,840] {processor.py:654} INFO - DAG(s) dict_keys(['example_branch_labels']) retrieved from /home/airflow/.local/lib/python3.7/site-packages/airflow/example_dags/example_branch_labels.py
[2022-03-26 12:45:29,846] {logging_mixin.py:109} INFO - [2022-03-26 12:45:29,845] {dag.py:2398} INFO - Sync 1 DAGs
[2022-03-26 12:45:29,856] {logging_mixin.py:109} INFO - [2022-03-26 12:45:29,856] {dag.py:2937} INFO - Setting next_dagrun for example_branch_labels to 2022-03-25 00:00:00+00:00
[2022-03-26 12:45:29,860] {processor.py:171} INFO - Processing /home/airflow/.local/lib/python3.7/site-packages/airflow/example_dags/example_branch_labels.py took 0.038 seconds
