[2022-03-26 12:43:26,156] {processor.py:163} INFO - Started process (PID=36) to work on /home/airflow/.local/lib/python3.7/site-packages/airflow/example_dags/example_xcom.py
[2022-03-26 12:43:26,157] {processor.py:642} INFO - Processing file /home/airflow/.local/lib/python3.7/site-packages/airflow/example_dags/example_xcom.py for tasks to queue
[2022-03-26 12:43:26,157] {logging_mixin.py:109} INFO - [2022-03-26 12:43:26,157] {dagbag.py:500} INFO - Filling up the DagBag from /home/airflow/.local/lib/python3.7/site-packages/airflow/example_dags/example_xcom.py
[2022-03-26 12:43:26,177] {processor.py:654} INFO - DAG(s) dict_keys(['example_xcom']) retrieved from /home/airflow/.local/lib/python3.7/site-packages/airflow/example_dags/example_xcom.py
[2022-03-26 12:43:26,369] {logging_mixin.py:109} INFO - [2022-03-26 12:43:26,368] {dag.py:2398} INFO - Sync 1 DAGs
[2022-03-26 12:43:26,383] {logging_mixin.py:109} INFO - [2022-03-26 12:43:26,383] {dag.py:2937} INFO - Setting next_dagrun for example_xcom to 2021-01-01T00:00:00+00:00
[2022-03-26 12:43:26,393] {processor.py:171} INFO - Processing /home/airflow/.local/lib/python3.7/site-packages/airflow/example_dags/example_xcom.py took 0.238 seconds
[2022-03-26 12:43:57,262] {processor.py:163} INFO - Started process (PID=125) to work on /home/airflow/.local/lib/python3.7/site-packages/airflow/example_dags/example_xcom.py
[2022-03-26 12:43:57,282] {processor.py:642} INFO - Processing file /home/airflow/.local/lib/python3.7/site-packages/airflow/example_dags/example_xcom.py for tasks to queue
[2022-03-26 12:43:57,282] {logging_mixin.py:109} INFO - [2022-03-26 12:43:57,282] {dagbag.py:500} INFO - Filling up the DagBag from /home/airflow/.local/lib/python3.7/site-packages/airflow/example_dags/example_xcom.py
[2022-03-26 12:43:57,324] {processor.py:654} INFO - DAG(s) dict_keys(['example_xcom']) retrieved from /home/airflow/.local/lib/python3.7/site-packages/airflow/example_dags/example_xcom.py
[2022-03-26 12:43:57,595] {logging_mixin.py:109} INFO - [2022-03-26 12:43:57,595] {dag.py:2398} INFO - Sync 1 DAGs
[2022-03-26 12:43:57,623] {logging_mixin.py:109} INFO - [2022-03-26 12:43:57,622] {dag.py:2937} INFO - Setting next_dagrun for example_xcom to 2021-01-01T00:00:00+00:00
[2022-03-26 12:43:57,633] {processor.py:171} INFO - Processing /home/airflow/.local/lib/python3.7/site-packages/airflow/example_dags/example_xcom.py took 0.373 seconds
[2022-03-26 12:44:27,663] {processor.py:163} INFO - Started process (PID=199) to work on /home/airflow/.local/lib/python3.7/site-packages/airflow/example_dags/example_xcom.py
[2022-03-26 12:44:27,664] {processor.py:642} INFO - Processing file /home/airflow/.local/lib/python3.7/site-packages/airflow/example_dags/example_xcom.py for tasks to queue
[2022-03-26 12:44:27,664] {logging_mixin.py:109} INFO - [2022-03-26 12:44:27,664] {dagbag.py:500} INFO - Filling up the DagBag from /home/airflow/.local/lib/python3.7/site-packages/airflow/example_dags/example_xcom.py
[2022-03-26 12:44:27,682] {processor.py:654} INFO - DAG(s) dict_keys(['example_xcom']) retrieved from /home/airflow/.local/lib/python3.7/site-packages/airflow/example_dags/example_xcom.py
[2022-03-26 12:44:27,788] {logging_mixin.py:109} INFO - [2022-03-26 12:44:27,788] {dag.py:2398} INFO - Sync 1 DAGs
[2022-03-26 12:44:27,796] {logging_mixin.py:109} INFO - [2022-03-26 12:44:27,796] {dag.py:2937} INFO - Setting next_dagrun for example_xcom to 2021-01-01T00:00:00+00:00
[2022-03-26 12:44:27,802] {processor.py:171} INFO - Processing /home/airflow/.local/lib/python3.7/site-packages/airflow/example_dags/example_xcom.py took 0.140 seconds
[2022-03-26 12:44:57,959] {processor.py:163} INFO - Started process (PID=280) to work on /home/airflow/.local/lib/python3.7/site-packages/airflow/example_dags/example_xcom.py
[2022-03-26 12:44:57,959] {processor.py:642} INFO - Processing file /home/airflow/.local/lib/python3.7/site-packages/airflow/example_dags/example_xcom.py for tasks to queue
[2022-03-26 12:44:57,959] {logging_mixin.py:109} INFO - [2022-03-26 12:44:57,959] {dagbag.py:500} INFO - Filling up the DagBag from /home/airflow/.local/lib/python3.7/site-packages/airflow/example_dags/example_xcom.py
[2022-03-26 12:44:57,978] {processor.py:654} INFO - DAG(s) dict_keys(['example_xcom']) retrieved from /home/airflow/.local/lib/python3.7/site-packages/airflow/example_dags/example_xcom.py
[2022-03-26 12:44:58,085] {logging_mixin.py:109} INFO - [2022-03-26 12:44:58,084] {dag.py:2398} INFO - Sync 1 DAGs
[2022-03-26 12:44:58,092] {logging_mixin.py:109} INFO - [2022-03-26 12:44:58,092] {dag.py:2937} INFO - Setting next_dagrun for example_xcom to 2021-01-01T00:00:00+00:00
[2022-03-26 12:44:58,098] {processor.py:171} INFO - Processing /home/airflow/.local/lib/python3.7/site-packages/airflow/example_dags/example_xcom.py took 0.141 seconds
[2022-03-26 12:45:28,205] {processor.py:163} INFO - Started process (PID=354) to work on /home/airflow/.local/lib/python3.7/site-packages/airflow/example_dags/example_xcom.py
[2022-03-26 12:45:28,205] {processor.py:642} INFO - Processing file /home/airflow/.local/lib/python3.7/site-packages/airflow/example_dags/example_xcom.py for tasks to queue
[2022-03-26 12:45:28,205] {logging_mixin.py:109} INFO - [2022-03-26 12:45:28,205] {dagbag.py:500} INFO - Filling up the DagBag from /home/airflow/.local/lib/python3.7/site-packages/airflow/example_dags/example_xcom.py
[2022-03-26 12:45:28,223] {processor.py:654} INFO - DAG(s) dict_keys(['example_xcom']) retrieved from /home/airflow/.local/lib/python3.7/site-packages/airflow/example_dags/example_xcom.py
[2022-03-26 12:45:28,322] {logging_mixin.py:109} INFO - [2022-03-26 12:45:28,322] {dag.py:2398} INFO - Sync 1 DAGs
[2022-03-26 12:45:28,329] {logging_mixin.py:109} INFO - [2022-03-26 12:45:28,329] {dag.py:2937} INFO - Setting next_dagrun for example_xcom to 2021-01-01T00:00:00+00:00
[2022-03-26 12:45:28,334] {processor.py:171} INFO - Processing /home/airflow/.local/lib/python3.7/site-packages/airflow/example_dags/example_xcom.py took 0.131 seconds
