[2022-03-26 12:43:27,720] {processor.py:163} INFO - Started process (PID=64) to work on /home/airflow/.local/lib/python3.7/site-packages/airflow/example_dags/example_latest_only.py
[2022-03-26 12:43:27,721] {processor.py:642} INFO - Processing file /home/airflow/.local/lib/python3.7/site-packages/airflow/example_dags/example_latest_only.py for tasks to queue
[2022-03-26 12:43:27,721] {logging_mixin.py:109} INFO - [2022-03-26 12:43:27,721] {dagbag.py:500} INFO - Filling up the DagBag from /home/airflow/.local/lib/python3.7/site-packages/airflow/example_dags/example_latest_only.py
[2022-03-26 12:43:27,761] {processor.py:654} INFO - DAG(s) dict_keys(['latest_only']) retrieved from /home/airflow/.local/lib/python3.7/site-packages/airflow/example_dags/example_latest_only.py
[2022-03-26 12:43:27,770] {logging_mixin.py:109} INFO - [2022-03-26 12:43:27,770] {dag.py:2398} INFO - Sync 1 DAGs
[2022-03-26 12:43:27,798] {logging_mixin.py:109} INFO - [2022-03-26 12:43:27,798] {dag.py:2937} INFO - Setting next_dagrun for latest_only to 2022-03-26T08:43:27.798594+00:00
[2022-03-26 12:43:27,806] {processor.py:171} INFO - Processing /home/airflow/.local/lib/python3.7/site-packages/airflow/example_dags/example_latest_only.py took 0.088 seconds
[2022-03-26 12:43:58,360] {processor.py:163} INFO - Started process (PID=139) to work on /home/airflow/.local/lib/python3.7/site-packages/airflow/example_dags/example_latest_only.py
[2022-03-26 12:43:58,360] {processor.py:642} INFO - Processing file /home/airflow/.local/lib/python3.7/site-packages/airflow/example_dags/example_latest_only.py for tasks to queue
[2022-03-26 12:43:58,361] {logging_mixin.py:109} INFO - [2022-03-26 12:43:58,361] {dagbag.py:500} INFO - Filling up the DagBag from /home/airflow/.local/lib/python3.7/site-packages/airflow/example_dags/example_latest_only.py
[2022-03-26 12:43:58,387] {processor.py:654} INFO - DAG(s) dict_keys(['latest_only']) retrieved from /home/airflow/.local/lib/python3.7/site-packages/airflow/example_dags/example_latest_only.py
[2022-03-26 12:43:58,395] {logging_mixin.py:109} INFO - [2022-03-26 12:43:58,395] {dag.py:2398} INFO - Sync 1 DAGs
[2022-03-26 12:43:58,412] {logging_mixin.py:109} INFO - [2022-03-26 12:43:58,411] {dag.py:2937} INFO - Setting next_dagrun for latest_only to 2022-03-26T08:43:58.411647+00:00
[2022-03-26 12:43:58,419] {processor.py:171} INFO - Processing /home/airflow/.local/lib/python3.7/site-packages/airflow/example_dags/example_latest_only.py took 0.067 seconds
[2022-03-26 12:44:29,096] {processor.py:163} INFO - Started process (PID=211) to work on /home/airflow/.local/lib/python3.7/site-packages/airflow/example_dags/example_latest_only.py
[2022-03-26 12:44:29,097] {processor.py:642} INFO - Processing file /home/airflow/.local/lib/python3.7/site-packages/airflow/example_dags/example_latest_only.py for tasks to queue
[2022-03-26 12:44:29,097] {logging_mixin.py:109} INFO - [2022-03-26 12:44:29,097] {dagbag.py:500} INFO - Filling up the DagBag from /home/airflow/.local/lib/python3.7/site-packages/airflow/example_dags/example_latest_only.py
[2022-03-26 12:44:29,112] {processor.py:654} INFO - DAG(s) dict_keys(['latest_only']) retrieved from /home/airflow/.local/lib/python3.7/site-packages/airflow/example_dags/example_latest_only.py
[2022-03-26 12:44:29,116] {logging_mixin.py:109} INFO - [2022-03-26 12:44:29,116] {dag.py:2398} INFO - Sync 1 DAGs
[2022-03-26 12:44:29,125] {logging_mixin.py:109} INFO - [2022-03-26 12:44:29,125] {dag.py:2937} INFO - Setting next_dagrun for latest_only to 2022-03-26T08:44:29.125398+00:00
[2022-03-26 12:44:29,130] {processor.py:171} INFO - Processing /home/airflow/.local/lib/python3.7/site-packages/airflow/example_dags/example_latest_only.py took 0.035 seconds
[2022-03-26 12:44:59,360] {processor.py:163} INFO - Started process (PID=291) to work on /home/airflow/.local/lib/python3.7/site-packages/airflow/example_dags/example_latest_only.py
[2022-03-26 12:44:59,360] {processor.py:642} INFO - Processing file /home/airflow/.local/lib/python3.7/site-packages/airflow/example_dags/example_latest_only.py for tasks to queue
[2022-03-26 12:44:59,361] {logging_mixin.py:109} INFO - [2022-03-26 12:44:59,361] {dagbag.py:500} INFO - Filling up the DagBag from /home/airflow/.local/lib/python3.7/site-packages/airflow/example_dags/example_latest_only.py
[2022-03-26 12:44:59,376] {processor.py:654} INFO - DAG(s) dict_keys(['latest_only']) retrieved from /home/airflow/.local/lib/python3.7/site-packages/airflow/example_dags/example_latest_only.py
[2022-03-26 12:44:59,381] {logging_mixin.py:109} INFO - [2022-03-26 12:44:59,381] {dag.py:2398} INFO - Sync 1 DAGs
[2022-03-26 12:44:59,391] {logging_mixin.py:109} INFO - [2022-03-26 12:44:59,391] {dag.py:2937} INFO - Setting next_dagrun for latest_only to 2022-03-26T08:44:59.391303+00:00
[2022-03-26 12:44:59,396] {processor.py:171} INFO - Processing /home/airflow/.local/lib/python3.7/site-packages/airflow/example_dags/example_latest_only.py took 0.038 seconds
[2022-03-26 12:45:29,620] {processor.py:163} INFO - Started process (PID=366) to work on /home/airflow/.local/lib/python3.7/site-packages/airflow/example_dags/example_latest_only.py
[2022-03-26 12:45:29,620] {processor.py:642} INFO - Processing file /home/airflow/.local/lib/python3.7/site-packages/airflow/example_dags/example_latest_only.py for tasks to queue
[2022-03-26 12:45:29,620] {logging_mixin.py:109} INFO - [2022-03-26 12:45:29,620] {dagbag.py:500} INFO - Filling up the DagBag from /home/airflow/.local/lib/python3.7/site-packages/airflow/example_dags/example_latest_only.py
[2022-03-26 12:45:29,636] {processor.py:654} INFO - DAG(s) dict_keys(['latest_only']) retrieved from /home/airflow/.local/lib/python3.7/site-packages/airflow/example_dags/example_latest_only.py
[2022-03-26 12:45:29,642] {logging_mixin.py:109} INFO - [2022-03-26 12:45:29,642] {dag.py:2398} INFO - Sync 1 DAGs
[2022-03-26 12:45:29,658] {logging_mixin.py:109} INFO - [2022-03-26 12:45:29,658] {dag.py:2937} INFO - Setting next_dagrun for latest_only to 2022-03-26T08:45:29.658344+00:00
[2022-03-26 12:45:29,664] {processor.py:171} INFO - Processing /home/airflow/.local/lib/python3.7/site-packages/airflow/example_dags/example_latest_only.py took 0.046 seconds
