[2022-03-26 12:43:27,043] {processor.py:163} INFO - Started process (PID=51) to work on /home/airflow/.local/lib/python3.7/site-packages/airflow/example_dags/example_kubernetes_executor.py
[2022-03-26 12:43:27,044] {processor.py:642} INFO - Processing file /home/airflow/.local/lib/python3.7/site-packages/airflow/example_dags/example_kubernetes_executor.py for tasks to queue
[2022-03-26 12:43:27,044] {logging_mixin.py:109} INFO - [2022-03-26 12:43:27,044] {dagbag.py:500} INFO - Filling up the DagBag from /home/airflow/.local/lib/python3.7/site-packages/airflow/example_dags/example_kubernetes_executor.py
[2022-03-26 12:43:27,073] {processor.py:654} INFO - DAG(s) dict_keys(['example_kubernetes_executor']) retrieved from /home/airflow/.local/lib/python3.7/site-packages/airflow/example_dags/example_kubernetes_executor.py
[2022-03-26 12:43:27,085] {logging_mixin.py:109} INFO - [2022-03-26 12:43:27,085] {dag.py:2398} INFO - Sync 1 DAGs
[2022-03-26 12:43:27,100] {logging_mixin.py:109} INFO - [2022-03-26 12:43:27,100] {dag.py:2937} INFO - Setting next_dagrun for example_kubernetes_executor to None
[2022-03-26 12:43:27,109] {processor.py:171} INFO - Processing /home/airflow/.local/lib/python3.7/site-packages/airflow/example_dags/example_kubernetes_executor.py took 0.068 seconds
[2022-03-26 12:43:57,938] {processor.py:163} INFO - Started process (PID=133) to work on /home/airflow/.local/lib/python3.7/site-packages/airflow/example_dags/example_kubernetes_executor.py
[2022-03-26 12:43:57,940] {processor.py:642} INFO - Processing file /home/airflow/.local/lib/python3.7/site-packages/airflow/example_dags/example_kubernetes_executor.py for tasks to queue
[2022-03-26 12:43:57,941] {logging_mixin.py:109} INFO - [2022-03-26 12:43:57,940] {dagbag.py:500} INFO - Filling up the DagBag from /home/airflow/.local/lib/python3.7/site-packages/airflow/example_dags/example_kubernetes_executor.py
[2022-03-26 12:43:57,990] {processor.py:654} INFO - DAG(s) dict_keys(['example_kubernetes_executor']) retrieved from /home/airflow/.local/lib/python3.7/site-packages/airflow/example_dags/example_kubernetes_executor.py
[2022-03-26 12:43:58,005] {logging_mixin.py:109} INFO - [2022-03-26 12:43:58,005] {dag.py:2398} INFO - Sync 1 DAGs
[2022-03-26 12:43:58,027] {logging_mixin.py:109} INFO - [2022-03-26 12:43:58,027] {dag.py:2937} INFO - Setting next_dagrun for example_kubernetes_executor to None
[2022-03-26 12:43:58,039] {processor.py:171} INFO - Processing /home/airflow/.local/lib/python3.7/site-packages/airflow/example_dags/example_kubernetes_executor.py took 0.108 seconds
[2022-03-26 12:44:28,915] {processor.py:163} INFO - Started process (PID=205) to work on /home/airflow/.local/lib/python3.7/site-packages/airflow/example_dags/example_kubernetes_executor.py
[2022-03-26 12:44:28,916] {processor.py:642} INFO - Processing file /home/airflow/.local/lib/python3.7/site-packages/airflow/example_dags/example_kubernetes_executor.py for tasks to queue
[2022-03-26 12:44:28,916] {logging_mixin.py:109} INFO - [2022-03-26 12:44:28,916] {dagbag.py:500} INFO - Filling up the DagBag from /home/airflow/.local/lib/python3.7/site-packages/airflow/example_dags/example_kubernetes_executor.py
[2022-03-26 12:44:28,935] {processor.py:654} INFO - DAG(s) dict_keys(['example_kubernetes_executor']) retrieved from /home/airflow/.local/lib/python3.7/site-packages/airflow/example_dags/example_kubernetes_executor.py
[2022-03-26 12:44:28,943] {logging_mixin.py:109} INFO - [2022-03-26 12:44:28,943] {dag.py:2398} INFO - Sync 1 DAGs
[2022-03-26 12:44:28,950] {logging_mixin.py:109} INFO - [2022-03-26 12:44:28,950] {dag.py:2937} INFO - Setting next_dagrun for example_kubernetes_executor to None
[2022-03-26 12:44:28,954] {processor.py:171} INFO - Processing /home/airflow/.local/lib/python3.7/site-packages/airflow/example_dags/example_kubernetes_executor.py took 0.040 seconds
[2022-03-26 12:44:59,212] {processor.py:163} INFO - Started process (PID=286) to work on /home/airflow/.local/lib/python3.7/site-packages/airflow/example_dags/example_kubernetes_executor.py
[2022-03-26 12:44:59,213] {processor.py:642} INFO - Processing file /home/airflow/.local/lib/python3.7/site-packages/airflow/example_dags/example_kubernetes_executor.py for tasks to queue
[2022-03-26 12:44:59,213] {logging_mixin.py:109} INFO - [2022-03-26 12:44:59,213] {dagbag.py:500} INFO - Filling up the DagBag from /home/airflow/.local/lib/python3.7/site-packages/airflow/example_dags/example_kubernetes_executor.py
[2022-03-26 12:44:59,232] {processor.py:654} INFO - DAG(s) dict_keys(['example_kubernetes_executor']) retrieved from /home/airflow/.local/lib/python3.7/site-packages/airflow/example_dags/example_kubernetes_executor.py
[2022-03-26 12:44:59,239] {logging_mixin.py:109} INFO - [2022-03-26 12:44:59,239] {dag.py:2398} INFO - Sync 1 DAGs
[2022-03-26 12:44:59,248] {logging_mixin.py:109} INFO - [2022-03-26 12:44:59,248] {dag.py:2937} INFO - Setting next_dagrun for example_kubernetes_executor to None
[2022-03-26 12:44:59,253] {processor.py:171} INFO - Processing /home/airflow/.local/lib/python3.7/site-packages/airflow/example_dags/example_kubernetes_executor.py took 0.042 seconds
[2022-03-26 12:45:29,442] {processor.py:163} INFO - Started process (PID=360) to work on /home/airflow/.local/lib/python3.7/site-packages/airflow/example_dags/example_kubernetes_executor.py
[2022-03-26 12:45:29,443] {processor.py:642} INFO - Processing file /home/airflow/.local/lib/python3.7/site-packages/airflow/example_dags/example_kubernetes_executor.py for tasks to queue
[2022-03-26 12:45:29,443] {logging_mixin.py:109} INFO - [2022-03-26 12:45:29,443] {dagbag.py:500} INFO - Filling up the DagBag from /home/airflow/.local/lib/python3.7/site-packages/airflow/example_dags/example_kubernetes_executor.py
[2022-03-26 12:45:29,461] {processor.py:654} INFO - DAG(s) dict_keys(['example_kubernetes_executor']) retrieved from /home/airflow/.local/lib/python3.7/site-packages/airflow/example_dags/example_kubernetes_executor.py
[2022-03-26 12:45:29,467] {logging_mixin.py:109} INFO - [2022-03-26 12:45:29,467] {dag.py:2398} INFO - Sync 1 DAGs
[2022-03-26 12:45:29,475] {logging_mixin.py:109} INFO - [2022-03-26 12:45:29,475] {dag.py:2937} INFO - Setting next_dagrun for example_kubernetes_executor to None
[2022-03-26 12:45:29,479] {processor.py:171} INFO - Processing /home/airflow/.local/lib/python3.7/site-packages/airflow/example_dags/example_kubernetes_executor.py took 0.039 seconds
