[2022-03-26 12:43:27,541] {processor.py:163} INFO - Started process (PID=62) to work on /home/airflow/.local/lib/python3.7/site-packages/airflow/example_dags/example_nested_branch_dag.py
[2022-03-26 12:43:27,542] {processor.py:642} INFO - Processing file /home/airflow/.local/lib/python3.7/site-packages/airflow/example_dags/example_nested_branch_dag.py for tasks to queue
[2022-03-26 12:43:27,542] {logging_mixin.py:109} INFO - [2022-03-26 12:43:27,542] {dagbag.py:500} INFO - Filling up the DagBag from /home/airflow/.local/lib/python3.7/site-packages/airflow/example_dags/example_nested_branch_dag.py
[2022-03-26 12:43:27,566] {processor.py:654} INFO - DAG(s) dict_keys(['example_nested_branch_dag']) retrieved from /home/airflow/.local/lib/python3.7/site-packages/airflow/example_dags/example_nested_branch_dag.py
[2022-03-26 12:43:27,576] {logging_mixin.py:109} INFO - [2022-03-26 12:43:27,575] {dag.py:2398} INFO - Sync 1 DAGs
[2022-03-26 12:43:27,590] {logging_mixin.py:109} INFO - [2022-03-26 12:43:27,589] {dag.py:2937} INFO - Setting next_dagrun for example_nested_branch_dag to 2022-03-25 00:00:00+00:00
[2022-03-26 12:43:27,599] {processor.py:171} INFO - Processing /home/airflow/.local/lib/python3.7/site-packages/airflow/example_dags/example_nested_branch_dag.py took 0.060 seconds
[2022-03-26 12:43:58,148] {processor.py:163} INFO - Started process (PID=137) to work on /home/airflow/.local/lib/python3.7/site-packages/airflow/example_dags/example_nested_branch_dag.py
[2022-03-26 12:43:58,149] {processor.py:642} INFO - Processing file /home/airflow/.local/lib/python3.7/site-packages/airflow/example_dags/example_nested_branch_dag.py for tasks to queue
[2022-03-26 12:43:58,150] {logging_mixin.py:109} INFO - [2022-03-26 12:43:58,150] {dagbag.py:500} INFO - Filling up the DagBag from /home/airflow/.local/lib/python3.7/site-packages/airflow/example_dags/example_nested_branch_dag.py
[2022-03-26 12:43:58,187] {processor.py:654} INFO - DAG(s) dict_keys(['example_nested_branch_dag']) retrieved from /home/airflow/.local/lib/python3.7/site-packages/airflow/example_dags/example_nested_branch_dag.py
[2022-03-26 12:43:58,202] {logging_mixin.py:109} INFO - [2022-03-26 12:43:58,202] {dag.py:2398} INFO - Sync 1 DAGs
[2022-03-26 12:43:58,221] {logging_mixin.py:109} INFO - [2022-03-26 12:43:58,221] {dag.py:2937} INFO - Setting next_dagrun for example_nested_branch_dag to 2022-03-25 00:00:00+00:00
[2022-03-26 12:43:58,230] {processor.py:171} INFO - Processing /home/airflow/.local/lib/python3.7/site-packages/airflow/example_dags/example_nested_branch_dag.py took 0.084 seconds
[2022-03-26 12:44:29,007] {processor.py:163} INFO - Started process (PID=209) to work on /home/airflow/.local/lib/python3.7/site-packages/airflow/example_dags/example_nested_branch_dag.py
[2022-03-26 12:44:29,008] {processor.py:642} INFO - Processing file /home/airflow/.local/lib/python3.7/site-packages/airflow/example_dags/example_nested_branch_dag.py for tasks to queue
[2022-03-26 12:44:29,008] {logging_mixin.py:109} INFO - [2022-03-26 12:44:29,008] {dagbag.py:500} INFO - Filling up the DagBag from /home/airflow/.local/lib/python3.7/site-packages/airflow/example_dags/example_nested_branch_dag.py
[2022-03-26 12:44:29,024] {processor.py:654} INFO - DAG(s) dict_keys(['example_nested_branch_dag']) retrieved from /home/airflow/.local/lib/python3.7/site-packages/airflow/example_dags/example_nested_branch_dag.py
[2022-03-26 12:44:29,029] {logging_mixin.py:109} INFO - [2022-03-26 12:44:29,029] {dag.py:2398} INFO - Sync 1 DAGs
[2022-03-26 12:44:29,040] {logging_mixin.py:109} INFO - [2022-03-26 12:44:29,040] {dag.py:2937} INFO - Setting next_dagrun for example_nested_branch_dag to 2022-03-25 00:00:00+00:00
[2022-03-26 12:44:29,045] {processor.py:171} INFO - Processing /home/airflow/.local/lib/python3.7/site-packages/airflow/example_dags/example_nested_branch_dag.py took 0.039 seconds
[2022-03-26 12:44:59,310] {processor.py:163} INFO - Started process (PID=289) to work on /home/airflow/.local/lib/python3.7/site-packages/airflow/example_dags/example_nested_branch_dag.py
[2022-03-26 12:44:59,311] {processor.py:642} INFO - Processing file /home/airflow/.local/lib/python3.7/site-packages/airflow/example_dags/example_nested_branch_dag.py for tasks to queue
[2022-03-26 12:44:59,311] {logging_mixin.py:109} INFO - [2022-03-26 12:44:59,311] {dagbag.py:500} INFO - Filling up the DagBag from /home/airflow/.local/lib/python3.7/site-packages/airflow/example_dags/example_nested_branch_dag.py
[2022-03-26 12:44:59,329] {processor.py:654} INFO - DAG(s) dict_keys(['example_nested_branch_dag']) retrieved from /home/airflow/.local/lib/python3.7/site-packages/airflow/example_dags/example_nested_branch_dag.py
[2022-03-26 12:44:59,336] {logging_mixin.py:109} INFO - [2022-03-26 12:44:59,336] {dag.py:2398} INFO - Sync 1 DAGs
[2022-03-26 12:44:59,346] {logging_mixin.py:109} INFO - [2022-03-26 12:44:59,346] {dag.py:2937} INFO - Setting next_dagrun for example_nested_branch_dag to 2022-03-25 00:00:00+00:00
[2022-03-26 12:44:59,351] {processor.py:171} INFO - Processing /home/airflow/.local/lib/python3.7/site-packages/airflow/example_dags/example_nested_branch_dag.py took 0.043 seconds
[2022-03-26 12:45:29,530] {processor.py:163} INFO - Started process (PID=363) to work on /home/airflow/.local/lib/python3.7/site-packages/airflow/example_dags/example_nested_branch_dag.py
[2022-03-26 12:45:29,531] {processor.py:642} INFO - Processing file /home/airflow/.local/lib/python3.7/site-packages/airflow/example_dags/example_nested_branch_dag.py for tasks to queue
[2022-03-26 12:45:29,531] {logging_mixin.py:109} INFO - [2022-03-26 12:45:29,531] {dagbag.py:500} INFO - Filling up the DagBag from /home/airflow/.local/lib/python3.7/site-packages/airflow/example_dags/example_nested_branch_dag.py
[2022-03-26 12:45:29,547] {processor.py:654} INFO - DAG(s) dict_keys(['example_nested_branch_dag']) retrieved from /home/airflow/.local/lib/python3.7/site-packages/airflow/example_dags/example_nested_branch_dag.py
[2022-03-26 12:45:29,553] {logging_mixin.py:109} INFO - [2022-03-26 12:45:29,553] {dag.py:2398} INFO - Sync 1 DAGs
[2022-03-26 12:45:29,562] {logging_mixin.py:109} INFO - [2022-03-26 12:45:29,562] {dag.py:2937} INFO - Setting next_dagrun for example_nested_branch_dag to 2022-03-25 00:00:00+00:00
[2022-03-26 12:45:29,567] {processor.py:171} INFO - Processing /home/airflow/.local/lib/python3.7/site-packages/airflow/example_dags/example_nested_branch_dag.py took 0.038 seconds
