[2022-03-26 12:43:28,520] {processor.py:163} INFO - Started process (PID=81) to work on /home/airflow/.local/lib/python3.7/site-packages/airflow/example_dags/example_external_task_marker_dag.py
[2022-03-26 12:43:28,521] {processor.py:642} INFO - Processing file /home/airflow/.local/lib/python3.7/site-packages/airflow/example_dags/example_external_task_marker_dag.py for tasks to queue
[2022-03-26 12:43:28,521] {logging_mixin.py:109} INFO - [2022-03-26 12:43:28,521] {dagbag.py:500} INFO - Filling up the DagBag from /home/airflow/.local/lib/python3.7/site-packages/airflow/example_dags/example_external_task_marker_dag.py
[2022-03-26 12:43:28,604] {processor.py:654} INFO - DAG(s) dict_keys(['example_external_task_marker_parent', 'example_external_task_marker_child']) retrieved from /home/airflow/.local/lib/python3.7/site-packages/airflow/example_dags/example_external_task_marker_dag.py
[2022-03-26 12:43:28,627] {logging_mixin.py:109} INFO - [2022-03-26 12:43:28,627] {dag.py:2398} INFO - Sync 2 DAGs
[2022-03-26 12:43:28,648] {logging_mixin.py:109} INFO - [2022-03-26 12:43:28,648] {dag.py:2937} INFO - Setting next_dagrun for example_external_task_marker_child to None
[2022-03-26 12:43:28,648] {logging_mixin.py:109} INFO - [2022-03-26 12:43:28,648] {dag.py:2937} INFO - Setting next_dagrun for example_external_task_marker_parent to None
[2022-03-26 12:43:28,673] {processor.py:171} INFO - Processing /home/airflow/.local/lib/python3.7/site-packages/airflow/example_dags/example_external_task_marker_dag.py took 0.159 seconds
[2022-03-26 12:43:58,718] {processor.py:163} INFO - Started process (PID=143) to work on /home/airflow/.local/lib/python3.7/site-packages/airflow/example_dags/example_external_task_marker_dag.py
[2022-03-26 12:43:58,719] {processor.py:642} INFO - Processing file /home/airflow/.local/lib/python3.7/site-packages/airflow/example_dags/example_external_task_marker_dag.py for tasks to queue
[2022-03-26 12:43:58,719] {logging_mixin.py:109} INFO - [2022-03-26 12:43:58,719] {dagbag.py:500} INFO - Filling up the DagBag from /home/airflow/.local/lib/python3.7/site-packages/airflow/example_dags/example_external_task_marker_dag.py
[2022-03-26 12:43:58,744] {processor.py:654} INFO - DAG(s) dict_keys(['example_external_task_marker_parent', 'example_external_task_marker_child']) retrieved from /home/airflow/.local/lib/python3.7/site-packages/airflow/example_dags/example_external_task_marker_dag.py
[2022-03-26 12:43:58,758] {logging_mixin.py:109} INFO - [2022-03-26 12:43:58,757] {dag.py:2398} INFO - Sync 2 DAGs
[2022-03-26 12:43:58,775] {logging_mixin.py:109} INFO - [2022-03-26 12:43:58,775] {dag.py:2937} INFO - Setting next_dagrun for example_external_task_marker_child to None
[2022-03-26 12:43:58,776] {logging_mixin.py:109} INFO - [2022-03-26 12:43:58,776] {dag.py:2937} INFO - Setting next_dagrun for example_external_task_marker_parent to None
[2022-03-26 12:43:58,784] {processor.py:171} INFO - Processing /home/airflow/.local/lib/python3.7/site-packages/airflow/example_dags/example_external_task_marker_dag.py took 0.068 seconds
[2022-03-26 12:44:29,265] {processor.py:163} INFO - Started process (PID=215) to work on /home/airflow/.local/lib/python3.7/site-packages/airflow/example_dags/example_external_task_marker_dag.py
[2022-03-26 12:44:29,266] {processor.py:642} INFO - Processing file /home/airflow/.local/lib/python3.7/site-packages/airflow/example_dags/example_external_task_marker_dag.py for tasks to queue
[2022-03-26 12:44:29,266] {logging_mixin.py:109} INFO - [2022-03-26 12:44:29,266] {dagbag.py:500} INFO - Filling up the DagBag from /home/airflow/.local/lib/python3.7/site-packages/airflow/example_dags/example_external_task_marker_dag.py
[2022-03-26 12:44:29,282] {processor.py:654} INFO - DAG(s) dict_keys(['example_external_task_marker_parent', 'example_external_task_marker_child']) retrieved from /home/airflow/.local/lib/python3.7/site-packages/airflow/example_dags/example_external_task_marker_dag.py
[2022-03-26 12:44:29,290] {logging_mixin.py:109} INFO - [2022-03-26 12:44:29,290] {dag.py:2398} INFO - Sync 2 DAGs
[2022-03-26 12:44:29,299] {logging_mixin.py:109} INFO - [2022-03-26 12:44:29,299] {dag.py:2937} INFO - Setting next_dagrun for example_external_task_marker_child to None
[2022-03-26 12:44:29,299] {logging_mixin.py:109} INFO - [2022-03-26 12:44:29,299] {dag.py:2937} INFO - Setting next_dagrun for example_external_task_marker_parent to None
[2022-03-26 12:44:29,303] {processor.py:171} INFO - Processing /home/airflow/.local/lib/python3.7/site-packages/airflow/example_dags/example_external_task_marker_dag.py took 0.040 seconds
[2022-03-26 12:44:59,600] {processor.py:163} INFO - Started process (PID=296) to work on /home/airflow/.local/lib/python3.7/site-packages/airflow/example_dags/example_external_task_marker_dag.py
[2022-03-26 12:44:59,600] {processor.py:642} INFO - Processing file /home/airflow/.local/lib/python3.7/site-packages/airflow/example_dags/example_external_task_marker_dag.py for tasks to queue
[2022-03-26 12:44:59,601] {logging_mixin.py:109} INFO - [2022-03-26 12:44:59,601] {dagbag.py:500} INFO - Filling up the DagBag from /home/airflow/.local/lib/python3.7/site-packages/airflow/example_dags/example_external_task_marker_dag.py
[2022-03-26 12:44:59,615] {processor.py:654} INFO - DAG(s) dict_keys(['example_external_task_marker_parent', 'example_external_task_marker_child']) retrieved from /home/airflow/.local/lib/python3.7/site-packages/airflow/example_dags/example_external_task_marker_dag.py
[2022-03-26 12:44:59,622] {logging_mixin.py:109} INFO - [2022-03-26 12:44:59,622] {dag.py:2398} INFO - Sync 2 DAGs
[2022-03-26 12:44:59,630] {logging_mixin.py:109} INFO - [2022-03-26 12:44:59,630] {dag.py:2937} INFO - Setting next_dagrun for example_external_task_marker_child to None
[2022-03-26 12:44:59,630] {logging_mixin.py:109} INFO - [2022-03-26 12:44:59,630] {dag.py:2937} INFO - Setting next_dagrun for example_external_task_marker_parent to None
[2022-03-26 12:44:59,634] {processor.py:171} INFO - Processing /home/airflow/.local/lib/python3.7/site-packages/airflow/example_dags/example_external_task_marker_dag.py took 0.036 seconds
[2022-03-26 12:45:29,837] {processor.py:163} INFO - Started process (PID=370) to work on /home/airflow/.local/lib/python3.7/site-packages/airflow/example_dags/example_external_task_marker_dag.py
[2022-03-26 12:45:29,838] {processor.py:642} INFO - Processing file /home/airflow/.local/lib/python3.7/site-packages/airflow/example_dags/example_external_task_marker_dag.py for tasks to queue
[2022-03-26 12:45:29,838] {logging_mixin.py:109} INFO - [2022-03-26 12:45:29,838] {dagbag.py:500} INFO - Filling up the DagBag from /home/airflow/.local/lib/python3.7/site-packages/airflow/example_dags/example_external_task_marker_dag.py
[2022-03-26 12:45:29,853] {processor.py:654} INFO - DAG(s) dict_keys(['example_external_task_marker_parent', 'example_external_task_marker_child']) retrieved from /home/airflow/.local/lib/python3.7/site-packages/airflow/example_dags/example_external_task_marker_dag.py
[2022-03-26 12:45:29,860] {logging_mixin.py:109} INFO - [2022-03-26 12:45:29,860] {dag.py:2398} INFO - Sync 2 DAGs
[2022-03-26 12:45:29,870] {logging_mixin.py:109} INFO - [2022-03-26 12:45:29,870] {dag.py:2937} INFO - Setting next_dagrun for example_external_task_marker_child to None
[2022-03-26 12:45:29,870] {logging_mixin.py:109} INFO - [2022-03-26 12:45:29,870] {dag.py:2937} INFO - Setting next_dagrun for example_external_task_marker_parent to None
[2022-03-26 12:45:29,875] {processor.py:171} INFO - Processing /home/airflow/.local/lib/python3.7/site-packages/airflow/example_dags/example_external_task_marker_dag.py took 0.040 seconds
