[2022-03-26 12:43:27,262] {processor.py:163} INFO - Started process (PID=54) to work on /home/airflow/.local/lib/python3.7/site-packages/airflow/example_dags/example_xcomargs.py
[2022-03-26 12:43:27,263] {processor.py:642} INFO - Processing file /home/airflow/.local/lib/python3.7/site-packages/airflow/example_dags/example_xcomargs.py for tasks to queue
[2022-03-26 12:43:27,263] {logging_mixin.py:109} INFO - [2022-03-26 12:43:27,263] {dagbag.py:500} INFO - Filling up the DagBag from /home/airflow/.local/lib/python3.7/site-packages/airflow/example_dags/example_xcomargs.py
[2022-03-26 12:43:27,291] {processor.py:654} INFO - DAG(s) dict_keys(['example_xcom_args', 'example_xcom_args_with_operators']) retrieved from /home/airflow/.local/lib/python3.7/site-packages/airflow/example_dags/example_xcomargs.py
[2022-03-26 12:43:27,507] {logging_mixin.py:109} INFO - [2022-03-26 12:43:27,507] {dag.py:2398} INFO - Sync 2 DAGs
[2022-03-26 12:43:27,521] {logging_mixin.py:109} INFO - [2022-03-26 12:43:27,521] {dag.py:2937} INFO - Setting next_dagrun for example_xcom_args to None
[2022-03-26 12:43:27,522] {logging_mixin.py:109} INFO - [2022-03-26 12:43:27,522] {dag.py:2937} INFO - Setting next_dagrun for example_xcom_args_with_operators to None
[2022-03-26 12:43:27,530] {processor.py:171} INFO - Processing /home/airflow/.local/lib/python3.7/site-packages/airflow/example_dags/example_xcomargs.py took 0.270 seconds
[2022-03-26 12:43:58,103] {processor.py:163} INFO - Started process (PID=136) to work on /home/airflow/.local/lib/python3.7/site-packages/airflow/example_dags/example_xcomargs.py
[2022-03-26 12:43:58,104] {processor.py:642} INFO - Processing file /home/airflow/.local/lib/python3.7/site-packages/airflow/example_dags/example_xcomargs.py for tasks to queue
[2022-03-26 12:43:58,105] {logging_mixin.py:109} INFO - [2022-03-26 12:43:58,105] {dagbag.py:500} INFO - Filling up the DagBag from /home/airflow/.local/lib/python3.7/site-packages/airflow/example_dags/example_xcomargs.py
[2022-03-26 12:43:58,140] {processor.py:654} INFO - DAG(s) dict_keys(['example_xcom_args', 'example_xcom_args_with_operators']) retrieved from /home/airflow/.local/lib/python3.7/site-packages/airflow/example_dags/example_xcomargs.py
[2022-03-26 12:43:58,406] {logging_mixin.py:109} INFO - [2022-03-26 12:43:58,406] {dag.py:2398} INFO - Sync 2 DAGs
[2022-03-26 12:43:58,428] {logging_mixin.py:109} INFO - [2022-03-26 12:43:58,428] {dag.py:2937} INFO - Setting next_dagrun for example_xcom_args to None
[2022-03-26 12:43:58,429] {logging_mixin.py:109} INFO - [2022-03-26 12:43:58,429] {dag.py:2937} INFO - Setting next_dagrun for example_xcom_args_with_operators to None
[2022-03-26 12:43:58,443] {processor.py:171} INFO - Processing /home/airflow/.local/lib/python3.7/site-packages/airflow/example_dags/example_xcomargs.py took 0.362 seconds
[2022-03-26 12:44:29,006] {processor.py:163} INFO - Started process (PID=208) to work on /home/airflow/.local/lib/python3.7/site-packages/airflow/example_dags/example_xcomargs.py
[2022-03-26 12:44:29,006] {processor.py:642} INFO - Processing file /home/airflow/.local/lib/python3.7/site-packages/airflow/example_dags/example_xcomargs.py for tasks to queue
[2022-03-26 12:44:29,006] {logging_mixin.py:109} INFO - [2022-03-26 12:44:29,006] {dagbag.py:500} INFO - Filling up the DagBag from /home/airflow/.local/lib/python3.7/site-packages/airflow/example_dags/example_xcomargs.py
[2022-03-26 12:44:29,024] {processor.py:654} INFO - DAG(s) dict_keys(['example_xcom_args', 'example_xcom_args_with_operators']) retrieved from /home/airflow/.local/lib/python3.7/site-packages/airflow/example_dags/example_xcomargs.py
[2022-03-26 12:44:29,133] {logging_mixin.py:109} INFO - [2022-03-26 12:44:29,133] {dag.py:2398} INFO - Sync 2 DAGs
[2022-03-26 12:44:29,142] {logging_mixin.py:109} INFO - [2022-03-26 12:44:29,142] {dag.py:2937} INFO - Setting next_dagrun for example_xcom_args to None
[2022-03-26 12:44:29,143] {logging_mixin.py:109} INFO - [2022-03-26 12:44:29,143] {dag.py:2937} INFO - Setting next_dagrun for example_xcom_args_with_operators to None
[2022-03-26 12:44:29,147] {processor.py:171} INFO - Processing /home/airflow/.local/lib/python3.7/site-packages/airflow/example_dags/example_xcomargs.py took 0.143 seconds
[2022-03-26 12:44:59,406] {processor.py:163} INFO - Started process (PID=292) to work on /home/airflow/.local/lib/python3.7/site-packages/airflow/example_dags/example_xcomargs.py
[2022-03-26 12:44:59,406] {processor.py:642} INFO - Processing file /home/airflow/.local/lib/python3.7/site-packages/airflow/example_dags/example_xcomargs.py for tasks to queue
[2022-03-26 12:44:59,406] {logging_mixin.py:109} INFO - [2022-03-26 12:44:59,406] {dagbag.py:500} INFO - Filling up the DagBag from /home/airflow/.local/lib/python3.7/site-packages/airflow/example_dags/example_xcomargs.py
[2022-03-26 12:44:59,427] {processor.py:654} INFO - DAG(s) dict_keys(['example_xcom_args', 'example_xcom_args_with_operators']) retrieved from /home/airflow/.local/lib/python3.7/site-packages/airflow/example_dags/example_xcomargs.py
[2022-03-26 12:44:59,533] {logging_mixin.py:109} INFO - [2022-03-26 12:44:59,533] {dag.py:2398} INFO - Sync 2 DAGs
[2022-03-26 12:44:59,541] {logging_mixin.py:109} INFO - [2022-03-26 12:44:59,541] {dag.py:2937} INFO - Setting next_dagrun for example_xcom_args to None
[2022-03-26 12:44:59,541] {logging_mixin.py:109} INFO - [2022-03-26 12:44:59,541] {dag.py:2937} INFO - Setting next_dagrun for example_xcom_args_with_operators to None
[2022-03-26 12:44:59,547] {processor.py:171} INFO - Processing /home/airflow/.local/lib/python3.7/site-packages/airflow/example_dags/example_xcomargs.py took 0.143 seconds
[2022-03-26 12:45:29,618] {processor.py:163} INFO - Started process (PID=365) to work on /home/airflow/.local/lib/python3.7/site-packages/airflow/example_dags/example_xcomargs.py
[2022-03-26 12:45:29,619] {processor.py:642} INFO - Processing file /home/airflow/.local/lib/python3.7/site-packages/airflow/example_dags/example_xcomargs.py for tasks to queue
[2022-03-26 12:45:29,619] {logging_mixin.py:109} INFO - [2022-03-26 12:45:29,619] {dagbag.py:500} INFO - Filling up the DagBag from /home/airflow/.local/lib/python3.7/site-packages/airflow/example_dags/example_xcomargs.py
[2022-03-26 12:45:29,642] {processor.py:654} INFO - DAG(s) dict_keys(['example_xcom_args', 'example_xcom_args_with_operators']) retrieved from /home/airflow/.local/lib/python3.7/site-packages/airflow/example_dags/example_xcomargs.py
[2022-03-26 12:45:29,751] {logging_mixin.py:109} INFO - [2022-03-26 12:45:29,751] {dag.py:2398} INFO - Sync 2 DAGs
[2022-03-26 12:45:29,759] {logging_mixin.py:109} INFO - [2022-03-26 12:45:29,759] {dag.py:2937} INFO - Setting next_dagrun for example_xcom_args to None
[2022-03-26 12:45:29,759] {logging_mixin.py:109} INFO - [2022-03-26 12:45:29,759] {dag.py:2937} INFO - Setting next_dagrun for example_xcom_args_with_operators to None
[2022-03-26 12:45:29,764] {processor.py:171} INFO - Processing /home/airflow/.local/lib/python3.7/site-packages/airflow/example_dags/example_xcomargs.py took 0.148 seconds
