[2022-03-26 12:43:26,408] {processor.py:163} INFO - Started process (PID=44) to work on /home/airflow/.local/lib/python3.7/site-packages/airflow/example_dags/example_subdag_operator.py
[2022-03-26 12:43:26,408] {processor.py:642} INFO - Processing file /home/airflow/.local/lib/python3.7/site-packages/airflow/example_dags/example_subdag_operator.py for tasks to queue
[2022-03-26 12:43:26,409] {logging_mixin.py:109} INFO - [2022-03-26 12:43:26,409] {dagbag.py:500} INFO - Filling up the DagBag from /home/airflow/.local/lib/python3.7/site-packages/airflow/example_dags/example_subdag_operator.py
[2022-03-26 12:43:26,440] {processor.py:654} INFO - DAG(s) dict_keys(['example_subdag_operator.section-1', 'example_subdag_operator.section-2', 'example_subdag_operator']) retrieved from /home/airflow/.local/lib/python3.7/site-packages/airflow/example_dags/example_subdag_operator.py
[2022-03-26 12:43:26,605] {logging_mixin.py:109} INFO - [2022-03-26 12:43:26,605] {dag.py:2398} INFO - Sync 3 DAGs
[2022-03-26 12:43:26,616] {logging_mixin.py:109} INFO - [2022-03-26 12:43:26,616] {dag.py:2937} INFO - Setting next_dagrun for example_subdag_operator to 2022-03-24T00:00:00+00:00
[2022-03-26 12:43:26,617] {logging_mixin.py:109} INFO - [2022-03-26 12:43:26,617] {dag.py:2937} INFO - Setting next_dagrun for example_subdag_operator.section-1 to None
[2022-03-26 12:43:26,617] {logging_mixin.py:109} INFO - [2022-03-26 12:43:26,617] {dag.py:2937} INFO - Setting next_dagrun for example_subdag_operator.section-2 to None
[2022-03-26 12:43:26,625] {logging_mixin.py:109} INFO - [2022-03-26 12:43:26,625] {dag.py:2398} INFO - Sync 2 DAGs
[2022-03-26 12:43:26,631] {logging_mixin.py:109} INFO - [2022-03-26 12:43:26,631] {dag.py:2937} INFO - Setting next_dagrun for example_subdag_operator.section-1 to None
[2022-03-26 12:43:26,632] {logging_mixin.py:109} INFO - [2022-03-26 12:43:26,631] {dag.py:2937} INFO - Setting next_dagrun for example_subdag_operator.section-2 to None
[2022-03-26 12:43:26,636] {processor.py:171} INFO - Processing /home/airflow/.local/lib/python3.7/site-packages/airflow/example_dags/example_subdag_operator.py took 0.231 seconds
[2022-03-26 12:43:57,316] {processor.py:163} INFO - Started process (PID=126) to work on /home/airflow/.local/lib/python3.7/site-packages/airflow/example_dags/example_subdag_operator.py
[2022-03-26 12:43:57,338] {processor.py:642} INFO - Processing file /home/airflow/.local/lib/python3.7/site-packages/airflow/example_dags/example_subdag_operator.py for tasks to queue
[2022-03-26 12:43:57,339] {logging_mixin.py:109} INFO - [2022-03-26 12:43:57,339] {dagbag.py:500} INFO - Filling up the DagBag from /home/airflow/.local/lib/python3.7/site-packages/airflow/example_dags/example_subdag_operator.py
[2022-03-26 12:43:57,425] {processor.py:654} INFO - DAG(s) dict_keys(['example_subdag_operator.section-1', 'example_subdag_operator.section-2', 'example_subdag_operator']) retrieved from /home/airflow/.local/lib/python3.7/site-packages/airflow/example_dags/example_subdag_operator.py
[2022-03-26 12:43:57,434] {logging_mixin.py:109} INFO - [2022-03-26 12:43:57,434] {dag.py:2398} INFO - Sync 3 DAGs
[2022-03-26 12:43:57,455] {logging_mixin.py:109} INFO - [2022-03-26 12:43:57,455] {dag.py:2937} INFO - Setting next_dagrun for example_subdag_operator to 2022-03-24T00:00:00+00:00
[2022-03-26 12:43:57,455] {logging_mixin.py:109} INFO - [2022-03-26 12:43:57,455] {dag.py:2937} INFO - Setting next_dagrun for example_subdag_operator.section-1 to None
[2022-03-26 12:43:57,455] {logging_mixin.py:109} INFO - [2022-03-26 12:43:57,455] {dag.py:2937} INFO - Setting next_dagrun for example_subdag_operator.section-2 to None
[2022-03-26 12:43:57,470] {logging_mixin.py:109} INFO - [2022-03-26 12:43:57,470] {dag.py:2398} INFO - Sync 2 DAGs
[2022-03-26 12:43:57,476] {logging_mixin.py:109} INFO - [2022-03-26 12:43:57,475] {dag.py:2937} INFO - Setting next_dagrun for example_subdag_operator.section-1 to None
[2022-03-26 12:43:57,476] {logging_mixin.py:109} INFO - [2022-03-26 12:43:57,476] {dag.py:2937} INFO - Setting next_dagrun for example_subdag_operator.section-2 to None
[2022-03-26 12:43:57,480] {processor.py:171} INFO - Processing /home/airflow/.local/lib/python3.7/site-packages/airflow/example_dags/example_subdag_operator.py took 0.176 seconds
[2022-03-26 12:44:27,559] {processor.py:163} INFO - Started process (PID=197) to work on /home/airflow/.local/lib/python3.7/site-packages/airflow/example_dags/example_subdag_operator.py
[2022-03-26 12:44:27,559] {processor.py:642} INFO - Processing file /home/airflow/.local/lib/python3.7/site-packages/airflow/example_dags/example_subdag_operator.py for tasks to queue
[2022-03-26 12:44:27,559] {logging_mixin.py:109} INFO - [2022-03-26 12:44:27,559] {dagbag.py:500} INFO - Filling up the DagBag from /home/airflow/.local/lib/python3.7/site-packages/airflow/example_dags/example_subdag_operator.py
[2022-03-26 12:44:27,578] {processor.py:654} INFO - DAG(s) dict_keys(['example_subdag_operator.section-1', 'example_subdag_operator.section-2', 'example_subdag_operator']) retrieved from /home/airflow/.local/lib/python3.7/site-packages/airflow/example_dags/example_subdag_operator.py
[2022-03-26 12:44:27,584] {logging_mixin.py:109} INFO - [2022-03-26 12:44:27,583] {dag.py:2398} INFO - Sync 3 DAGs
[2022-03-26 12:44:27,592] {logging_mixin.py:109} INFO - [2022-03-26 12:44:27,592] {dag.py:2937} INFO - Setting next_dagrun for example_subdag_operator to 2022-03-24T00:00:00+00:00
[2022-03-26 12:44:27,592] {logging_mixin.py:109} INFO - [2022-03-26 12:44:27,592] {dag.py:2937} INFO - Setting next_dagrun for example_subdag_operator.section-1 to None
[2022-03-26 12:44:27,592] {logging_mixin.py:109} INFO - [2022-03-26 12:44:27,592] {dag.py:2937} INFO - Setting next_dagrun for example_subdag_operator.section-2 to None
[2022-03-26 12:44:27,596] {logging_mixin.py:109} INFO - [2022-03-26 12:44:27,596] {dag.py:2398} INFO - Sync 2 DAGs
[2022-03-26 12:44:27,600] {logging_mixin.py:109} INFO - [2022-03-26 12:44:27,600] {dag.py:2937} INFO - Setting next_dagrun for example_subdag_operator.section-1 to None
[2022-03-26 12:44:27,600] {logging_mixin.py:109} INFO - [2022-03-26 12:44:27,600] {dag.py:2937} INFO - Setting next_dagrun for example_subdag_operator.section-2 to None
[2022-03-26 12:44:27,604] {processor.py:171} INFO - Processing /home/airflow/.local/lib/python3.7/site-packages/airflow/example_dags/example_subdag_operator.py took 0.047 seconds
[2022-03-26 12:44:57,901] {processor.py:163} INFO - Started process (PID=278) to work on /home/airflow/.local/lib/python3.7/site-packages/airflow/example_dags/example_subdag_operator.py
[2022-03-26 12:44:57,901] {processor.py:642} INFO - Processing file /home/airflow/.local/lib/python3.7/site-packages/airflow/example_dags/example_subdag_operator.py for tasks to queue
[2022-03-26 12:44:57,901] {logging_mixin.py:109} INFO - [2022-03-26 12:44:57,901] {dagbag.py:500} INFO - Filling up the DagBag from /home/airflow/.local/lib/python3.7/site-packages/airflow/example_dags/example_subdag_operator.py
[2022-03-26 12:44:57,921] {processor.py:654} INFO - DAG(s) dict_keys(['example_subdag_operator.section-1', 'example_subdag_operator.section-2', 'example_subdag_operator']) retrieved from /home/airflow/.local/lib/python3.7/site-packages/airflow/example_dags/example_subdag_operator.py
[2022-03-26 12:44:57,929] {logging_mixin.py:109} INFO - [2022-03-26 12:44:57,929] {dag.py:2398} INFO - Sync 3 DAGs
[2022-03-26 12:44:57,938] {logging_mixin.py:109} INFO - [2022-03-26 12:44:57,938] {dag.py:2937} INFO - Setting next_dagrun for example_subdag_operator to 2022-03-24T00:00:00+00:00
[2022-03-26 12:44:57,938] {logging_mixin.py:109} INFO - [2022-03-26 12:44:57,938] {dag.py:2937} INFO - Setting next_dagrun for example_subdag_operator.section-1 to None
[2022-03-26 12:44:57,938] {logging_mixin.py:109} INFO - [2022-03-26 12:44:57,938] {dag.py:2937} INFO - Setting next_dagrun for example_subdag_operator.section-2 to None
[2022-03-26 12:44:57,941] {logging_mixin.py:109} INFO - [2022-03-26 12:44:57,941] {dag.py:2398} INFO - Sync 2 DAGs
[2022-03-26 12:44:57,946] {logging_mixin.py:109} INFO - [2022-03-26 12:44:57,946] {dag.py:2937} INFO - Setting next_dagrun for example_subdag_operator.section-1 to None
[2022-03-26 12:44:57,946] {logging_mixin.py:109} INFO - [2022-03-26 12:44:57,946] {dag.py:2937} INFO - Setting next_dagrun for example_subdag_operator.section-2 to None
[2022-03-26 12:44:57,950] {processor.py:171} INFO - Processing /home/airflow/.local/lib/python3.7/site-packages/airflow/example_dags/example_subdag_operator.py took 0.051 seconds
[2022-03-26 12:45:28,151] {processor.py:163} INFO - Started process (PID=352) to work on /home/airflow/.local/lib/python3.7/site-packages/airflow/example_dags/example_subdag_operator.py
[2022-03-26 12:45:28,151] {processor.py:642} INFO - Processing file /home/airflow/.local/lib/python3.7/site-packages/airflow/example_dags/example_subdag_operator.py for tasks to queue
[2022-03-26 12:45:28,152] {logging_mixin.py:109} INFO - [2022-03-26 12:45:28,151] {dagbag.py:500} INFO - Filling up the DagBag from /home/airflow/.local/lib/python3.7/site-packages/airflow/example_dags/example_subdag_operator.py
[2022-03-26 12:45:28,170] {processor.py:654} INFO - DAG(s) dict_keys(['example_subdag_operator.section-1', 'example_subdag_operator.section-2', 'example_subdag_operator']) retrieved from /home/airflow/.local/lib/python3.7/site-packages/airflow/example_dags/example_subdag_operator.py
[2022-03-26 12:45:28,177] {logging_mixin.py:109} INFO - [2022-03-26 12:45:28,177] {dag.py:2398} INFO - Sync 3 DAGs
[2022-03-26 12:45:28,185] {logging_mixin.py:109} INFO - [2022-03-26 12:45:28,185] {dag.py:2937} INFO - Setting next_dagrun for example_subdag_operator to 2022-03-24T00:00:00+00:00
[2022-03-26 12:45:28,185] {logging_mixin.py:109} INFO - [2022-03-26 12:45:28,185] {dag.py:2937} INFO - Setting next_dagrun for example_subdag_operator.section-1 to None
[2022-03-26 12:45:28,185] {logging_mixin.py:109} INFO - [2022-03-26 12:45:28,185] {dag.py:2937} INFO - Setting next_dagrun for example_subdag_operator.section-2 to None
[2022-03-26 12:45:28,188] {logging_mixin.py:109} INFO - [2022-03-26 12:45:28,188] {dag.py:2398} INFO - Sync 2 DAGs
[2022-03-26 12:45:28,193] {logging_mixin.py:109} INFO - [2022-03-26 12:45:28,193] {dag.py:2937} INFO - Setting next_dagrun for example_subdag_operator.section-1 to None
[2022-03-26 12:45:28,193] {logging_mixin.py:109} INFO - [2022-03-26 12:45:28,193] {dag.py:2937} INFO - Setting next_dagrun for example_subdag_operator.section-2 to None
[2022-03-26 12:45:28,196] {processor.py:171} INFO - Processing /home/airflow/.local/lib/python3.7/site-packages/airflow/example_dags/example_subdag_operator.py took 0.047 seconds
