[2022-03-26 12:43:27,611] {processor.py:163} INFO - Started process (PID=63) to work on /home/airflow/.local/lib/python3.7/site-packages/airflow/example_dags/example_short_circuit_operator.py
[2022-03-26 12:43:27,612] {processor.py:642} INFO - Processing file /home/airflow/.local/lib/python3.7/site-packages/airflow/example_dags/example_short_circuit_operator.py for tasks to queue
[2022-03-26 12:43:27,612] {logging_mixin.py:109} INFO - [2022-03-26 12:43:27,612] {dagbag.py:500} INFO - Filling up the DagBag from /home/airflow/.local/lib/python3.7/site-packages/airflow/example_dags/example_short_circuit_operator.py
[2022-03-26 12:43:27,636] {processor.py:654} INFO - DAG(s) dict_keys(['example_short_circuit_operator']) retrieved from /home/airflow/.local/lib/python3.7/site-packages/airflow/example_dags/example_short_circuit_operator.py
[2022-03-26 12:43:27,650] {logging_mixin.py:109} INFO - [2022-03-26 12:43:27,650] {dag.py:2398} INFO - Sync 1 DAGs
[2022-03-26 12:43:27,695] {logging_mixin.py:109} INFO - [2022-03-26 12:43:27,694] {dag.py:2937} INFO - Setting next_dagrun for example_short_circuit_operator to 2022-03-25T12:43:27.694529+00:00
[2022-03-26 12:43:27,706] {processor.py:171} INFO - Processing /home/airflow/.local/lib/python3.7/site-packages/airflow/example_dags/example_short_circuit_operator.py took 0.097 seconds
[2022-03-26 12:43:58,246] {processor.py:163} INFO - Started process (PID=138) to work on /home/airflow/.local/lib/python3.7/site-packages/airflow/example_dags/example_short_circuit_operator.py
[2022-03-26 12:43:58,248] {processor.py:642} INFO - Processing file /home/airflow/.local/lib/python3.7/site-packages/airflow/example_dags/example_short_circuit_operator.py for tasks to queue
[2022-03-26 12:43:58,249] {logging_mixin.py:109} INFO - [2022-03-26 12:43:58,249] {dagbag.py:500} INFO - Filling up the DagBag from /home/airflow/.local/lib/python3.7/site-packages/airflow/example_dags/example_short_circuit_operator.py
[2022-03-26 12:43:58,273] {processor.py:654} INFO - DAG(s) dict_keys(['example_short_circuit_operator']) retrieved from /home/airflow/.local/lib/python3.7/site-packages/airflow/example_dags/example_short_circuit_operator.py
[2022-03-26 12:43:58,289] {logging_mixin.py:109} INFO - [2022-03-26 12:43:58,289] {dag.py:2398} INFO - Sync 1 DAGs
[2022-03-26 12:43:58,304] {logging_mixin.py:109} INFO - [2022-03-26 12:43:58,304] {dag.py:2937} INFO - Setting next_dagrun for example_short_circuit_operator to 2022-03-25T12:43:58.304176+00:00
[2022-03-26 12:43:58,316] {processor.py:171} INFO - Processing /home/airflow/.local/lib/python3.7/site-packages/airflow/example_dags/example_short_circuit_operator.py took 0.072 seconds
[2022-03-26 12:44:29,053] {processor.py:163} INFO - Started process (PID=210) to work on /home/airflow/.local/lib/python3.7/site-packages/airflow/example_dags/example_short_circuit_operator.py
[2022-03-26 12:44:29,053] {processor.py:642} INFO - Processing file /home/airflow/.local/lib/python3.7/site-packages/airflow/example_dags/example_short_circuit_operator.py for tasks to queue
[2022-03-26 12:44:29,054] {logging_mixin.py:109} INFO - [2022-03-26 12:44:29,054] {dagbag.py:500} INFO - Filling up the DagBag from /home/airflow/.local/lib/python3.7/site-packages/airflow/example_dags/example_short_circuit_operator.py
[2022-03-26 12:44:29,069] {processor.py:654} INFO - DAG(s) dict_keys(['example_short_circuit_operator']) retrieved from /home/airflow/.local/lib/python3.7/site-packages/airflow/example_dags/example_short_circuit_operator.py
[2022-03-26 12:44:29,074] {logging_mixin.py:109} INFO - [2022-03-26 12:44:29,074] {dag.py:2398} INFO - Sync 1 DAGs
[2022-03-26 12:44:29,083] {logging_mixin.py:109} INFO - [2022-03-26 12:44:29,083] {dag.py:2937} INFO - Setting next_dagrun for example_short_circuit_operator to 2022-03-25T12:44:29.083048+00:00
[2022-03-26 12:44:29,087] {processor.py:171} INFO - Processing /home/airflow/.local/lib/python3.7/site-packages/airflow/example_dags/example_short_circuit_operator.py took 0.036 seconds
[2022-03-26 12:44:59,314] {processor.py:163} INFO - Started process (PID=290) to work on /home/airflow/.local/lib/python3.7/site-packages/airflow/example_dags/example_short_circuit_operator.py
[2022-03-26 12:44:59,314] {processor.py:642} INFO - Processing file /home/airflow/.local/lib/python3.7/site-packages/airflow/example_dags/example_short_circuit_operator.py for tasks to queue
[2022-03-26 12:44:59,315] {logging_mixin.py:109} INFO - [2022-03-26 12:44:59,315] {dagbag.py:500} INFO - Filling up the DagBag from /home/airflow/.local/lib/python3.7/site-packages/airflow/example_dags/example_short_circuit_operator.py
[2022-03-26 12:44:59,332] {processor.py:654} INFO - DAG(s) dict_keys(['example_short_circuit_operator']) retrieved from /home/airflow/.local/lib/python3.7/site-packages/airflow/example_dags/example_short_circuit_operator.py
[2022-03-26 12:44:59,338] {logging_mixin.py:109} INFO - [2022-03-26 12:44:59,338] {dag.py:2398} INFO - Sync 1 DAGs
[2022-03-26 12:44:59,348] {logging_mixin.py:109} INFO - [2022-03-26 12:44:59,348] {dag.py:2937} INFO - Setting next_dagrun for example_short_circuit_operator to 2022-03-25T12:44:59.348666+00:00
[2022-03-26 12:44:59,353] {processor.py:171} INFO - Processing /home/airflow/.local/lib/python3.7/site-packages/airflow/example_dags/example_short_circuit_operator.py took 0.041 seconds
[2022-03-26 12:45:29,576] {processor.py:163} INFO - Started process (PID=364) to work on /home/airflow/.local/lib/python3.7/site-packages/airflow/example_dags/example_short_circuit_operator.py
[2022-03-26 12:45:29,576] {processor.py:642} INFO - Processing file /home/airflow/.local/lib/python3.7/site-packages/airflow/example_dags/example_short_circuit_operator.py for tasks to queue
[2022-03-26 12:45:29,577] {logging_mixin.py:109} INFO - [2022-03-26 12:45:29,577] {dagbag.py:500} INFO - Filling up the DagBag from /home/airflow/.local/lib/python3.7/site-packages/airflow/example_dags/example_short_circuit_operator.py
[2022-03-26 12:45:29,591] {processor.py:654} INFO - DAG(s) dict_keys(['example_short_circuit_operator']) retrieved from /home/airflow/.local/lib/python3.7/site-packages/airflow/example_dags/example_short_circuit_operator.py
[2022-03-26 12:45:29,597] {logging_mixin.py:109} INFO - [2022-03-26 12:45:29,597] {dag.py:2398} INFO - Sync 1 DAGs
[2022-03-26 12:45:29,605] {logging_mixin.py:109} INFO - [2022-03-26 12:45:29,605] {dag.py:2937} INFO - Setting next_dagrun for example_short_circuit_operator to 2022-03-25T12:45:29.605733+00:00
[2022-03-26 12:45:29,610] {processor.py:171} INFO - Processing /home/airflow/.local/lib/python3.7/site-packages/airflow/example_dags/example_short_circuit_operator.py took 0.036 seconds
