[2022-03-26 12:43:26,844] {processor.py:163} INFO - Started process (PID=48) to work on /home/airflow/.local/lib/python3.7/site-packages/airflow/example_dags/example_task_group.py
[2022-03-26 12:43:26,845] {processor.py:642} INFO - Processing file /home/airflow/.local/lib/python3.7/site-packages/airflow/example_dags/example_task_group.py for tasks to queue
[2022-03-26 12:43:26,845] {logging_mixin.py:109} INFO - [2022-03-26 12:43:26,845] {dagbag.py:500} INFO - Filling up the DagBag from /home/airflow/.local/lib/python3.7/site-packages/airflow/example_dags/example_task_group.py
[2022-03-26 12:43:26,866] {processor.py:654} INFO - DAG(s) dict_keys(['example_task_group']) retrieved from /home/airflow/.local/lib/python3.7/site-packages/airflow/example_dags/example_task_group.py
[2022-03-26 12:43:26,875] {logging_mixin.py:109} INFO - [2022-03-26 12:43:26,875] {dag.py:2398} INFO - Sync 1 DAGs
[2022-03-26 12:43:26,888] {logging_mixin.py:109} INFO - [2022-03-26 12:43:26,888] {dag.py:2937} INFO - Setting next_dagrun for example_task_group to 2022-03-25T12:43:26.888603+00:00
[2022-03-26 12:43:26,898] {processor.py:171} INFO - Processing /home/airflow/.local/lib/python3.7/site-packages/airflow/example_dags/example_task_group.py took 0.056 seconds
[2022-03-26 12:43:57,689] {processor.py:163} INFO - Started process (PID=130) to work on /home/airflow/.local/lib/python3.7/site-packages/airflow/example_dags/example_task_group.py
[2022-03-26 12:43:57,690] {processor.py:642} INFO - Processing file /home/airflow/.local/lib/python3.7/site-packages/airflow/example_dags/example_task_group.py for tasks to queue
[2022-03-26 12:43:57,690] {logging_mixin.py:109} INFO - [2022-03-26 12:43:57,690] {dagbag.py:500} INFO - Filling up the DagBag from /home/airflow/.local/lib/python3.7/site-packages/airflow/example_dags/example_task_group.py
[2022-03-26 12:43:57,718] {processor.py:654} INFO - DAG(s) dict_keys(['example_task_group']) retrieved from /home/airflow/.local/lib/python3.7/site-packages/airflow/example_dags/example_task_group.py
[2022-03-26 12:43:57,727] {logging_mixin.py:109} INFO - [2022-03-26 12:43:57,727] {dag.py:2398} INFO - Sync 1 DAGs
[2022-03-26 12:43:57,744] {logging_mixin.py:109} INFO - [2022-03-26 12:43:57,744] {dag.py:2937} INFO - Setting next_dagrun for example_task_group to 2022-03-25T12:43:57.743842+00:00
[2022-03-26 12:43:57,751] {processor.py:171} INFO - Processing /home/airflow/.local/lib/python3.7/site-packages/airflow/example_dags/example_task_group.py took 0.065 seconds
[2022-03-26 12:44:27,813] {processor.py:163} INFO - Started process (PID=201) to work on /home/airflow/.local/lib/python3.7/site-packages/airflow/example_dags/example_task_group.py
[2022-03-26 12:44:27,814] {processor.py:642} INFO - Processing file /home/airflow/.local/lib/python3.7/site-packages/airflow/example_dags/example_task_group.py for tasks to queue
[2022-03-26 12:44:27,814] {logging_mixin.py:109} INFO - [2022-03-26 12:44:27,814] {dagbag.py:500} INFO - Filling up the DagBag from /home/airflow/.local/lib/python3.7/site-packages/airflow/example_dags/example_task_group.py
[2022-03-26 12:44:27,830] {processor.py:654} INFO - DAG(s) dict_keys(['example_task_group']) retrieved from /home/airflow/.local/lib/python3.7/site-packages/airflow/example_dags/example_task_group.py
[2022-03-26 12:44:27,837] {logging_mixin.py:109} INFO - [2022-03-26 12:44:27,837] {dag.py:2398} INFO - Sync 1 DAGs
[2022-03-26 12:44:27,848] {logging_mixin.py:109} INFO - [2022-03-26 12:44:27,848] {dag.py:2937} INFO - Setting next_dagrun for example_task_group to 2022-03-25T12:44:27.848454+00:00
[2022-03-26 12:44:27,854] {processor.py:171} INFO - Processing /home/airflow/.local/lib/python3.7/site-packages/airflow/example_dags/example_task_group.py took 0.042 seconds
[2022-03-26 12:44:58,152] {processor.py:163} INFO - Started process (PID=283) to work on /home/airflow/.local/lib/python3.7/site-packages/airflow/example_dags/example_task_group.py
[2022-03-26 12:44:58,152] {processor.py:642} INFO - Processing file /home/airflow/.local/lib/python3.7/site-packages/airflow/example_dags/example_task_group.py for tasks to queue
[2022-03-26 12:44:58,152] {logging_mixin.py:109} INFO - [2022-03-26 12:44:58,152] {dagbag.py:500} INFO - Filling up the DagBag from /home/airflow/.local/lib/python3.7/site-packages/airflow/example_dags/example_task_group.py
[2022-03-26 12:44:58,168] {processor.py:654} INFO - DAG(s) dict_keys(['example_task_group']) retrieved from /home/airflow/.local/lib/python3.7/site-packages/airflow/example_dags/example_task_group.py
[2022-03-26 12:44:58,174] {logging_mixin.py:109} INFO - [2022-03-26 12:44:58,174] {dag.py:2398} INFO - Sync 1 DAGs
[2022-03-26 12:44:58,183] {logging_mixin.py:109} INFO - [2022-03-26 12:44:58,183] {dag.py:2937} INFO - Setting next_dagrun for example_task_group to 2022-03-25T12:44:58.183070+00:00
[2022-03-26 12:44:58,187] {processor.py:171} INFO - Processing /home/airflow/.local/lib/python3.7/site-packages/airflow/example_dags/example_task_group.py took 0.037 seconds
[2022-03-26 12:45:28,386] {processor.py:163} INFO - Started process (PID=357) to work on /home/airflow/.local/lib/python3.7/site-packages/airflow/example_dags/example_task_group.py
[2022-03-26 12:45:28,386] {processor.py:642} INFO - Processing file /home/airflow/.local/lib/python3.7/site-packages/airflow/example_dags/example_task_group.py for tasks to queue
[2022-03-26 12:45:28,387] {logging_mixin.py:109} INFO - [2022-03-26 12:45:28,387] {dagbag.py:500} INFO - Filling up the DagBag from /home/airflow/.local/lib/python3.7/site-packages/airflow/example_dags/example_task_group.py
[2022-03-26 12:45:28,402] {processor.py:654} INFO - DAG(s) dict_keys(['example_task_group']) retrieved from /home/airflow/.local/lib/python3.7/site-packages/airflow/example_dags/example_task_group.py
[2022-03-26 12:45:28,408] {logging_mixin.py:109} INFO - [2022-03-26 12:45:28,408] {dag.py:2398} INFO - Sync 1 DAGs
[2022-03-26 12:45:28,415] {logging_mixin.py:109} INFO - [2022-03-26 12:45:28,415] {dag.py:2937} INFO - Setting next_dagrun for example_task_group to 2022-03-25T12:45:28.415657+00:00
[2022-03-26 12:45:28,420] {processor.py:171} INFO - Processing /home/airflow/.local/lib/python3.7/site-packages/airflow/example_dags/example_task_group.py took 0.035 seconds
