[2022-03-26 12:43:25,994] {processor.py:163} INFO - Started process (PID=35) to work on /home/airflow/.local/lib/python3.7/site-packages/airflow/example_dags/example_task_group_decorator.py
[2022-03-26 12:43:25,994] {processor.py:642} INFO - Processing file /home/airflow/.local/lib/python3.7/site-packages/airflow/example_dags/example_task_group_decorator.py for tasks to queue
[2022-03-26 12:43:25,994] {logging_mixin.py:109} INFO - [2022-03-26 12:43:25,994] {dagbag.py:500} INFO - Filling up the DagBag from /home/airflow/.local/lib/python3.7/site-packages/airflow/example_dags/example_task_group_decorator.py
[2022-03-26 12:43:26,017] {processor.py:654} INFO - DAG(s) dict_keys(['example_task_group_decorator']) retrieved from /home/airflow/.local/lib/python3.7/site-packages/airflow/example_dags/example_task_group_decorator.py
[2022-03-26 12:43:26,131] {logging_mixin.py:109} INFO - [2022-03-26 12:43:26,131] {dag.py:2398} INFO - Sync 1 DAGs
[2022-03-26 12:43:26,140] {logging_mixin.py:109} INFO - [2022-03-26 12:43:26,140] {dag.py:2937} INFO - Setting next_dagrun for example_task_group_decorator to 2022-03-25T12:43:26.140425+00:00
[2022-03-26 12:43:26,146] {processor.py:171} INFO - Processing /home/airflow/.local/lib/python3.7/site-packages/airflow/example_dags/example_task_group_decorator.py took 0.155 seconds
[2022-03-26 12:43:56,924] {processor.py:163} INFO - Started process (PID=124) to work on /home/airflow/.local/lib/python3.7/site-packages/airflow/example_dags/example_task_group_decorator.py
[2022-03-26 12:43:56,926] {processor.py:642} INFO - Processing file /home/airflow/.local/lib/python3.7/site-packages/airflow/example_dags/example_task_group_decorator.py for tasks to queue
[2022-03-26 12:43:56,926] {logging_mixin.py:109} INFO - [2022-03-26 12:43:56,926] {dagbag.py:500} INFO - Filling up the DagBag from /home/airflow/.local/lib/python3.7/site-packages/airflow/example_dags/example_task_group_decorator.py
[2022-03-26 12:43:57,025] {processor.py:654} INFO - DAG(s) dict_keys(['example_task_group_decorator']) retrieved from /home/airflow/.local/lib/python3.7/site-packages/airflow/example_dags/example_task_group_decorator.py
[2022-03-26 12:43:57,218] {logging_mixin.py:109} INFO - [2022-03-26 12:43:57,218] {dag.py:2398} INFO - Sync 1 DAGs
[2022-03-26 12:43:57,243] {logging_mixin.py:109} INFO - [2022-03-26 12:43:57,242] {dag.py:2937} INFO - Setting next_dagrun for example_task_group_decorator to 2022-03-25T12:43:57.242717+00:00
[2022-03-26 12:43:57,266] {processor.py:171} INFO - Processing /home/airflow/.local/lib/python3.7/site-packages/airflow/example_dags/example_task_group_decorator.py took 0.346 seconds
[2022-03-26 12:44:27,416] {processor.py:163} INFO - Started process (PID=196) to work on /home/airflow/.local/lib/python3.7/site-packages/airflow/example_dags/example_task_group_decorator.py
[2022-03-26 12:44:27,417] {processor.py:642} INFO - Processing file /home/airflow/.local/lib/python3.7/site-packages/airflow/example_dags/example_task_group_decorator.py for tasks to queue
[2022-03-26 12:44:27,417] {logging_mixin.py:109} INFO - [2022-03-26 12:44:27,417] {dagbag.py:500} INFO - Filling up the DagBag from /home/airflow/.local/lib/python3.7/site-packages/airflow/example_dags/example_task_group_decorator.py
[2022-03-26 12:44:27,437] {processor.py:654} INFO - DAG(s) dict_keys(['example_task_group_decorator']) retrieved from /home/airflow/.local/lib/python3.7/site-packages/airflow/example_dags/example_task_group_decorator.py
[2022-03-26 12:44:27,536] {logging_mixin.py:109} INFO - [2022-03-26 12:44:27,536] {dag.py:2398} INFO - Sync 1 DAGs
[2022-03-26 12:44:27,543] {logging_mixin.py:109} INFO - [2022-03-26 12:44:27,543] {dag.py:2937} INFO - Setting next_dagrun for example_task_group_decorator to 2022-03-25T12:44:27.543154+00:00
[2022-03-26 12:44:27,549] {processor.py:171} INFO - Processing /home/airflow/.local/lib/python3.7/site-packages/airflow/example_dags/example_task_group_decorator.py took 0.134 seconds
[2022-03-26 12:44:57,750] {processor.py:163} INFO - Started process (PID=277) to work on /home/airflow/.local/lib/python3.7/site-packages/airflow/example_dags/example_task_group_decorator.py
[2022-03-26 12:44:57,751] {processor.py:642} INFO - Processing file /home/airflow/.local/lib/python3.7/site-packages/airflow/example_dags/example_task_group_decorator.py for tasks to queue
[2022-03-26 12:44:57,751] {logging_mixin.py:109} INFO - [2022-03-26 12:44:57,751] {dagbag.py:500} INFO - Filling up the DagBag from /home/airflow/.local/lib/python3.7/site-packages/airflow/example_dags/example_task_group_decorator.py
[2022-03-26 12:44:57,776] {processor.py:654} INFO - DAG(s) dict_keys(['example_task_group_decorator']) retrieved from /home/airflow/.local/lib/python3.7/site-packages/airflow/example_dags/example_task_group_decorator.py
[2022-03-26 12:44:57,885] {logging_mixin.py:109} INFO - [2022-03-26 12:44:57,885] {dag.py:2398} INFO - Sync 1 DAGs
[2022-03-26 12:44:57,893] {logging_mixin.py:109} INFO - [2022-03-26 12:44:57,893] {dag.py:2937} INFO - Setting next_dagrun for example_task_group_decorator to 2022-03-25T12:44:57.893140+00:00
[2022-03-26 12:44:57,900] {processor.py:171} INFO - Processing /home/airflow/.local/lib/python3.7/site-packages/airflow/example_dags/example_task_group_decorator.py took 0.151 seconds
[2022-03-26 12:45:28,006] {processor.py:163} INFO - Started process (PID=351) to work on /home/airflow/.local/lib/python3.7/site-packages/airflow/example_dags/example_task_group_decorator.py
[2022-03-26 12:45:28,007] {processor.py:642} INFO - Processing file /home/airflow/.local/lib/python3.7/site-packages/airflow/example_dags/example_task_group_decorator.py for tasks to queue
[2022-03-26 12:45:28,008] {logging_mixin.py:109} INFO - [2022-03-26 12:45:28,008] {dagbag.py:500} INFO - Filling up the DagBag from /home/airflow/.local/lib/python3.7/site-packages/airflow/example_dags/example_task_group_decorator.py
[2022-03-26 12:45:28,035] {processor.py:654} INFO - DAG(s) dict_keys(['example_task_group_decorator']) retrieved from /home/airflow/.local/lib/python3.7/site-packages/airflow/example_dags/example_task_group_decorator.py
[2022-03-26 12:45:28,135] {logging_mixin.py:109} INFO - [2022-03-26 12:45:28,135] {dag.py:2398} INFO - Sync 1 DAGs
[2022-03-26 12:45:28,143] {logging_mixin.py:109} INFO - [2022-03-26 12:45:28,143] {dag.py:2937} INFO - Setting next_dagrun for example_task_group_decorator to 2022-03-25T12:45:28.142882+00:00
[2022-03-26 12:45:28,149] {processor.py:171} INFO - Processing /home/airflow/.local/lib/python3.7/site-packages/airflow/example_dags/example_task_group_decorator.py took 0.144 seconds
