[2022-03-26 12:43:27,818] {processor.py:163} INFO - Started process (PID=65) to work on /home/airflow/.local/lib/python3.7/site-packages/airflow/example_dags/example_dag_decorator.py
[2022-03-26 12:43:27,819] {processor.py:642} INFO - Processing file /home/airflow/.local/lib/python3.7/site-packages/airflow/example_dags/example_dag_decorator.py for tasks to queue
[2022-03-26 12:43:27,819] {logging_mixin.py:109} INFO - [2022-03-26 12:43:27,819] {dagbag.py:500} INFO - Filling up the DagBag from /home/airflow/.local/lib/python3.7/site-packages/airflow/example_dags/example_dag_decorator.py
[2022-03-26 12:43:27,850] {processor.py:654} INFO - DAG(s) dict_keys(['example_dag_decorator']) retrieved from /home/airflow/.local/lib/python3.7/site-packages/airflow/example_dags/example_dag_decorator.py
[2022-03-26 12:43:28,092] {logging_mixin.py:109} INFO - [2022-03-26 12:43:28,092] {dag.py:2398} INFO - Sync 1 DAGs
[2022-03-26 12:43:28,108] {logging_mixin.py:109} INFO - [2022-03-26 12:43:28,107] {dag.py:2937} INFO - Setting next_dagrun for example_dag_decorator to None
[2022-03-26 12:43:28,126] {processor.py:171} INFO - Processing /home/airflow/.local/lib/python3.7/site-packages/airflow/example_dags/example_dag_decorator.py took 0.310 seconds
[2022-03-26 12:43:58,435] {processor.py:163} INFO - Started process (PID=140) to work on /home/airflow/.local/lib/python3.7/site-packages/airflow/example_dags/example_dag_decorator.py
[2022-03-26 12:43:58,436] {processor.py:642} INFO - Processing file /home/airflow/.local/lib/python3.7/site-packages/airflow/example_dags/example_dag_decorator.py for tasks to queue
[2022-03-26 12:43:58,436] {logging_mixin.py:109} INFO - [2022-03-26 12:43:58,436] {dagbag.py:500} INFO - Filling up the DagBag from /home/airflow/.local/lib/python3.7/site-packages/airflow/example_dags/example_dag_decorator.py
[2022-03-26 12:43:58,481] {processor.py:654} INFO - DAG(s) dict_keys(['example_dag_decorator']) retrieved from /home/airflow/.local/lib/python3.7/site-packages/airflow/example_dags/example_dag_decorator.py
[2022-03-26 12:43:58,654] {logging_mixin.py:109} INFO - [2022-03-26 12:43:58,654] {dag.py:2398} INFO - Sync 1 DAGs
[2022-03-26 12:43:58,669] {logging_mixin.py:109} INFO - [2022-03-26 12:43:58,669] {dag.py:2937} INFO - Setting next_dagrun for example_dag_decorator to None
[2022-03-26 12:43:58,698] {processor.py:171} INFO - Processing /home/airflow/.local/lib/python3.7/site-packages/airflow/example_dags/example_dag_decorator.py took 0.265 seconds
[2022-03-26 12:44:29,138] {processor.py:163} INFO - Started process (PID=212) to work on /home/airflow/.local/lib/python3.7/site-packages/airflow/example_dags/example_dag_decorator.py
[2022-03-26 12:44:29,139] {processor.py:642} INFO - Processing file /home/airflow/.local/lib/python3.7/site-packages/airflow/example_dags/example_dag_decorator.py for tasks to queue
[2022-03-26 12:44:29,139] {logging_mixin.py:109} INFO - [2022-03-26 12:44:29,139] {dagbag.py:500} INFO - Filling up the DagBag from /home/airflow/.local/lib/python3.7/site-packages/airflow/example_dags/example_dag_decorator.py
[2022-03-26 12:44:29,159] {processor.py:654} INFO - DAG(s) dict_keys(['example_dag_decorator']) retrieved from /home/airflow/.local/lib/python3.7/site-packages/airflow/example_dags/example_dag_decorator.py
[2022-03-26 12:44:29,285] {logging_mixin.py:109} INFO - [2022-03-26 12:44:29,285] {dag.py:2398} INFO - Sync 1 DAGs
[2022-03-26 12:44:29,294] {logging_mixin.py:109} INFO - [2022-03-26 12:44:29,294] {dag.py:2937} INFO - Setting next_dagrun for example_dag_decorator to None
[2022-03-26 12:44:29,300] {processor.py:171} INFO - Processing /home/airflow/.local/lib/python3.7/site-packages/airflow/example_dags/example_dag_decorator.py took 0.163 seconds
[2022-03-26 12:44:59,407] {processor.py:163} INFO - Started process (PID=293) to work on /home/airflow/.local/lib/python3.7/site-packages/airflow/example_dags/example_dag_decorator.py
[2022-03-26 12:44:59,408] {processor.py:642} INFO - Processing file /home/airflow/.local/lib/python3.7/site-packages/airflow/example_dags/example_dag_decorator.py for tasks to queue
[2022-03-26 12:44:59,408] {logging_mixin.py:109} INFO - [2022-03-26 12:44:59,408] {dagbag.py:500} INFO - Filling up the DagBag from /home/airflow/.local/lib/python3.7/site-packages/airflow/example_dags/example_dag_decorator.py
[2022-03-26 12:44:59,428] {processor.py:654} INFO - DAG(s) dict_keys(['example_dag_decorator']) retrieved from /home/airflow/.local/lib/python3.7/site-packages/airflow/example_dags/example_dag_decorator.py
[2022-03-26 12:44:59,530] {logging_mixin.py:109} INFO - [2022-03-26 12:44:59,530] {dag.py:2398} INFO - Sync 1 DAGs
[2022-03-26 12:44:59,538] {logging_mixin.py:109} INFO - [2022-03-26 12:44:59,538] {dag.py:2937} INFO - Setting next_dagrun for example_dag_decorator to None
[2022-03-26 12:44:59,544] {processor.py:171} INFO - Processing /home/airflow/.local/lib/python3.7/site-packages/airflow/example_dags/example_dag_decorator.py took 0.138 seconds
[2022-03-26 12:45:29,672] {processor.py:163} INFO - Started process (PID=367) to work on /home/airflow/.local/lib/python3.7/site-packages/airflow/example_dags/example_dag_decorator.py
[2022-03-26 12:45:29,673] {processor.py:642} INFO - Processing file /home/airflow/.local/lib/python3.7/site-packages/airflow/example_dags/example_dag_decorator.py for tasks to queue
[2022-03-26 12:45:29,673] {logging_mixin.py:109} INFO - [2022-03-26 12:45:29,673] {dagbag.py:500} INFO - Filling up the DagBag from /home/airflow/.local/lib/python3.7/site-packages/airflow/example_dags/example_dag_decorator.py
[2022-03-26 12:45:29,693] {processor.py:654} INFO - DAG(s) dict_keys(['example_dag_decorator']) retrieved from /home/airflow/.local/lib/python3.7/site-packages/airflow/example_dags/example_dag_decorator.py
[2022-03-26 12:45:29,813] {logging_mixin.py:109} INFO - [2022-03-26 12:45:29,813] {dag.py:2398} INFO - Sync 1 DAGs
[2022-03-26 12:45:29,821] {logging_mixin.py:109} INFO - [2022-03-26 12:45:29,821] {dag.py:2937} INFO - Setting next_dagrun for example_dag_decorator to None
[2022-03-26 12:45:29,827] {processor.py:171} INFO - Processing /home/airflow/.local/lib/python3.7/site-packages/airflow/example_dags/example_dag_decorator.py took 0.156 seconds
