[2022-03-26 12:43:29,019] {processor.py:163} INFO - Started process (PID=86) to work on /home/airflow/.local/lib/python3.7/site-packages/airflow/example_dags/example_branch_python_dop_operator_3.py
[2022-03-26 12:43:29,021] {processor.py:642} INFO - Processing file /home/airflow/.local/lib/python3.7/site-packages/airflow/example_dags/example_branch_python_dop_operator_3.py for tasks to queue
[2022-03-26 12:43:29,021] {logging_mixin.py:109} INFO - [2022-03-26 12:43:29,021] {dagbag.py:500} INFO - Filling up the DagBag from /home/airflow/.local/lib/python3.7/site-packages/airflow/example_dags/example_branch_python_dop_operator_3.py
[2022-03-26 12:43:29,056] {processor.py:654} INFO - DAG(s) dict_keys(['example_branch_dop_operator_v3']) retrieved from /home/airflow/.local/lib/python3.7/site-packages/airflow/example_dags/example_branch_python_dop_operator_3.py
[2022-03-26 12:43:29,080] {logging_mixin.py:109} INFO - [2022-03-26 12:43:29,080] {dag.py:2398} INFO - Sync 1 DAGs
[2022-03-26 12:43:29,111] {logging_mixin.py:109} INFO - [2022-03-26 12:43:29,111] {dag.py:2937} INFO - Setting next_dagrun for example_branch_dop_operator_v3 to 2022-03-26T12:42:00+00:00
[2022-03-26 12:43:29,121] {processor.py:171} INFO - Processing /home/airflow/.local/lib/python3.7/site-packages/airflow/example_dags/example_branch_python_dop_operator_3.py took 0.104 seconds
[2022-03-26 12:43:59,802] {processor.py:163} INFO - Started process (PID=146) to work on /home/airflow/.local/lib/python3.7/site-packages/airflow/example_dags/example_branch_python_dop_operator_3.py
[2022-03-26 12:43:59,803] {processor.py:642} INFO - Processing file /home/airflow/.local/lib/python3.7/site-packages/airflow/example_dags/example_branch_python_dop_operator_3.py for tasks to queue
[2022-03-26 12:43:59,803] {logging_mixin.py:109} INFO - [2022-03-26 12:43:59,803] {dagbag.py:500} INFO - Filling up the DagBag from /home/airflow/.local/lib/python3.7/site-packages/airflow/example_dags/example_branch_python_dop_operator_3.py
[2022-03-26 12:43:59,824] {processor.py:654} INFO - DAG(s) dict_keys(['example_branch_dop_operator_v3']) retrieved from /home/airflow/.local/lib/python3.7/site-packages/airflow/example_dags/example_branch_python_dop_operator_3.py
[2022-03-26 12:43:59,834] {logging_mixin.py:109} INFO - [2022-03-26 12:43:59,834] {dag.py:2398} INFO - Sync 1 DAGs
[2022-03-26 12:43:59,857] {logging_mixin.py:109} INFO - [2022-03-26 12:43:59,857] {dag.py:2937} INFO - Setting next_dagrun for example_branch_dop_operator_v3 to 2022-03-26T12:42:00+00:00
[2022-03-26 12:43:59,869] {processor.py:171} INFO - Processing /home/airflow/.local/lib/python3.7/site-packages/airflow/example_dags/example_branch_python_dop_operator_3.py took 0.069 seconds
[2022-03-26 12:44:30,365] {processor.py:163} INFO - Started process (PID=218) to work on /home/airflow/.local/lib/python3.7/site-packages/airflow/example_dags/example_branch_python_dop_operator_3.py
[2022-03-26 12:44:30,366] {processor.py:642} INFO - Processing file /home/airflow/.local/lib/python3.7/site-packages/airflow/example_dags/example_branch_python_dop_operator_3.py for tasks to queue
[2022-03-26 12:44:30,366] {logging_mixin.py:109} INFO - [2022-03-26 12:44:30,366] {dagbag.py:500} INFO - Filling up the DagBag from /home/airflow/.local/lib/python3.7/site-packages/airflow/example_dags/example_branch_python_dop_operator_3.py
[2022-03-26 12:44:30,385] {processor.py:654} INFO - DAG(s) dict_keys(['example_branch_dop_operator_v3']) retrieved from /home/airflow/.local/lib/python3.7/site-packages/airflow/example_dags/example_branch_python_dop_operator_3.py
[2022-03-26 12:44:30,390] {logging_mixin.py:109} INFO - [2022-03-26 12:44:30,390] {dag.py:2398} INFO - Sync 1 DAGs
[2022-03-26 12:44:30,407] {logging_mixin.py:109} INFO - [2022-03-26 12:44:30,407] {dag.py:2937} INFO - Setting next_dagrun for example_branch_dop_operator_v3 to 2022-03-26T12:43:00+00:00
[2022-03-26 12:44:30,414] {processor.py:171} INFO - Processing /home/airflow/.local/lib/python3.7/site-packages/airflow/example_dags/example_branch_python_dop_operator_3.py took 0.051 seconds
[2022-03-26 12:45:00,671] {processor.py:163} INFO - Started process (PID=299) to work on /home/airflow/.local/lib/python3.7/site-packages/airflow/example_dags/example_branch_python_dop_operator_3.py
[2022-03-26 12:45:00,672] {processor.py:642} INFO - Processing file /home/airflow/.local/lib/python3.7/site-packages/airflow/example_dags/example_branch_python_dop_operator_3.py for tasks to queue
[2022-03-26 12:45:00,672] {logging_mixin.py:109} INFO - [2022-03-26 12:45:00,672] {dagbag.py:500} INFO - Filling up the DagBag from /home/airflow/.local/lib/python3.7/site-packages/airflow/example_dags/example_branch_python_dop_operator_3.py
[2022-03-26 12:45:00,688] {processor.py:654} INFO - DAG(s) dict_keys(['example_branch_dop_operator_v3']) retrieved from /home/airflow/.local/lib/python3.7/site-packages/airflow/example_dags/example_branch_python_dop_operator_3.py
[2022-03-26 12:45:00,692] {logging_mixin.py:109} INFO - [2022-03-26 12:45:00,692] {dag.py:2398} INFO - Sync 1 DAGs
[2022-03-26 12:45:00,704] {logging_mixin.py:109} INFO - [2022-03-26 12:45:00,704] {dag.py:2937} INFO - Setting next_dagrun for example_branch_dop_operator_v3 to 2022-03-26T12:44:00+00:00
[2022-03-26 12:45:00,708] {processor.py:171} INFO - Processing /home/airflow/.local/lib/python3.7/site-packages/airflow/example_dags/example_branch_python_dop_operator_3.py took 0.039 seconds
[2022-03-26 12:45:30,917] {processor.py:163} INFO - Started process (PID=382) to work on /home/airflow/.local/lib/python3.7/site-packages/airflow/example_dags/example_branch_python_dop_operator_3.py
[2022-03-26 12:45:30,918] {processor.py:642} INFO - Processing file /home/airflow/.local/lib/python3.7/site-packages/airflow/example_dags/example_branch_python_dop_operator_3.py for tasks to queue
[2022-03-26 12:45:30,918] {logging_mixin.py:109} INFO - [2022-03-26 12:45:30,918] {dagbag.py:500} INFO - Filling up the DagBag from /home/airflow/.local/lib/python3.7/site-packages/airflow/example_dags/example_branch_python_dop_operator_3.py
[2022-03-26 12:45:30,933] {processor.py:654} INFO - DAG(s) dict_keys(['example_branch_dop_operator_v3']) retrieved from /home/airflow/.local/lib/python3.7/site-packages/airflow/example_dags/example_branch_python_dop_operator_3.py
[2022-03-26 12:45:30,938] {logging_mixin.py:109} INFO - [2022-03-26 12:45:30,938] {dag.py:2398} INFO - Sync 1 DAGs
[2022-03-26 12:45:30,950] {logging_mixin.py:109} INFO - [2022-03-26 12:45:30,950] {dag.py:2937} INFO - Setting next_dagrun for example_branch_dop_operator_v3 to 2022-03-26T12:44:00+00:00
[2022-03-26 12:45:30,955] {processor.py:171} INFO - Processing /home/airflow/.local/lib/python3.7/site-packages/airflow/example_dags/example_branch_python_dop_operator_3.py took 0.039 seconds
