[2022-03-26 12:43:26,975] {processor.py:163} INFO - Started process (PID=50) to work on /home/airflow/.local/lib/python3.7/site-packages/airflow/example_dags/example_branch_datetime_operator.py
[2022-03-26 12:43:26,976] {processor.py:642} INFO - Processing file /home/airflow/.local/lib/python3.7/site-packages/airflow/example_dags/example_branch_datetime_operator.py for tasks to queue
[2022-03-26 12:43:26,976] {logging_mixin.py:109} INFO - [2022-03-26 12:43:26,976] {dagbag.py:500} INFO - Filling up the DagBag from /home/airflow/.local/lib/python3.7/site-packages/airflow/example_dags/example_branch_datetime_operator.py
[2022-03-26 12:43:26,998] {processor.py:654} INFO - DAG(s) dict_keys(['example_branch_datetime_operator_2']) retrieved from /home/airflow/.local/lib/python3.7/site-packages/airflow/example_dags/example_branch_datetime_operator.py
[2022-03-26 12:43:27,006] {logging_mixin.py:109} INFO - [2022-03-26 12:43:27,006] {dag.py:2398} INFO - Sync 1 DAGs
[2022-03-26 12:43:27,021] {logging_mixin.py:109} INFO - [2022-03-26 12:43:27,021] {dag.py:2937} INFO - Setting next_dagrun for example_branch_datetime_operator_2 to 2022-03-25 00:00:00+00:00
[2022-03-26 12:43:27,029] {processor.py:171} INFO - Processing /home/airflow/.local/lib/python3.7/site-packages/airflow/example_dags/example_branch_datetime_operator.py took 0.056 seconds
[2022-03-26 12:43:57,846] {processor.py:163} INFO - Started process (PID=132) to work on /home/airflow/.local/lib/python3.7/site-packages/airflow/example_dags/example_branch_datetime_operator.py
[2022-03-26 12:43:57,847] {processor.py:642} INFO - Processing file /home/airflow/.local/lib/python3.7/site-packages/airflow/example_dags/example_branch_datetime_operator.py for tasks to queue
[2022-03-26 12:43:57,847] {logging_mixin.py:109} INFO - [2022-03-26 12:43:57,847] {dagbag.py:500} INFO - Filling up the DagBag from /home/airflow/.local/lib/python3.7/site-packages/airflow/example_dags/example_branch_datetime_operator.py
[2022-03-26 12:43:57,879] {processor.py:654} INFO - DAG(s) dict_keys(['example_branch_datetime_operator_2']) retrieved from /home/airflow/.local/lib/python3.7/site-packages/airflow/example_dags/example_branch_datetime_operator.py
[2022-03-26 12:43:57,887] {logging_mixin.py:109} INFO - [2022-03-26 12:43:57,887] {dag.py:2398} INFO - Sync 1 DAGs
[2022-03-26 12:43:57,905] {logging_mixin.py:109} INFO - [2022-03-26 12:43:57,905] {dag.py:2937} INFO - Setting next_dagrun for example_branch_datetime_operator_2 to 2022-03-25 00:00:00+00:00
[2022-03-26 12:43:57,915] {processor.py:171} INFO - Processing /home/airflow/.local/lib/python3.7/site-packages/airflow/example_dags/example_branch_datetime_operator.py took 0.079 seconds
[2022-03-26 12:44:28,869] {processor.py:163} INFO - Started process (PID=204) to work on /home/airflow/.local/lib/python3.7/site-packages/airflow/example_dags/example_branch_datetime_operator.py
[2022-03-26 12:44:28,870] {processor.py:642} INFO - Processing file /home/airflow/.local/lib/python3.7/site-packages/airflow/example_dags/example_branch_datetime_operator.py for tasks to queue
[2022-03-26 12:44:28,870] {logging_mixin.py:109} INFO - [2022-03-26 12:44:28,870] {dagbag.py:500} INFO - Filling up the DagBag from /home/airflow/.local/lib/python3.7/site-packages/airflow/example_dags/example_branch_datetime_operator.py
[2022-03-26 12:44:28,886] {processor.py:654} INFO - DAG(s) dict_keys(['example_branch_datetime_operator_2']) retrieved from /home/airflow/.local/lib/python3.7/site-packages/airflow/example_dags/example_branch_datetime_operator.py
[2022-03-26 12:44:28,890] {logging_mixin.py:109} INFO - [2022-03-26 12:44:28,890] {dag.py:2398} INFO - Sync 1 DAGs
[2022-03-26 12:44:28,901] {logging_mixin.py:109} INFO - [2022-03-26 12:44:28,901] {dag.py:2937} INFO - Setting next_dagrun for example_branch_datetime_operator_2 to 2022-03-25 00:00:00+00:00
[2022-03-26 12:44:28,906] {processor.py:171} INFO - Processing /home/airflow/.local/lib/python3.7/site-packages/airflow/example_dags/example_branch_datetime_operator.py took 0.038 seconds
[2022-03-26 12:44:59,159] {processor.py:163} INFO - Started process (PID=285) to work on /home/airflow/.local/lib/python3.7/site-packages/airflow/example_dags/example_branch_datetime_operator.py
[2022-03-26 12:44:59,159] {processor.py:642} INFO - Processing file /home/airflow/.local/lib/python3.7/site-packages/airflow/example_dags/example_branch_datetime_operator.py for tasks to queue
[2022-03-26 12:44:59,160] {logging_mixin.py:109} INFO - [2022-03-26 12:44:59,160] {dagbag.py:500} INFO - Filling up the DagBag from /home/airflow/.local/lib/python3.7/site-packages/airflow/example_dags/example_branch_datetime_operator.py
[2022-03-26 12:44:59,175] {processor.py:654} INFO - DAG(s) dict_keys(['example_branch_datetime_operator_2']) retrieved from /home/airflow/.local/lib/python3.7/site-packages/airflow/example_dags/example_branch_datetime_operator.py
[2022-03-26 12:44:59,182] {logging_mixin.py:109} INFO - [2022-03-26 12:44:59,182] {dag.py:2398} INFO - Sync 1 DAGs
[2022-03-26 12:44:59,197] {logging_mixin.py:109} INFO - [2022-03-26 12:44:59,197] {dag.py:2937} INFO - Setting next_dagrun for example_branch_datetime_operator_2 to 2022-03-25 00:00:00+00:00
[2022-03-26 12:44:59,204] {processor.py:171} INFO - Processing /home/airflow/.local/lib/python3.7/site-packages/airflow/example_dags/example_branch_datetime_operator.py took 0.046 seconds
[2022-03-26 12:45:29,392] {processor.py:163} INFO - Started process (PID=359) to work on /home/airflow/.local/lib/python3.7/site-packages/airflow/example_dags/example_branch_datetime_operator.py
[2022-03-26 12:45:29,397] {processor.py:642} INFO - Processing file /home/airflow/.local/lib/python3.7/site-packages/airflow/example_dags/example_branch_datetime_operator.py for tasks to queue
[2022-03-26 12:45:29,397] {logging_mixin.py:109} INFO - [2022-03-26 12:45:29,397] {dagbag.py:500} INFO - Filling up the DagBag from /home/airflow/.local/lib/python3.7/site-packages/airflow/example_dags/example_branch_datetime_operator.py
[2022-03-26 12:45:29,413] {processor.py:654} INFO - DAG(s) dict_keys(['example_branch_datetime_operator_2']) retrieved from /home/airflow/.local/lib/python3.7/site-packages/airflow/example_dags/example_branch_datetime_operator.py
[2022-03-26 12:45:29,419] {logging_mixin.py:109} INFO - [2022-03-26 12:45:29,419] {dag.py:2398} INFO - Sync 1 DAGs
[2022-03-26 12:45:29,432] {logging_mixin.py:109} INFO - [2022-03-26 12:45:29,432] {dag.py:2937} INFO - Setting next_dagrun for example_branch_datetime_operator_2 to 2022-03-25 00:00:00+00:00
[2022-03-26 12:45:29,436] {processor.py:171} INFO - Processing /home/airflow/.local/lib/python3.7/site-packages/airflow/example_dags/example_branch_datetime_operator.py took 0.046 seconds
