[2022-03-26 12:43:26,648] {processor.py:163} INFO - Started process (PID=45) to work on /home/airflow/.local/lib/python3.7/site-packages/airflow/example_dags/example_complex.py
[2022-03-26 12:43:26,649] {processor.py:642} INFO - Processing file /home/airflow/.local/lib/python3.7/site-packages/airflow/example_dags/example_complex.py for tasks to queue
[2022-03-26 12:43:26,649] {logging_mixin.py:109} INFO - [2022-03-26 12:43:26,649] {dagbag.py:500} INFO - Filling up the DagBag from /home/airflow/.local/lib/python3.7/site-packages/airflow/example_dags/example_complex.py
[2022-03-26 12:43:26,674] {processor.py:654} INFO - DAG(s) dict_keys(['example_complex']) retrieved from /home/airflow/.local/lib/python3.7/site-packages/airflow/example_dags/example_complex.py
[2022-03-26 12:43:26,685] {logging_mixin.py:109} INFO - [2022-03-26 12:43:26,685] {dag.py:2398} INFO - Sync 1 DAGs
[2022-03-26 12:43:26,697] {logging_mixin.py:109} INFO - [2022-03-26 12:43:26,697] {dag.py:2937} INFO - Setting next_dagrun for example_complex to None
[2022-03-26 12:43:26,707] {processor.py:171} INFO - Processing /home/airflow/.local/lib/python3.7/site-packages/airflow/example_dags/example_complex.py took 0.060 seconds
[2022-03-26 12:43:57,497] {processor.py:163} INFO - Started process (PID=127) to work on /home/airflow/.local/lib/python3.7/site-packages/airflow/example_dags/example_complex.py
[2022-03-26 12:43:57,498] {processor.py:642} INFO - Processing file /home/airflow/.local/lib/python3.7/site-packages/airflow/example_dags/example_complex.py for tasks to queue
[2022-03-26 12:43:57,499] {logging_mixin.py:109} INFO - [2022-03-26 12:43:57,499] {dagbag.py:500} INFO - Filling up the DagBag from /home/airflow/.local/lib/python3.7/site-packages/airflow/example_dags/example_complex.py
[2022-03-26 12:43:57,538] {processor.py:654} INFO - DAG(s) dict_keys(['example_complex']) retrieved from /home/airflow/.local/lib/python3.7/site-packages/airflow/example_dags/example_complex.py
[2022-03-26 12:43:57,553] {logging_mixin.py:109} INFO - [2022-03-26 12:43:57,553] {dag.py:2398} INFO - Sync 1 DAGs
[2022-03-26 12:43:57,571] {logging_mixin.py:109} INFO - [2022-03-26 12:43:57,571] {dag.py:2937} INFO - Setting next_dagrun for example_complex to None
[2022-03-26 12:43:57,582] {processor.py:171} INFO - Processing /home/airflow/.local/lib/python3.7/site-packages/airflow/example_dags/example_complex.py took 0.087 seconds
[2022-03-26 12:44:27,612] {processor.py:163} INFO - Started process (PID=198) to work on /home/airflow/.local/lib/python3.7/site-packages/airflow/example_dags/example_complex.py
[2022-03-26 12:44:27,613] {processor.py:642} INFO - Processing file /home/airflow/.local/lib/python3.7/site-packages/airflow/example_dags/example_complex.py for tasks to queue
[2022-03-26 12:44:27,613] {logging_mixin.py:109} INFO - [2022-03-26 12:44:27,613] {dagbag.py:500} INFO - Filling up the DagBag from /home/airflow/.local/lib/python3.7/site-packages/airflow/example_dags/example_complex.py
[2022-03-26 12:44:27,634] {processor.py:654} INFO - DAG(s) dict_keys(['example_complex']) retrieved from /home/airflow/.local/lib/python3.7/site-packages/airflow/example_dags/example_complex.py
[2022-03-26 12:44:27,643] {logging_mixin.py:109} INFO - [2022-03-26 12:44:27,643] {dag.py:2398} INFO - Sync 1 DAGs
[2022-03-26 12:44:27,651] {logging_mixin.py:109} INFO - [2022-03-26 12:44:27,651] {dag.py:2937} INFO - Setting next_dagrun for example_complex to None
[2022-03-26 12:44:27,655] {processor.py:171} INFO - Processing /home/airflow/.local/lib/python3.7/site-packages/airflow/example_dags/example_complex.py took 0.044 seconds
[2022-03-26 12:44:57,909] {processor.py:163} INFO - Started process (PID=279) to work on /home/airflow/.local/lib/python3.7/site-packages/airflow/example_dags/example_complex.py
[2022-03-26 12:44:57,909] {processor.py:642} INFO - Processing file /home/airflow/.local/lib/python3.7/site-packages/airflow/example_dags/example_complex.py for tasks to queue
[2022-03-26 12:44:57,910] {logging_mixin.py:109} INFO - [2022-03-26 12:44:57,910] {dagbag.py:500} INFO - Filling up the DagBag from /home/airflow/.local/lib/python3.7/site-packages/airflow/example_dags/example_complex.py
[2022-03-26 12:44:57,930] {processor.py:654} INFO - DAG(s) dict_keys(['example_complex']) retrieved from /home/airflow/.local/lib/python3.7/site-packages/airflow/example_dags/example_complex.py
[2022-03-26 12:44:57,938] {logging_mixin.py:109} INFO - [2022-03-26 12:44:57,938] {dag.py:2398} INFO - Sync 1 DAGs
[2022-03-26 12:44:57,946] {logging_mixin.py:109} INFO - [2022-03-26 12:44:57,946] {dag.py:2937} INFO - Setting next_dagrun for example_complex to None
[2022-03-26 12:44:57,951] {processor.py:171} INFO - Processing /home/airflow/.local/lib/python3.7/site-packages/airflow/example_dags/example_complex.py took 0.044 seconds
[2022-03-26 12:45:28,158] {processor.py:163} INFO - Started process (PID=353) to work on /home/airflow/.local/lib/python3.7/site-packages/airflow/example_dags/example_complex.py
[2022-03-26 12:45:28,158] {processor.py:642} INFO - Processing file /home/airflow/.local/lib/python3.7/site-packages/airflow/example_dags/example_complex.py for tasks to queue
[2022-03-26 12:45:28,159] {logging_mixin.py:109} INFO - [2022-03-26 12:45:28,159] {dagbag.py:500} INFO - Filling up the DagBag from /home/airflow/.local/lib/python3.7/site-packages/airflow/example_dags/example_complex.py
[2022-03-26 12:45:28,178] {processor.py:654} INFO - DAG(s) dict_keys(['example_complex']) retrieved from /home/airflow/.local/lib/python3.7/site-packages/airflow/example_dags/example_complex.py
[2022-03-26 12:45:28,186] {logging_mixin.py:109} INFO - [2022-03-26 12:45:28,186] {dag.py:2398} INFO - Sync 1 DAGs
[2022-03-26 12:45:28,194] {logging_mixin.py:109} INFO - [2022-03-26 12:45:28,194] {dag.py:2937} INFO - Setting next_dagrun for example_complex to None
[2022-03-26 12:45:28,198] {processor.py:171} INFO - Processing /home/airflow/.local/lib/python3.7/site-packages/airflow/example_dags/example_complex.py took 0.042 seconds
