[2022-03-26 12:43:27,195] {processor.py:163} INFO - Started process (PID=53) to work on /home/airflow/.local/lib/python3.7/site-packages/airflow/example_dags/tutorial_etl_dag.py
[2022-03-26 12:43:27,195] {processor.py:642} INFO - Processing file /home/airflow/.local/lib/python3.7/site-packages/airflow/example_dags/tutorial_etl_dag.py for tasks to queue
[2022-03-26 12:43:27,196] {logging_mixin.py:109} INFO - [2022-03-26 12:43:27,196] {dagbag.py:500} INFO - Filling up the DagBag from /home/airflow/.local/lib/python3.7/site-packages/airflow/example_dags/tutorial_etl_dag.py
[2022-03-26 12:43:27,219] {processor.py:654} INFO - DAG(s) dict_keys(['tutorial_etl_dag']) retrieved from /home/airflow/.local/lib/python3.7/site-packages/airflow/example_dags/tutorial_etl_dag.py
[2022-03-26 12:43:27,227] {logging_mixin.py:109} INFO - [2022-03-26 12:43:27,227] {dag.py:2398} INFO - Sync 1 DAGs
[2022-03-26 12:43:27,240] {logging_mixin.py:109} INFO - [2022-03-26 12:43:27,240] {dag.py:2937} INFO - Setting next_dagrun for tutorial_etl_dag to None
[2022-03-26 12:43:27,249] {processor.py:171} INFO - Processing /home/airflow/.local/lib/python3.7/site-packages/airflow/example_dags/tutorial_etl_dag.py took 0.056 seconds
[2022-03-26 12:43:58,060] {processor.py:163} INFO - Started process (PID=135) to work on /home/airflow/.local/lib/python3.7/site-packages/airflow/example_dags/tutorial_etl_dag.py
[2022-03-26 12:43:58,062] {processor.py:642} INFO - Processing file /home/airflow/.local/lib/python3.7/site-packages/airflow/example_dags/tutorial_etl_dag.py for tasks to queue
[2022-03-26 12:43:58,062] {logging_mixin.py:109} INFO - [2022-03-26 12:43:58,062] {dagbag.py:500} INFO - Filling up the DagBag from /home/airflow/.local/lib/python3.7/site-packages/airflow/example_dags/tutorial_etl_dag.py
[2022-03-26 12:43:58,100] {processor.py:654} INFO - DAG(s) dict_keys(['tutorial_etl_dag']) retrieved from /home/airflow/.local/lib/python3.7/site-packages/airflow/example_dags/tutorial_etl_dag.py
[2022-03-26 12:43:58,109] {logging_mixin.py:109} INFO - [2022-03-26 12:43:58,109] {dag.py:2398} INFO - Sync 1 DAGs
[2022-03-26 12:43:58,128] {logging_mixin.py:109} INFO - [2022-03-26 12:43:58,128] {dag.py:2937} INFO - Setting next_dagrun for tutorial_etl_dag to None
[2022-03-26 12:43:58,135] {processor.py:171} INFO - Processing /home/airflow/.local/lib/python3.7/site-packages/airflow/example_dags/tutorial_etl_dag.py took 0.078 seconds
[2022-03-26 12:44:28,964] {processor.py:163} INFO - Started process (PID=207) to work on /home/airflow/.local/lib/python3.7/site-packages/airflow/example_dags/tutorial_etl_dag.py
[2022-03-26 12:44:28,964] {processor.py:642} INFO - Processing file /home/airflow/.local/lib/python3.7/site-packages/airflow/example_dags/tutorial_etl_dag.py for tasks to queue
[2022-03-26 12:44:28,965] {logging_mixin.py:109} INFO - [2022-03-26 12:44:28,965] {dagbag.py:500} INFO - Filling up the DagBag from /home/airflow/.local/lib/python3.7/site-packages/airflow/example_dags/tutorial_etl_dag.py
[2022-03-26 12:44:28,979] {processor.py:654} INFO - DAG(s) dict_keys(['tutorial_etl_dag']) retrieved from /home/airflow/.local/lib/python3.7/site-packages/airflow/example_dags/tutorial_etl_dag.py
[2022-03-26 12:44:28,984] {logging_mixin.py:109} INFO - [2022-03-26 12:44:28,984] {dag.py:2398} INFO - Sync 1 DAGs
[2022-03-26 12:44:28,993] {logging_mixin.py:109} INFO - [2022-03-26 12:44:28,993] {dag.py:2937} INFO - Setting next_dagrun for tutorial_etl_dag to None
[2022-03-26 12:44:28,997] {processor.py:171} INFO - Processing /home/airflow/.local/lib/python3.7/site-packages/airflow/example_dags/tutorial_etl_dag.py took 0.035 seconds
[2022-03-26 12:44:59,266] {processor.py:163} INFO - Started process (PID=288) to work on /home/airflow/.local/lib/python3.7/site-packages/airflow/example_dags/tutorial_etl_dag.py
[2022-03-26 12:44:59,267] {processor.py:642} INFO - Processing file /home/airflow/.local/lib/python3.7/site-packages/airflow/example_dags/tutorial_etl_dag.py for tasks to queue
[2022-03-26 12:44:59,267] {logging_mixin.py:109} INFO - [2022-03-26 12:44:59,267] {dagbag.py:500} INFO - Filling up the DagBag from /home/airflow/.local/lib/python3.7/site-packages/airflow/example_dags/tutorial_etl_dag.py
[2022-03-26 12:44:59,283] {processor.py:654} INFO - DAG(s) dict_keys(['tutorial_etl_dag']) retrieved from /home/airflow/.local/lib/python3.7/site-packages/airflow/example_dags/tutorial_etl_dag.py
[2022-03-26 12:44:59,288] {logging_mixin.py:109} INFO - [2022-03-26 12:44:59,287] {dag.py:2398} INFO - Sync 1 DAGs
[2022-03-26 12:44:59,298] {logging_mixin.py:109} INFO - [2022-03-26 12:44:59,298] {dag.py:2937} INFO - Setting next_dagrun for tutorial_etl_dag to None
[2022-03-26 12:44:59,303] {processor.py:171} INFO - Processing /home/airflow/.local/lib/python3.7/site-packages/airflow/example_dags/tutorial_etl_dag.py took 0.040 seconds
[2022-03-26 12:45:29,489] {processor.py:163} INFO - Started process (PID=362) to work on /home/airflow/.local/lib/python3.7/site-packages/airflow/example_dags/tutorial_etl_dag.py
[2022-03-26 12:45:29,489] {processor.py:642} INFO - Processing file /home/airflow/.local/lib/python3.7/site-packages/airflow/example_dags/tutorial_etl_dag.py for tasks to queue
[2022-03-26 12:45:29,490] {logging_mixin.py:109} INFO - [2022-03-26 12:45:29,490] {dagbag.py:500} INFO - Filling up the DagBag from /home/airflow/.local/lib/python3.7/site-packages/airflow/example_dags/tutorial_etl_dag.py
[2022-03-26 12:45:29,504] {processor.py:654} INFO - DAG(s) dict_keys(['tutorial_etl_dag']) retrieved from /home/airflow/.local/lib/python3.7/site-packages/airflow/example_dags/tutorial_etl_dag.py
[2022-03-26 12:45:29,508] {logging_mixin.py:109} INFO - [2022-03-26 12:45:29,508] {dag.py:2398} INFO - Sync 1 DAGs
[2022-03-26 12:45:29,517] {logging_mixin.py:109} INFO - [2022-03-26 12:45:29,517] {dag.py:2937} INFO - Setting next_dagrun for tutorial_etl_dag to None
[2022-03-26 12:45:29,522] {processor.py:171} INFO - Processing /home/airflow/.local/lib/python3.7/site-packages/airflow/example_dags/tutorial_etl_dag.py took 0.034 seconds
