[2022-03-26 12:43:26,718] {processor.py:163} INFO - Started process (PID=46) to work on /home/airflow/.local/lib/python3.7/site-packages/airflow/example_dags/tutorial.py
[2022-03-26 12:43:26,718] {processor.py:642} INFO - Processing file /home/airflow/.local/lib/python3.7/site-packages/airflow/example_dags/tutorial.py for tasks to queue
[2022-03-26 12:43:26,719] {logging_mixin.py:109} INFO - [2022-03-26 12:43:26,719] {dagbag.py:500} INFO - Filling up the DagBag from /home/airflow/.local/lib/python3.7/site-packages/airflow/example_dags/tutorial.py
[2022-03-26 12:43:26,744] {processor.py:654} INFO - DAG(s) dict_keys(['tutorial']) retrieved from /home/airflow/.local/lib/python3.7/site-packages/airflow/example_dags/tutorial.py
[2022-03-26 12:43:26,752] {logging_mixin.py:109} INFO - [2022-03-26 12:43:26,751] {dag.py:2398} INFO - Sync 1 DAGs
[2022-03-26 12:43:26,765] {logging_mixin.py:109} INFO - [2022-03-26 12:43:26,765] {dag.py:2937} INFO - Setting next_dagrun for tutorial to 2022-03-25T12:43:26.765342+00:00
[2022-03-26 12:43:26,774] {processor.py:171} INFO - Processing /home/airflow/.local/lib/python3.7/site-packages/airflow/example_dags/tutorial.py took 0.058 seconds
[2022-03-26 12:43:57,603] {processor.py:163} INFO - Started process (PID=128) to work on /home/airflow/.local/lib/python3.7/site-packages/airflow/example_dags/tutorial.py
[2022-03-26 12:43:57,604] {processor.py:642} INFO - Processing file /home/airflow/.local/lib/python3.7/site-packages/airflow/example_dags/tutorial.py for tasks to queue
[2022-03-26 12:43:57,604] {logging_mixin.py:109} INFO - [2022-03-26 12:43:57,604] {dagbag.py:500} INFO - Filling up the DagBag from /home/airflow/.local/lib/python3.7/site-packages/airflow/example_dags/tutorial.py
[2022-03-26 12:43:57,632] {processor.py:654} INFO - DAG(s) dict_keys(['tutorial']) retrieved from /home/airflow/.local/lib/python3.7/site-packages/airflow/example_dags/tutorial.py
[2022-03-26 12:43:57,652] {logging_mixin.py:109} INFO - [2022-03-26 12:43:57,652] {dag.py:2398} INFO - Sync 1 DAGs
[2022-03-26 12:43:57,667] {logging_mixin.py:109} INFO - [2022-03-26 12:43:57,667] {dag.py:2937} INFO - Setting next_dagrun for tutorial to 2022-03-25T12:43:57.667134+00:00
[2022-03-26 12:43:57,675] {processor.py:171} INFO - Processing /home/airflow/.local/lib/python3.7/site-packages/airflow/example_dags/tutorial.py took 0.074 seconds
[2022-03-26 12:44:27,811] {processor.py:163} INFO - Started process (PID=200) to work on /home/airflow/.local/lib/python3.7/site-packages/airflow/example_dags/tutorial.py
[2022-03-26 12:44:27,812] {processor.py:642} INFO - Processing file /home/airflow/.local/lib/python3.7/site-packages/airflow/example_dags/tutorial.py for tasks to queue
[2022-03-26 12:44:27,812] {logging_mixin.py:109} INFO - [2022-03-26 12:44:27,812] {dagbag.py:500} INFO - Filling up the DagBag from /home/airflow/.local/lib/python3.7/site-packages/airflow/example_dags/tutorial.py
[2022-03-26 12:44:27,828] {processor.py:654} INFO - DAG(s) dict_keys(['tutorial']) retrieved from /home/airflow/.local/lib/python3.7/site-packages/airflow/example_dags/tutorial.py
[2022-03-26 12:44:27,834] {logging_mixin.py:109} INFO - [2022-03-26 12:44:27,834] {dag.py:2398} INFO - Sync 1 DAGs
[2022-03-26 12:44:27,846] {logging_mixin.py:109} INFO - [2022-03-26 12:44:27,846] {dag.py:2937} INFO - Setting next_dagrun for tutorial to 2022-03-25T12:44:27.846547+00:00
[2022-03-26 12:44:27,852] {processor.py:171} INFO - Processing /home/airflow/.local/lib/python3.7/site-packages/airflow/example_dags/tutorial.py took 0.042 seconds
[2022-03-26 12:44:58,108] {processor.py:163} INFO - Started process (PID=281) to work on /home/airflow/.local/lib/python3.7/site-packages/airflow/example_dags/tutorial.py
[2022-03-26 12:44:58,109] {processor.py:642} INFO - Processing file /home/airflow/.local/lib/python3.7/site-packages/airflow/example_dags/tutorial.py for tasks to queue
[2022-03-26 12:44:58,109] {logging_mixin.py:109} INFO - [2022-03-26 12:44:58,109] {dagbag.py:500} INFO - Filling up the DagBag from /home/airflow/.local/lib/python3.7/site-packages/airflow/example_dags/tutorial.py
[2022-03-26 12:44:58,125] {processor.py:654} INFO - DAG(s) dict_keys(['tutorial']) retrieved from /home/airflow/.local/lib/python3.7/site-packages/airflow/example_dags/tutorial.py
[2022-03-26 12:44:58,130] {logging_mixin.py:109} INFO - [2022-03-26 12:44:58,130] {dag.py:2398} INFO - Sync 1 DAGs
[2022-03-26 12:44:58,139] {logging_mixin.py:109} INFO - [2022-03-26 12:44:58,139] {dag.py:2937} INFO - Setting next_dagrun for tutorial to 2022-03-25T12:44:58.139151+00:00
[2022-03-26 12:44:58,144] {processor.py:171} INFO - Processing /home/airflow/.local/lib/python3.7/site-packages/airflow/example_dags/tutorial.py took 0.038 seconds
[2022-03-26 12:45:28,343] {processor.py:163} INFO - Started process (PID=355) to work on /home/airflow/.local/lib/python3.7/site-packages/airflow/example_dags/tutorial.py
[2022-03-26 12:45:28,344] {processor.py:642} INFO - Processing file /home/airflow/.local/lib/python3.7/site-packages/airflow/example_dags/tutorial.py for tasks to queue
[2022-03-26 12:45:28,344] {logging_mixin.py:109} INFO - [2022-03-26 12:45:28,344] {dagbag.py:500} INFO - Filling up the DagBag from /home/airflow/.local/lib/python3.7/site-packages/airflow/example_dags/tutorial.py
[2022-03-26 12:45:28,359] {processor.py:654} INFO - DAG(s) dict_keys(['tutorial']) retrieved from /home/airflow/.local/lib/python3.7/site-packages/airflow/example_dags/tutorial.py
[2022-03-26 12:45:28,364] {logging_mixin.py:109} INFO - [2022-03-26 12:45:28,364] {dag.py:2398} INFO - Sync 1 DAGs
[2022-03-26 12:45:28,373] {logging_mixin.py:109} INFO - [2022-03-26 12:45:28,373] {dag.py:2937} INFO - Setting next_dagrun for tutorial to 2022-03-25T12:45:28.373045+00:00
[2022-03-26 12:45:28,377] {processor.py:171} INFO - Processing /home/airflow/.local/lib/python3.7/site-packages/airflow/example_dags/tutorial.py took 0.036 seconds
