[2022-03-26 12:43:29,596] {processor.py:163} INFO - Started process (PID=90) to work on /home/airflow/.local/lib/python3.7/site-packages/airflow/example_dags/tutorial_taskflow_api_etl_virtualenv.py
[2022-03-26 12:43:29,596] {processor.py:642} INFO - Processing file /home/airflow/.local/lib/python3.7/site-packages/airflow/example_dags/tutorial_taskflow_api_etl_virtualenv.py for tasks to queue
[2022-03-26 12:43:29,597] {logging_mixin.py:109} INFO - [2022-03-26 12:43:29,597] {dagbag.py:500} INFO - Filling up the DagBag from /home/airflow/.local/lib/python3.7/site-packages/airflow/example_dags/tutorial_taskflow_api_etl_virtualenv.py
[2022-03-26 12:43:29,702] {processor.py:654} INFO - DAG(s) dict_keys(['tutorial_taskflow_api_etl_virtualenv']) retrieved from /home/airflow/.local/lib/python3.7/site-packages/airflow/example_dags/tutorial_taskflow_api_etl_virtualenv.py
[2022-03-26 12:43:29,934] {logging_mixin.py:109} INFO - [2022-03-26 12:43:29,934] {dag.py:2398} INFO - Sync 1 DAGs
[2022-03-26 12:43:29,957] {logging_mixin.py:109} INFO - [2022-03-26 12:43:29,957] {dag.py:2937} INFO - Setting next_dagrun for tutorial_taskflow_api_etl_virtualenv to None
[2022-03-26 12:43:29,996] {processor.py:171} INFO - Processing /home/airflow/.local/lib/python3.7/site-packages/airflow/example_dags/tutorial_taskflow_api_etl_virtualenv.py took 0.402 seconds
[2022-03-26 12:44:00,956] {processor.py:163} INFO - Started process (PID=150) to work on /home/airflow/.local/lib/python3.7/site-packages/airflow/example_dags/tutorial_taskflow_api_etl_virtualenv.py
[2022-03-26 12:44:00,956] {processor.py:642} INFO - Processing file /home/airflow/.local/lib/python3.7/site-packages/airflow/example_dags/tutorial_taskflow_api_etl_virtualenv.py for tasks to queue
[2022-03-26 12:44:00,957] {logging_mixin.py:109} INFO - [2022-03-26 12:44:00,957] {dagbag.py:500} INFO - Filling up the DagBag from /home/airflow/.local/lib/python3.7/site-packages/airflow/example_dags/tutorial_taskflow_api_etl_virtualenv.py
[2022-03-26 12:44:00,985] {processor.py:654} INFO - DAG(s) dict_keys(['tutorial_taskflow_api_etl_virtualenv']) retrieved from /home/airflow/.local/lib/python3.7/site-packages/airflow/example_dags/tutorial_taskflow_api_etl_virtualenv.py
[2022-03-26 12:44:01,163] {logging_mixin.py:109} INFO - [2022-03-26 12:44:01,163] {dag.py:2398} INFO - Sync 1 DAGs
[2022-03-26 12:44:01,177] {logging_mixin.py:109} INFO - [2022-03-26 12:44:01,176] {dag.py:2937} INFO - Setting next_dagrun for tutorial_taskflow_api_etl_virtualenv to None
[2022-03-26 12:44:01,187] {processor.py:171} INFO - Processing /home/airflow/.local/lib/python3.7/site-packages/airflow/example_dags/tutorial_taskflow_api_etl_virtualenv.py took 0.233 seconds
[2022-03-26 12:44:31,482] {processor.py:163} INFO - Started process (PID=222) to work on /home/airflow/.local/lib/python3.7/site-packages/airflow/example_dags/tutorial_taskflow_api_etl_virtualenv.py
[2022-03-26 12:44:31,483] {processor.py:642} INFO - Processing file /home/airflow/.local/lib/python3.7/site-packages/airflow/example_dags/tutorial_taskflow_api_etl_virtualenv.py for tasks to queue
[2022-03-26 12:44:31,483] {logging_mixin.py:109} INFO - [2022-03-26 12:44:31,483] {dagbag.py:500} INFO - Filling up the DagBag from /home/airflow/.local/lib/python3.7/site-packages/airflow/example_dags/tutorial_taskflow_api_etl_virtualenv.py
[2022-03-26 12:44:31,502] {processor.py:654} INFO - DAG(s) dict_keys(['tutorial_taskflow_api_etl_virtualenv']) retrieved from /home/airflow/.local/lib/python3.7/site-packages/airflow/example_dags/tutorial_taskflow_api_etl_virtualenv.py
[2022-03-26 12:44:31,657] {logging_mixin.py:109} INFO - [2022-03-26 12:44:31,657] {dag.py:2398} INFO - Sync 1 DAGs
[2022-03-26 12:44:31,667] {logging_mixin.py:109} INFO - [2022-03-26 12:44:31,667] {dag.py:2937} INFO - Setting next_dagrun for tutorial_taskflow_api_etl_virtualenv to None
[2022-03-26 12:44:31,672] {processor.py:171} INFO - Processing /home/airflow/.local/lib/python3.7/site-packages/airflow/example_dags/tutorial_taskflow_api_etl_virtualenv.py took 0.192 seconds
[2022-03-26 12:45:01,770] {processor.py:163} INFO - Started process (PID=303) to work on /home/airflow/.local/lib/python3.7/site-packages/airflow/example_dags/tutorial_taskflow_api_etl_virtualenv.py
[2022-03-26 12:45:01,771] {processor.py:642} INFO - Processing file /home/airflow/.local/lib/python3.7/site-packages/airflow/example_dags/tutorial_taskflow_api_etl_virtualenv.py for tasks to queue
[2022-03-26 12:45:01,772] {logging_mixin.py:109} INFO - [2022-03-26 12:45:01,771] {dagbag.py:500} INFO - Filling up the DagBag from /home/airflow/.local/lib/python3.7/site-packages/airflow/example_dags/tutorial_taskflow_api_etl_virtualenv.py
[2022-03-26 12:45:01,792] {processor.py:654} INFO - DAG(s) dict_keys(['tutorial_taskflow_api_etl_virtualenv']) retrieved from /home/airflow/.local/lib/python3.7/site-packages/airflow/example_dags/tutorial_taskflow_api_etl_virtualenv.py
[2022-03-26 12:45:01,901] {logging_mixin.py:109} INFO - [2022-03-26 12:45:01,901] {dag.py:2398} INFO - Sync 1 DAGs
[2022-03-26 12:45:01,909] {logging_mixin.py:109} INFO - [2022-03-26 12:45:01,909] {dag.py:2937} INFO - Setting next_dagrun for tutorial_taskflow_api_etl_virtualenv to None
[2022-03-26 12:45:01,914] {processor.py:171} INFO - Processing /home/airflow/.local/lib/python3.7/site-packages/airflow/example_dags/tutorial_taskflow_api_etl_virtualenv.py took 0.146 seconds
[2022-03-26 12:45:32,015] {processor.py:163} INFO - Started process (PID=386) to work on /home/airflow/.local/lib/python3.7/site-packages/airflow/example_dags/tutorial_taskflow_api_etl_virtualenv.py
[2022-03-26 12:45:32,017] {processor.py:642} INFO - Processing file /home/airflow/.local/lib/python3.7/site-packages/airflow/example_dags/tutorial_taskflow_api_etl_virtualenv.py for tasks to queue
[2022-03-26 12:45:32,017] {logging_mixin.py:109} INFO - [2022-03-26 12:45:32,017] {dagbag.py:500} INFO - Filling up the DagBag from /home/airflow/.local/lib/python3.7/site-packages/airflow/example_dags/tutorial_taskflow_api_etl_virtualenv.py
[2022-03-26 12:45:32,035] {processor.py:654} INFO - DAG(s) dict_keys(['tutorial_taskflow_api_etl_virtualenv']) retrieved from /home/airflow/.local/lib/python3.7/site-packages/airflow/example_dags/tutorial_taskflow_api_etl_virtualenv.py
[2022-03-26 12:45:32,149] {logging_mixin.py:109} INFO - [2022-03-26 12:45:32,149] {dag.py:2398} INFO - Sync 1 DAGs
[2022-03-26 12:45:32,159] {logging_mixin.py:109} INFO - [2022-03-26 12:45:32,159] {dag.py:2937} INFO - Setting next_dagrun for tutorial_taskflow_api_etl_virtualenv to None
[2022-03-26 12:45:32,165] {processor.py:171} INFO - Processing /home/airflow/.local/lib/python3.7/site-packages/airflow/example_dags/tutorial_taskflow_api_etl_virtualenv.py took 0.152 seconds
